<?xml version="1.0" encoding="UTF-8"?>
<testsuite xmlns:xsi="http://www.w3.org/2001/XMLSchema-instance" xsi:noNamespaceSchemaLocation="https://maven.apache.org/surefire/maven-surefire-plugin/xsd/surefire-test-report-3.0.xsd" version="3.0" name="As a librarian, I want to retrieve all users" time="29.919" tests="1" errors="0" skipped="0" failures="0">
  <properties>
    <property name="BrowserName" value="chrome,firefox"/>
    <property name="sun.desktop" value="windows"/>
    <property name="awt.toolkit" value="sun.awt.windows.WToolkit"/>
    <property name="java.specification.version" value="11"/>
    <property name="webdriver.chrome.driver" value="C:\Users\amirh\.cache\selenium\chromedriver\win32\114.0.5735.90\chromedriver.exe"/>
    <property name="sun.cpu.isalist" value="amd64"/>
    <property name="sun.jnu.encoding" value="Cp1252"/>
    <property name="java.class.path" value="C:\Users\amirh\IdeaProjects\LibraryAllInOne\target\test-classes;C:\Users\amirh\IdeaProjects\LibraryAllInOne\target\classes;C:\Users\amirh\.m2\repository\io\rest-assured\rest-assured\5.2.1\rest-assured-5.2.1.jar;C:\Users\amirh\.m2\repository\org\apache\groovy\groovy\4.0.1\groovy-4.0.1.jar;C:\Users\amirh\.m2\repository\org\apache\groovy\groovy-xml\4.0.1\groovy-xml-4.0.1.jar;C:\Users\amirh\.m2\repository\org\apache\httpcomponents\httpclient\4.5.13\httpclient-4.5.13.jar;C:\Users\amirh\.m2\repository\org\apache\httpcomponents\httpcore\4.4.13\httpcore-4.4.13.jar;C:\Users\amirh\.m2\repository\commons-logging\commons-logging\1.2\commons-logging-1.2.jar;C:\Users\amirh\.m2\repository\commons-codec\commons-codec\1.11\commons-codec-1.11.jar;C:\Users\amirh\.m2\repository\org\apache\httpcomponents\httpmime\4.5.13\httpmime-4.5.13.jar;C:\Users\amirh\.m2\repository\org\hamcrest\hamcrest\2.1\hamcrest-2.1.jar;C:\Users\amirh\.m2\repository\org\ccil\cowan\tagsoup\tagsoup\1.2.1\tagsoup-1.2.1.jar;C:\Users\amirh\.m2\repository\io\rest-assured\json-path\5.2.1\json-path-5.2.1.jar;C:\Users\amirh\.m2\repository\org\apache\groovy\groovy-json\4.0.1\groovy-json-4.0.1.jar;C:\Users\amirh\.m2\repository\io\rest-assured\rest-assured-common\5.2.1\rest-assured-common-5.2.1.jar;C:\Users\amirh\.m2\repository\io\rest-assured\xml-path\5.2.1\xml-path-5.2.1.jar;C:\Users\amirh\.m2\repository\org\seleniumhq\selenium\selenium-java\3.141.59\selenium-java-3.141.59.jar;C:\Users\amirh\.m2\repository\org\seleniumhq\selenium\selenium-api\3.141.59\selenium-api-3.141.59.jar;C:\Users\amirh\.m2\repository\org\seleniumhq\selenium\selenium-chrome-driver\3.141.59\selenium-chrome-driver-3.141.59.jar;C:\Users\amirh\.m2\repository\org\seleniumhq\selenium\selenium-edge-driver\3.141.59\selenium-edge-driver-3.141.59.jar;C:\Users\amirh\.m2\repository\org\seleniumhq\selenium\selenium-firefox-driver\3.141.59\selenium-firefox-driver-3.141.59.jar;C:\Users\amirh\.m2\repository\org\seleniumhq\selenium\selenium-ie-driver\3.141.59\selenium-ie-driver-3.141.59.jar;C:\Users\amirh\.m2\repository\org\seleniumhq\selenium\selenium-opera-driver\3.141.59\selenium-opera-driver-3.141.59.jar;C:\Users\amirh\.m2\repository\org\seleniumhq\selenium\selenium-remote-driver\3.141.59\selenium-remote-driver-3.141.59.jar;C:\Users\amirh\.m2\repository\org\seleniumhq\selenium\selenium-safari-driver\3.141.59\selenium-safari-driver-3.141.59.jar;C:\Users\amirh\.m2\repository\org\seleniumhq\selenium\selenium-support\3.141.59\selenium-support-3.141.59.jar;C:\Users\amirh\.m2\repository\net\bytebuddy\byte-buddy\1.8.15\byte-buddy-1.8.15.jar;C:\Users\amirh\.m2\repository\org\apache\commons\commons-exec\1.3\commons-exec-1.3.jar;C:\Users\amirh\.m2\repository\com\google\guava\guava\25.0-jre\guava-25.0-jre.jar;C:\Users\amirh\.m2\repository\com\google\code\findbugs\jsr305\1.3.9\jsr305-1.3.9.jar;C:\Users\amirh\.m2\repository\org\checkerframework\checker-compat-qual\2.0.0\checker-compat-qual-2.0.0.jar;C:\Users\amirh\.m2\repository\com\google\errorprone\error_prone_annotations\2.1.3\error_prone_annotations-2.1.3.jar;C:\Users\amirh\.m2\repository\com\google\j2objc\j2objc-annotations\1.1\j2objc-annotations-1.1.jar;C:\Users\amirh\.m2\repository\org\codehaus\mojo\animal-sniffer-annotations\1.14\animal-sniffer-annotations-1.14.jar;C:\Users\amirh\.m2\repository\com\squareup\okhttp3\okhttp\3.11.0\okhttp-3.11.0.jar;C:\Users\amirh\.m2\repository\com\squareup\okio\okio\1.14.0\okio-1.14.0.jar;C:\Users\amirh\.m2\repository\io\github\bonigarcia\webdrivermanager\5.1.0\webdrivermanager-5.1.0.jar;C:\Users\amirh\.m2\repository\org\slf4j\slf4j-api\1.7.36\slf4j-api-1.7.36.jar;C:\Users\amirh\.m2\repository\com\google\code\gson\gson\2.9.0\gson-2.9.0.jar;C:\Users\amirh\.m2\repository\com\github\docker-java\docker-java\3.2.13\docker-java-3.2.13.jar;C:\Users\amirh\.m2\repository\com\github\docker-java\docker-java-core\3.2.13\docker-java-core-3.2.13.jar;C:\Users\amirh\.m2\repository\com\github\docker-java\docker-java-api\3.2.13\docker-java-api-3.2.13.jar;C:\Users\amirh\.m2\repository\org\apache\commons\commons-compress\1.21\commons-compress-1.21.jar;C:\Users\amirh\.m2\repository\org\bouncycastle\bcpkix-jdk15on\1.64\bcpkix-jdk15on-1.64.jar;C:\Users\amirh\.m2\repository\org\bouncycastle\bcprov-jdk15on\1.64\bcprov-jdk15on-1.64.jar;C:\Users\amirh\.m2\repository\org\slf4j\jcl-over-slf4j\1.7.30\jcl-over-slf4j-1.7.30.jar;C:\Users\amirh\.m2\repository\com\github\docker-java\docker-java-transport-httpclient5\3.2.13\docker-java-transport-httpclient5-3.2.13.jar;C:\Users\amirh\.m2\repository\com\github\docker-java\docker-java-transport\3.2.13\docker-java-transport-3.2.13.jar;C:\Users\amirh\.m2\repository\org\apache\httpcomponents\client5\httpclient5\5.0.3\httpclient5-5.0.3.jar;C:\Users\amirh\.m2\repository\org\apache\httpcomponents\core5\httpcore5\5.0.2\httpcore5-5.0.2.jar;C:\Users\amirh\.m2\repository\net\java\dev\jna\jna\5.8.0\jna-5.8.0.jar;C:\Users\amirh\.m2\repository\org\brotli\dec\0.1.2\dec-0.1.2.jar;C:\Users\amirh\.m2\repository\org\apache\commons\commons-lang3\3.12.0\commons-lang3-3.12.0.jar;C:\Users\amirh\.m2\repository\com\github\javafaker\javafaker\1.0.2\javafaker-1.0.2.jar;C:\Users\amirh\.m2\repository\org\yaml\snakeyaml\1.23\snakeyaml-1.23-android.jar;C:\Users\amirh\.m2\repository\com\github\mifmif\generex\1.0.2\generex-1.0.2.jar;C:\Users\amirh\.m2\repository\dk\brics\automaton\automaton\1.11-8\automaton-1.11-8.jar;C:\Users\amirh\.m2\repository\io\cucumber\cucumber-java\7.2.3\cucumber-java-7.2.3.jar;C:\Users\amirh\.m2\repository\io\cucumber\cucumber-core\7.2.3\cucumber-core-7.2.3.jar;C:\Users\amirh\.m2\repository\io\cucumber\cucumber-gherkin\7.2.3\cucumber-gherkin-7.2.3.jar;C:\Users\amirh\.m2\repository\io\cucumber\cucumber-gherkin-messages\7.2.3\cucumber-gherkin-messages-7.2.3.jar;C:\Users\amirh\.m2\repository\io\cucumber\messages\17.1.1\messages-17.1.1.jar;C:\Users\amirh\.m2\repository\io\cucumber\tag-expressions\4.1.0\tag-expressions-4.1.0.jar;C:\Users\amirh\.m2\repository\io\cucumber\cucumber-expressions\15.0.1\cucumber-expressions-15.0.1.jar;C:\Users\amirh\.m2\repository\io\cucumber\datatable\7.2.3\datatable-7.2.3.jar;C:\Users\amirh\.m2\repository\io\cucumber\cucumber-plugin\7.2.3\cucumber-plugin-7.2.3.jar;C:\Users\amirh\.m2\repository\io\cucumber\docstring\7.2.3\docstring-7.2.3.jar;C:\Users\amirh\.m2\repository\io\cucumber\html-formatter\17.0.0\html-formatter-17.0.0.jar;C:\Users\amirh\.m2\repository\io\cucumber\ci-environment\8.1.0\ci-environment-8.1.0.jar;C:\Users\amirh\.m2\repository\org\apiguardian\apiguardian-api\1.1.2\apiguardian-api-1.1.2.jar;C:\Users\amirh\.m2\repository\io\cucumber\cucumber-junit\7.2.3\cucumber-junit-7.2.3.jar;C:\Users\amirh\.m2\repository\junit\junit\4.13.2\junit-4.13.2.jar;C:\Users\amirh\.m2\repository\org\hamcrest\hamcrest-core\1.3\hamcrest-core-1.3.jar;C:\Users\amirh\.m2\repository\me\jvt\cucumber\reporting-plugin\7.2.0\reporting-plugin-7.2.0.jar;C:\Users\amirh\.m2\repository\io\cucumber\gherkin\22.0.0\gherkin-22.0.0.jar;C:\Users\amirh\.m2\repository\net\masterthought\cucumber-reporting\5.6.1\cucumber-reporting-5.6.1.jar;C:\Users\amirh\.m2\repository\com\fasterxml\jackson\datatype\jackson-datatype-jsr310\2.12.1\jackson-datatype-jsr310-2.12.1.jar;C:\Users\amirh\.m2\repository\org\apache\velocity\velocity-engine-core\2.3\velocity-engine-core-2.3.jar;C:\Users\amirh\.m2\repository\commons-collections\commons-collections\3.2.2\commons-collections-3.2.2.jar;C:\Users\amirh\.m2\repository\joda-time\joda-time\2.10.10\joda-time-2.10.10.jar;C:\Users\amirh\.m2\repository\commons-io\commons-io\2.7\commons-io-2.7.jar;C:\Users\amirh\.m2\repository\org\codehaus\plexus\plexus-utils\3.3.0\plexus-utils-3.3.0.jar;C:\Users\amirh\.m2\repository\org\jsoup\jsoup\1.14.2\jsoup-1.14.2.jar;C:\Users\amirh\.m2\repository\com\googlecode\owasp-java-html-sanitizer\owasp-java-html-sanitizer\20211018.2\owasp-java-html-sanitizer-20211018.2.jar;C:\Users\amirh\.m2\repository\commons-configuration\commons-configuration\1.10\commons-configuration-1.10.jar;C:\Users\amirh\.m2\repository\commons-lang\commons-lang\2.6\commons-lang-2.6.jar;C:\Users\amirh\.m2\repository\mysql\mysql-connector-java\8.0.25\mysql-connector-java-8.0.25.jar;C:\Users\amirh\.m2\repository\com\google\protobuf\protobuf-java\3.11.4\protobuf-java-3.11.4.jar;C:\Users\amirh\.m2\repository\com\fasterxml\jackson\core\jackson-databind\2.13.0\jackson-databind-2.13.0.jar;C:\Users\amirh\.m2\repository\com\fasterxml\jackson\core\jackson-annotations\2.13.0\jackson-annotations-2.13.0.jar;C:\Users\amirh\.m2\repository\com\fasterxml\jackson\core\jackson-core\2.13.0\jackson-core-2.13.0.jar;"/>
    <property name="java.vm.vendor" value="Oracle Corporation"/>
    <property name="sun.arch.data.model" value="64"/>
    <property name="user.variant" value=""/>
    <property name="java.vendor.url" value="https://openjdk.java.net/"/>
    <property name="user.timezone" value="America/New_York"/>
    <property name="user.country.format" value="AS"/>
    <property name="java.vm.specification.version" value="11"/>
    <property name="os.name" value="Windows 10"/>
    <property name="sun.java.launcher" value="SUN_STANDARD"/>
    <property name="user.country" value="US"/>
    <property name="sun.boot.library.path" value="C:\Program Files\Java\jdk-11.0.12\bin"/>
    <property name="sun.java.command" value="C:\Users\amirh\AppData\Local\Temp\surefire10531916728329473479\surefirebooter8600609547292073417.jar C:\Users\amirh\AppData\Local\Temp\surefire10531916728329473479 2023-07-30T11-31-59_635-jvmRun1 surefire4303709036406556815tmp surefire_04059998992266041000tmp"/>
    <property name="jdk.debug" value="release"/>
    <property name="surefire.test.class.path" value="C:\Users\amirh\IdeaProjects\LibraryAllInOne\target\test-classes;C:\Users\amirh\IdeaProjects\LibraryAllInOne\target\classes;C:\Users\amirh\.m2\repository\io\rest-assured\rest-assured\5.2.1\rest-assured-5.2.1.jar;C:\Users\amirh\.m2\repository\org\apache\groovy\groovy\4.0.1\groovy-4.0.1.jar;C:\Users\amirh\.m2\repository\org\apache\groovy\groovy-xml\4.0.1\groovy-xml-4.0.1.jar;C:\Users\amirh\.m2\repository\org\apache\httpcomponents\httpclient\4.5.13\httpclient-4.5.13.jar;C:\Users\amirh\.m2\repository\org\apache\httpcomponents\httpcore\4.4.13\httpcore-4.4.13.jar;C:\Users\amirh\.m2\repository\commons-logging\commons-logging\1.2\commons-logging-1.2.jar;C:\Users\amirh\.m2\repository\commons-codec\commons-codec\1.11\commons-codec-1.11.jar;C:\Users\amirh\.m2\repository\org\apache\httpcomponents\httpmime\4.5.13\httpmime-4.5.13.jar;C:\Users\amirh\.m2\repository\org\hamcrest\hamcrest\2.1\hamcrest-2.1.jar;C:\Users\amirh\.m2\repository\org\ccil\cowan\tagsoup\tagsoup\1.2.1\tagsoup-1.2.1.jar;C:\Users\amirh\.m2\repository\io\rest-assured\json-path\5.2.1\json-path-5.2.1.jar;C:\Users\amirh\.m2\repository\org\apache\groovy\groovy-json\4.0.1\groovy-json-4.0.1.jar;C:\Users\amirh\.m2\repository\io\rest-assured\rest-assured-common\5.2.1\rest-assured-common-5.2.1.jar;C:\Users\amirh\.m2\repository\io\rest-assured\xml-path\5.2.1\xml-path-5.2.1.jar;C:\Users\amirh\.m2\repository\org\seleniumhq\selenium\selenium-java\3.141.59\selenium-java-3.141.59.jar;C:\Users\amirh\.m2\repository\org\seleniumhq\selenium\selenium-api\3.141.59\selenium-api-3.141.59.jar;C:\Users\amirh\.m2\repository\org\seleniumhq\selenium\selenium-chrome-driver\3.141.59\selenium-chrome-driver-3.141.59.jar;C:\Users\amirh\.m2\repository\org\seleniumhq\selenium\selenium-edge-driver\3.141.59\selenium-edge-driver-3.141.59.jar;C:\Users\amirh\.m2\repository\org\seleniumhq\selenium\selenium-firefox-driver\3.141.59\selenium-firefox-driver-3.141.59.jar;C:\Users\amirh\.m2\repository\org\seleniumhq\selenium\selenium-ie-driver\3.141.59\selenium-ie-driver-3.141.59.jar;C:\Users\amirh\.m2\repository\org\seleniumhq\selenium\selenium-opera-driver\3.141.59\selenium-opera-driver-3.141.59.jar;C:\Users\amirh\.m2\repository\org\seleniumhq\selenium\selenium-remote-driver\3.141.59\selenium-remote-driver-3.141.59.jar;C:\Users\amirh\.m2\repository\org\seleniumhq\selenium\selenium-safari-driver\3.141.59\selenium-safari-driver-3.141.59.jar;C:\Users\amirh\.m2\repository\org\seleniumhq\selenium\selenium-support\3.141.59\selenium-support-3.141.59.jar;C:\Users\amirh\.m2\repository\net\bytebuddy\byte-buddy\1.8.15\byte-buddy-1.8.15.jar;C:\Users\amirh\.m2\repository\org\apache\commons\commons-exec\1.3\commons-exec-1.3.jar;C:\Users\amirh\.m2\repository\com\google\guava\guava\25.0-jre\guava-25.0-jre.jar;C:\Users\amirh\.m2\repository\com\google\code\findbugs\jsr305\1.3.9\jsr305-1.3.9.jar;C:\Users\amirh\.m2\repository\org\checkerframework\checker-compat-qual\2.0.0\checker-compat-qual-2.0.0.jar;C:\Users\amirh\.m2\repository\com\google\errorprone\error_prone_annotations\2.1.3\error_prone_annotations-2.1.3.jar;C:\Users\amirh\.m2\repository\com\google\j2objc\j2objc-annotations\1.1\j2objc-annotations-1.1.jar;C:\Users\amirh\.m2\repository\org\codehaus\mojo\animal-sniffer-annotations\1.14\animal-sniffer-annotations-1.14.jar;C:\Users\amirh\.m2\repository\com\squareup\okhttp3\okhttp\3.11.0\okhttp-3.11.0.jar;C:\Users\amirh\.m2\repository\com\squareup\okio\okio\1.14.0\okio-1.14.0.jar;C:\Users\amirh\.m2\repository\io\github\bonigarcia\webdrivermanager\5.1.0\webdrivermanager-5.1.0.jar;C:\Users\amirh\.m2\repository\org\slf4j\slf4j-api\1.7.36\slf4j-api-1.7.36.jar;C:\Users\amirh\.m2\repository\com\google\code\gson\gson\2.9.0\gson-2.9.0.jar;C:\Users\amirh\.m2\repository\com\github\docker-java\docker-java\3.2.13\docker-java-3.2.13.jar;C:\Users\amirh\.m2\repository\com\github\docker-java\docker-java-core\3.2.13\docker-java-core-3.2.13.jar;C:\Users\amirh\.m2\repository\com\github\docker-java\docker-java-api\3.2.13\docker-java-api-3.2.13.jar;C:\Users\amirh\.m2\repository\org\apache\commons\commons-compress\1.21\commons-compress-1.21.jar;C:\Users\amirh\.m2\repository\org\bouncycastle\bcpkix-jdk15on\1.64\bcpkix-jdk15on-1.64.jar;C:\Users\amirh\.m2\repository\org\bouncycastle\bcprov-jdk15on\1.64\bcprov-jdk15on-1.64.jar;C:\Users\amirh\.m2\repository\org\slf4j\jcl-over-slf4j\1.7.30\jcl-over-slf4j-1.7.30.jar;C:\Users\amirh\.m2\repository\com\github\docker-java\docker-java-transport-httpclient5\3.2.13\docker-java-transport-httpclient5-3.2.13.jar;C:\Users\amirh\.m2\repository\com\github\docker-java\docker-java-transport\3.2.13\docker-java-transport-3.2.13.jar;C:\Users\amirh\.m2\repository\org\apache\httpcomponents\client5\httpclient5\5.0.3\httpclient5-5.0.3.jar;C:\Users\amirh\.m2\repository\org\apache\httpcomponents\core5\httpcore5\5.0.2\httpcore5-5.0.2.jar;C:\Users\amirh\.m2\repository\net\java\dev\jna\jna\5.8.0\jna-5.8.0.jar;C:\Users\amirh\.m2\repository\org\brotli\dec\0.1.2\dec-0.1.2.jar;C:\Users\amirh\.m2\repository\org\apache\commons\commons-lang3\3.12.0\commons-lang3-3.12.0.jar;C:\Users\amirh\.m2\repository\com\github\javafaker\javafaker\1.0.2\javafaker-1.0.2.jar;C:\Users\amirh\.m2\repository\org\yaml\snakeyaml\1.23\snakeyaml-1.23-android.jar;C:\Users\amirh\.m2\repository\com\github\mifmif\generex\1.0.2\generex-1.0.2.jar;C:\Users\amirh\.m2\repository\dk\brics\automaton\automaton\1.11-8\automaton-1.11-8.jar;C:\Users\amirh\.m2\repository\io\cucumber\cucumber-java\7.2.3\cucumber-java-7.2.3.jar;C:\Users\amirh\.m2\repository\io\cucumber\cucumber-core\7.2.3\cucumber-core-7.2.3.jar;C:\Users\amirh\.m2\repository\io\cucumber\cucumber-gherkin\7.2.3\cucumber-gherkin-7.2.3.jar;C:\Users\amirh\.m2\repository\io\cucumber\cucumber-gherkin-messages\7.2.3\cucumber-gherkin-messages-7.2.3.jar;C:\Users\amirh\.m2\repository\io\cucumber\messages\17.1.1\messages-17.1.1.jar;C:\Users\amirh\.m2\repository\io\cucumber\tag-expressions\4.1.0\tag-expressions-4.1.0.jar;C:\Users\amirh\.m2\repository\io\cucumber\cucumber-expressions\15.0.1\cucumber-expressions-15.0.1.jar;C:\Users\amirh\.m2\repository\io\cucumber\datatable\7.2.3\datatable-7.2.3.jar;C:\Users\amirh\.m2\repository\io\cucumber\cucumber-plugin\7.2.3\cucumber-plugin-7.2.3.jar;C:\Users\amirh\.m2\repository\io\cucumber\docstring\7.2.3\docstring-7.2.3.jar;C:\Users\amirh\.m2\repository\io\cucumber\html-formatter\17.0.0\html-formatter-17.0.0.jar;C:\Users\amirh\.m2\repository\io\cucumber\ci-environment\8.1.0\ci-environment-8.1.0.jar;C:\Users\amirh\.m2\repository\org\apiguardian\apiguardian-api\1.1.2\apiguardian-api-1.1.2.jar;C:\Users\amirh\.m2\repository\io\cucumber\cucumber-junit\7.2.3\cucumber-junit-7.2.3.jar;C:\Users\amirh\.m2\repository\junit\junit\4.13.2\junit-4.13.2.jar;C:\Users\amirh\.m2\repository\org\hamcrest\hamcrest-core\1.3\hamcrest-core-1.3.jar;C:\Users\amirh\.m2\repository\me\jvt\cucumber\reporting-plugin\7.2.0\reporting-plugin-7.2.0.jar;C:\Users\amirh\.m2\repository\io\cucumber\gherkin\22.0.0\gherkin-22.0.0.jar;C:\Users\amirh\.m2\repository\net\masterthought\cucumber-reporting\5.6.1\cucumber-reporting-5.6.1.jar;C:\Users\amirh\.m2\repository\com\fasterxml\jackson\datatype\jackson-datatype-jsr310\2.12.1\jackson-datatype-jsr310-2.12.1.jar;C:\Users\amirh\.m2\repository\org\apache\velocity\velocity-engine-core\2.3\velocity-engine-core-2.3.jar;C:\Users\amirh\.m2\repository\commons-collections\commons-collections\3.2.2\commons-collections-3.2.2.jar;C:\Users\amirh\.m2\repository\joda-time\joda-time\2.10.10\joda-time-2.10.10.jar;C:\Users\amirh\.m2\repository\commons-io\commons-io\2.7\commons-io-2.7.jar;C:\Users\amirh\.m2\repository\org\codehaus\plexus\plexus-utils\3.3.0\plexus-utils-3.3.0.jar;C:\Users\amirh\.m2\repository\org\jsoup\jsoup\1.14.2\jsoup-1.14.2.jar;C:\Users\amirh\.m2\repository\com\googlecode\owasp-java-html-sanitizer\owasp-java-html-sanitizer\20211018.2\owasp-java-html-sanitizer-20211018.2.jar;C:\Users\amirh\.m2\repository\commons-configuration\commons-configuration\1.10\commons-configuration-1.10.jar;C:\Users\amirh\.m2\repository\commons-lang\commons-lang\2.6\commons-lang-2.6.jar;C:\Users\amirh\.m2\repository\mysql\mysql-connector-java\8.0.25\mysql-connector-java-8.0.25.jar;C:\Users\amirh\.m2\repository\com\google\protobuf\protobuf-java\3.11.4\protobuf-java-3.11.4.jar;C:\Users\amirh\.m2\repository\com\fasterxml\jackson\core\jackson-databind\2.13.0\jackson-databind-2.13.0.jar;C:\Users\amirh\.m2\repository\com\fasterxml\jackson\core\jackson-annotations\2.13.0\jackson-annotations-2.13.0.jar;C:\Users\amirh\.m2\repository\com\fasterxml\jackson\core\jackson-core\2.13.0\jackson-core-2.13.0.jar;"/>
    <property name="sun.cpu.endian" value="little"/>
    <property name="user.home" value="C:\Users\amirh"/>
    <property name="user.language" value="en"/>
    <property name="java.specification.vendor" value="Oracle Corporation"/>
    <property name="java.version.date" value="2021-07-20"/>
    <property name="java.home" value="C:\Program Files\Java\jdk-11.0.12"/>
    <property name="file.separator" value="\"/>
    <property name="basedir" value="C:\Users\amirh\IdeaProjects\LibraryAllInOne"/>
    <property name="java.vm.compressedOopsMode" value="Zero based"/>
    <property name="line.separator" value="&#10;"/>
    <property name="java.specification.name" value="Java Platform API Specification"/>
    <property name="java.vm.specification.vendor" value="Oracle Corporation"/>
    <property name="java.awt.graphicsenv" value="sun.awt.Win32GraphicsEnvironment"/>
    <property name="surefire.forkCount" value="2"/>
    <property name="surefire.real.class.path" value="C:\Users\amirh\AppData\Local\Temp\surefire10531916728329473479\surefirebooter8600609547292073417.jar"/>
    <property name="user.script" value=""/>
    <property name="sun.management.compiler" value="HotSpot 64-Bit Tiered Compilers"/>
    <property name="java.runtime.version" value="11.0.12+8-LTS-237"/>
    <property name="user.name" value="amirh"/>
    <property name="path.separator" value=";"/>
    <property name="os.version" value="10.0"/>
    <property name="java.runtime.name" value="Java(TM) SE Runtime Environment"/>
    <property name="file.encoding" value="Cp1252"/>
    <property name="java.vm.name" value="Java HotSpot(TM) 64-Bit Server VM"/>
    <property name="java.vendor.version" value="18.9"/>
    <property name="localRepository" value="C:\Users\amirh\.m2\repository"/>
    <property name="java.vendor.url.bug" value="https://bugreport.java.com/bugreport/"/>
    <property name="java.io.tmpdir" value="C:\Users\amirh\AppData\Local\Temp\"/>
    <property name="idea.version" value="2022.3"/>
    <property name="java.version" value="11.0.12"/>
    <property name="cucumber.filter.tags" value="@ui"/>
    <property name="user.dir" value="C:\Users\amirh\IdeaProjects\LibraryAllInOne"/>
    <property name="os.arch" value="amd64"/>
    <property name="java.vm.specification.name" value="Java Virtual Machine Specification"/>
    <property name="java.awt.printerjob" value="sun.awt.windows.WPrinterJob"/>
    <property name="sun.os.patch.level" value=""/>
    <property name="java.library.path" value="C:\Program Files\Java\jdk-11.0.12\bin;C:\WINDOWS\Sun\Java\bin;C:\WINDOWS\system32;C:\WINDOWS;C:\Program Files (x86)\Razer Chroma SDK\bin;C:\Program Files\Razer Chroma SDK\bin;C:\Program Files (x86)\Razer\ChromaBroadcast\bin;C:\Program Files\Razer\ChromaBroadcast\bin;C:\Python311\Scripts\;C:\Python311\;C:\Program Files\Common Files\Oracle\Java\javapath;C:\Program Files (x86)\Intel\iCLS Client\;C:\Program Files\Intel\iCLS Client\;C:\windows\system32;C:\windows;C:\windows\System32\Wbem;C:\windows\System32\WindowsPowerShell\v1.0\;C:\Program Files (x86)\Intel\Intel(R) Management Engine Components\DAL;C:\Program Files\Intel\Intel(R) Management Engine Components\DAL;C:\Program Files (x86)\Intel\Intel(R) Management Engine Components\IPT;C:\Program Files\Intel\Intel(R) Management Engine Components\IPT;C:\Program Files (x86)\NVIDIA Corporation\PhysX\Common;C:\Program Files\Intel\WiFi\bin\;C:\Program Files\Common Files\Intel\WirelessCommon\;C:\WINDOWS\system32;C:\WINDOWS;C:\WINDOWS\System32\Wbem;C:\WINDOWS\System32\WindowsPowerShell\v1.0\;C:\WINDOWS\System32\OpenSSH\;C:\Program Files\Git\cmd;C:\Program Files\NVIDIA Corporation\NVIDIA NvDLISR;C:\Program Files\Docker\Docker\resources\bin;C:\Program Files\nodejs\;C:\ProgramData\chocolatey\bin;C:\Users\amirh\AppData\Local\Android\Sdk\tools;C:\Users\amirh\AppData\Local\Android\Sdk\platform-tools;C:\Program Files (x86)\Groovy\bin;C:\WINDOWS\system32\config\systemprofile\AppData\Local\Microsoft\WindowsApps;C:\Program Files\PuTTY\;C:\Program Files\Amazon\AWSCLIV2\;C:\Program Files\MySQL\MySQL Utilities 1.6\;C:\Program Files\MySQL\MySQL Shell 8.0\bin\;C:\Users\amirh\AppData\Local\Microsoft\WindowsApps;C:\Users\amirh\AppData\Local\Programs\Microsoft VS Code\bin;C:\Users\amirh\AppData\Roaming\npm;C:\Program Files\MySQL\MySQL Shell 8.0\bin\;C:\Users\amirh\AppData\Local\Microsoft\WindowsApps;;C:\Users\amirh\AppData\Local\Programs\Microsoft VS Code\bin;C:\Users\amirh\AppData\Roaming\npm;."/>
    <property name="java.vendor" value="Oracle Corporation"/>
    <property name="java.vm.info" value="mixed mode"/>
    <property name="java.vm.version" value="11.0.12+8-LTS-237"/>
    <property name="sun.io.unicode.encoding" value="UnicodeLittle"/>
    <property name="java.class.version" value="55.0"/>
  </properties>
  <testcase name="Retrieve all users from the API endpoint" classname="As a librarian, I want to retrieve all users" time="29.919">
    <system-out><![CDATA[HTTP/1.1 200 OK
Date: Sun, 30 Jul 2023 15:32:39 GMT
Server: Apache/2.4.18 (Ubuntu)
Access-Control-Allow-Origin: *
Access-Control-Expose-Headers: Content-Length, X-JSON
Access-Control-Allow-Methods: GET, POST, PATCH, PUT, DELETE, OPTIONS
Access-Control-Allow-Headers: *
Content-Length: 600
Keep-Alive: timeout=5, max=100
Connection: Keep-Alive
Content-Type: application/json; charset=utf-8

{
    "token": "eyJ0eXAiOiJKV1QiLCJhbGciOiJIUzI1NiJ9.eyJ1c2VyIjp7ImlkIjoiNTgyMiIsImZ1bGxfbmFtZSI6IlRlc3QgTGlicmFyaWFuIDEwIiwiZW1haWwiOiJsaWJyYXJpYW4xMEBsaWJyYXJ5IiwidXNlcl9ncm91cF9pZCI6IjIifSwiaWF0IjoxNjkwNzMxMTU5LCJleHAiOjE2OTMzMjMxNTl9.CNxH3lWjmKEQQgRtuOMUQx5vqpmrC_Vg42P7kRzxYmo",
    "redirect_uri": "//library2.cydeo.com/redirect.html?t=eyJ0eXAiOiJKV1QiLCJhbGciOiJIUzI1NiJ9.eyJ1c2VyIjp7ImlkIjoiNTgyMiIsImZ1bGxfbmFtZSI6IlRlc3QgTGlicmFyaWFuIDEwIiwiZW1haWwiOiJsaWJyYXJpYW4xMEBsaWJyYXJ5IiwidXNlcl9ncm91cF9pZCI6IjIifSwiaWF0IjoxNjkwNzMxMTU5LCJleHAiOjE2OTMzMjMxNTl9.CNxH3lWjmKEQQgRtuOMUQx5vqpmrC_Vg42P7kRzxYmo"
}
Request URI:	https://library2.cydeo.com/rest/v1/get_all_users
HTTP/1.1 200 OK
Date: Sun, 30 Jul 2023 15:32:42 GMT
Server: Apache/2.4.18 (Ubuntu)
Access-Control-Allow-Origin: *
Access-Control-Expose-Headers: Content-Length, X-JSON
Access-Control-Allow-Methods: GET, POST, PATCH, PUT, DELETE, OPTIONS
Access-Control-Allow-Headers: *
Content-Length: 108887
Keep-Alive: timeout=5, max=100
Connection: Keep-Alive
Content-Type: application/json; charset=utf-8

[
    {
        "id": "1",
        "name": "Admin"
    },
    {
        "id": "5734",
        "name": "Berniece Altenwerth"
    },
    {
        "id": "5735",
        "name": "Lamar Littel"
    },
    {
        "id": "5736",
        "name": "Freddy Walsh"
    },
    {
        "id": "5737",
        "name": "Dr. Joseph Tremblay"
    },
    {
        "id": "5738",
        "name": "Simona Bartell"
    },
    {
        "id": "5739",
        "name": "Ginette Becker"
    },
    {
        "id": "5740",
        "name": "Dreama Swaniawski Sr."
    },
    {
        "id": "5741",
        "name": "Shavon Hane"
    },
    {
        "id": "5742",
        "name": "Tenesha O'Conner"
    },
    {
        "id": "5743",
        "name": "Dr. Jesse Kling"
    },
    {
        "id": "5744",
        "name": "Muoi Yost"
    },
    {
        "id": "5745",
        "name": "Shannon O'Kon "
    },
    {
        "id": "5746",
        "name": "Porsha Muller MD"
    },
    {
        "id": "5747",
        "name": "Gabrielle Shanahan"
    },
    {
        "id": "5748",
        "name": "Mazie Fay"
    },
    {
        "id": "5749",
        "name": "Russel Runte"
    },
    {
        "id": "5750",
        "name": "Dania Trantow"
    },
    {
        "id": "5751",
        "name": "Emanuel Weimann"
    },
    {
        "id": "5752",
        "name": "Brittaney Koch"
    },
    {
        "id": "5753",
        "name": "Test Student 1"
    },
    {
        "id": "5754",
        "name": "Test Student 2"
    },
    {
        "id": "5755",
        "name": "Test Student 3"
    },
    {
        "id": "5756",
        "name": "Test Student 4"
    },
    {
        "id": "5757",
        "name": "Test Student 5"
    },
    {
        "id": "5758",
        "name": "Test Student 6"
    },
    {
        "id": "5759",
        "name": "Test Student 7"
    },
    {
        "id": "5760",
        "name": "Test Student 8"
    },
    {
        "id": "5761",
        "name": "Test Student 9"
    },
    {
        "id": "5762",
        "name": "Test Student 10"
    },
    {
        "id": "5763",
        "name": "Test Student 11"
    },
    {
        "id": "5764",
        "name": "Test Student 12"
    },
    {
        "id": "5765",
        "name": "Test Student 13"
    },
    {
        "id": "5766",
        "name": "Test Student 14"
    },
    {
        "id": "5767",
        "name": "Test Student 15"
    },
    {
        "id": "5768",
        "name": "Test Student 16"
    },
    {
        "id": "5769",
        "name": "Test Student 17"
    },
    {
        "id": "5770",
        "name": "Test Student 18"
    },
    {
        "id": "5771",
        "name": "Test Student 19"
    },
    {
        "id": "5772",
        "name": "Test Student 20"
    },
    {
        "id": "5773",
        "name": "Test Student 21"
    },
    {
        "id": "5774",
        "name": "Test Student 22"
    },
    {
        "id": "5775",
        "name": "Test Student 23"
    },
    {
        "id": "5776",
        "name": "Test Student 24"
    },
    {
        "id": "5777",
        "name": "Test Student 25"
    },
    {
        "id": "5778",
        "name": "Test Student 26"
    },
    {
        "id": "5779",
        "name": "Test Student 27"
    },
    {
        "id": "5780",
        "name": "Test Student 28"
    },
    {
        "id": "5781",
        "name": "Test Student 29"
    },
    {
        "id": "5782",
        "name": "Test Student 30"
    },
    {
        "id": "5783",
        "name": "Test Student 31"
    },
    {
        "id": "5784",
        "name": "Test Student 32"
    },
    {
        "id": "5785",
        "name": "Test Student 33"
    },
    {
        "id": "5786",
        "name": "Test Student 34"
    },
    {
        "id": "5787",
        "name": "Test Student 35"
    },
    {
        "id": "5788",
        "name": "Test Student 36"
    },
    {
        "id": "5789",
        "name": "Test Student 37"
    },
    {
        "id": "5790",
        "name": "Test Student 38"
    },
    {
        "id": "5791",
        "name": "Test Student 39"
    },
    {
        "id": "5792",
        "name": "Test Student 40"
    },
    {
        "id": "5793",
        "name": "Test Student 41"
    },
    {
        "id": "5794",
        "name": "Test Student 42"
    },
    {
        "id": "5795",
        "name": "Test Student 43"
    },
    {
        "id": "5796",
        "name": "Test Student 44"
    },
    {
        "id": "5797",
        "name": "Test Student 45"
    },
    {
        "id": "5798",
        "name": "Test Student 46"
    },
    {
        "id": "5799",
        "name": "Test Student 47"
    },
    {
        "id": "5800",
        "name": "Test Student 48"
    },
    {
        "id": "5801",
        "name": "Test Student 49"
    },
    {
        "id": "5802",
        "name": "Test Student 50"
    },
    {
        "id": "5803",
        "name": "Test Student 51"
    },
    {
        "id": "5804",
        "name": "Test Student 52"
    },
    {
        "id": "5805",
        "name": "Test Student 53"
    },
    {
        "id": "5806",
        "name": "Test Student 54"
    },
    {
        "id": "5807",
        "name": "Test Student 55"
    },
    {
        "id": "5808",
        "name": "Test Student 56"
    },
    {
        "id": "5809",
        "name": "Test Student 57"
    },
    {
        "id": "5810",
        "name": "Test Student 58"
    },
    {
        "id": "5811",
        "name": "Test Student 59"
    },
    {
        "id": "5812",
        "name": "Test Student 60"
    },
    {
        "id": "5813",
        "name": "Test Librarian 1"
    },
    {
        "id": "5814",
        "name": "Test Librarian 2"
    },
    {
        "id": "5815",
        "name": "Test Librarian 3"
    },
    {
        "id": "5816",
        "name": "Test Librarian 4"
    },
    {
        "id": "5817",
        "name": "Test Librarian 5"
    },
    {
        "id": "5818",
        "name": "Test Librarian 6"
    },
    {
        "id": "5819",
        "name": "Test Librarian 7"
    },
    {
        "id": "5820",
        "name": "Test Librarian 8"
    },
    {
        "id": "5821",
        "name": "Test Librarian 9"
    },
    {
        "id": "5822",
        "name": "Test Librarian 10"
    },
    {
        "id": "5823",
        "name": "Test Librarian 11"
    },
    {
        "id": "5824",
        "name": "Test Librarian 12"
    },
    {
        "id": "5825",
        "name": "Test Librarian 13"
    },
    {
        "id": "5826",
        "name": "Test Librarian 14"
    },
    {
        "id": "5827",
        "name": "Test Librarian 15"
    },
    {
        "id": "5828",
        "name": "Test Librarian 16"
    },
    {
        "id": "5829",
        "name": "Test Librarian 17"
    },
    {
        "id": "5830",
        "name": "Test Librarian 18"
    },
    {
        "id": "5831",
        "name": "Test Librarian 19"
    },
    {
        "id": "5832",
        "name": "Test Librarian 20"
    },
    {
        "id": "5833",
        "name": "Test Librarian 21"
    },
    {
        "id": "5834",
        "name": "Test Librarian 22"
    },
    {
        "id": "5835",
        "name": "Test Librarian 23"
    },
    {
        "id": "5836",
        "name": "Test Librarian 24"
    },
    {
        "id": "5837",
        "name": "Test Librarian 25"
    },
    {
        "id": "5838",
        "name": "Test Librarian 26"
    },
    {
        "id": "5839",
        "name": "Test Librarian 27"
    },
    {
        "id": "5840",
        "name": "Test Librarian 28"
    },
    {
        "id": "5841",
        "name": "Test Librarian 29"
    },
    {
        "id": "5842",
        "name": "Test Librarian 30"
    },
    {
        "id": "5843",
        "name": "Test Librarian 31"
    },
    {
        "id": "5844",
        "name": "Test Librarian 32"
    },
    {
        "id": "5845",
        "name": "Test Librarian 33"
    },
    {
        "id": "5846",
        "name": "Test Librarian 34"
    },
    {
        "id": "5847",
        "name": "Test Librarian 35"
    },
    {
        "id": "5848",
        "name": "Test Librarian 36"
    },
    {
        "id": "5849",
        "name": "Test Librarian 37"
    },
    {
        "id": "5850",
        "name": "Test Librarian 38"
    },
    {
        "id": "5851",
        "name": "Test Librarian 39"
    },
    {
        "id": "5852",
        "name": "Test Librarian 40"
    },
    {
        "id": "5853",
        "name": "Test Librarian 41"
    },
    {
        "id": "5854",
        "name": "Test Librarian 42"
    },
    {
        "id": "5855",
        "name": "Test Librarian 43"
    },
    {
        "id": "5856",
        "name": "Test Librarian 44"
    },
    {
        "id": "5857",
        "name": "Test Librarian 45"
    },
    {
        "id": "5858",
        "name": "Test Librarian 46"
    },
    {
        "id": "5859",
        "name": "Test Librarian 47"
    },
    {
        "id": "5860",
        "name": "Test Librarian 48"
    },
    {
        "id": "5861",
        "name": "Test Librarian 49"
    },
    {
        "id": "5862",
        "name": "Test Librarian 50"
    },
    {
        "id": "5863",
        "name": "Test Librarian 51"
    },
    {
        "id": "5864",
        "name": "Test Librarian 52"
    },
    {
        "id": "5865",
        "name": "Test Librarian 53"
    },
    {
        "id": "5866",
        "name": "Test Librarian 54"
    },
    {
        "id": "5867",
        "name": "Test Librarian 55"
    },
    {
        "id": "5868",
        "name": "Test Librarian 56"
    },
    {
        "id": "5869",
        "name": "Test Librarian 57"
    },
    {
        "id": "5870",
        "name": "Test Librarian 58"
    },
    {
        "id": "5871",
        "name": "Test Librarian 59"
    },
    {
        "id": "5872",
        "name": "Test Librarian 60"
    },
    {
        "id": "5873",
        "name": "32121"
    },
    {
        "id": "5874",
        "name": "Ahmet"
    },
    {
        "id": "5875",
        "name": "Manas Kalenov"
    },
    {
        "id": "5876",
        "name": "Chuck Norris"
    },
    {
        "id": "5877",
        "name": "Crissy Langosh"
    },
    {
        "id": "5878",
        "name": "Arlie Walter"
    },
    {
        "id": "5879",
        "name": "Igor Korpak"
    },
    {
        "id": "5880",
        "name": "Ratko Mladic"
    },
    {
        "id": "5881",
        "name": "Igor Korpak"
    },
    {
        "id": "5882",
        "name": "sac"
    },
    {
        "id": "5883",
        "name": "Igor Korpak"
    },
    {
        "id": "5884",
        "name": "assa"
    },
    {
        "id": "5885",
        "name": "Providencia Schinner"
    },
    {
        "id": "5886",
        "name": "Ms. Nigel Strosin"
    },
    {
        "id": "5887",
        "name": "Elfreda Stanton"
    },
    {
        "id": "5888",
        "name": "Marshall VonRueden DDS"
    },
    {
        "id": "5889",
        "name": "Merrill Durgan"
    },
    {
        "id": "5890",
        "name": "Oliver Hammes"
    },
    {
        "id": "5891",
        "name": "Sherill Bayer"
    },
    {
        "id": "5892",
        "name": "Tyree Stehr"
    },
    {
        "id": "5893",
        "name": "Sandy Leffler"
    },
    {
        "id": "5894",
        "name": "Mr. Harvey Schamberger"
    },
    {
        "id": "5895",
        "name": "Hiedi Pagac"
    },
    {
        "id": "5896",
        "name": "Yuriko McCullough"
    },
    {
        "id": "5897",
        "name": "Mrs. Sage Green"
    },
    {
        "id": "5898",
        "name": "Darrel Wiegand PhD"
    },
    {
        "id": "5899",
        "name": "Lanny VonRueden"
    },
    {
        "id": "5900",
        "name": "Al Harvey"
    },
    {
        "id": "5901",
        "name": "Collin Kris"
    },
    {
        "id": "5902",
        "name": "Lane Weber"
    },
    {
        "id": "5903",
        "name": "Desiree King"
    },
    {
        "id": "5904",
        "name": "Mervin Schulist"
    },
    {
        "id": "5905",
        "name": "dasdasdasdas"
    },
    {
        "id": "5906",
        "name": "s"
    },
    {
        "id": "5907",
        "name": "fsdfsdf"
    },
    {
        "id": "5908",
        "name": "test"
    },
    {
        "id": "5909",
        "name": "teest"
    },
    {
        "id": "5910",
        "name": "Ms. Renee Gislason"
    },
    {
        "id": "5911",
        "name": "Yunis Nabiyev"
    },
    {
        "id": "5912",
        "name": "Amy"
    },
    {
        "id": "5913",
        "name": "asdfasdf"
    },
    {
        "id": "5914",
        "name": "asdfsdfasdfasdf"
    },
    {
        "id": "5915",
        "name": "asdfasdf"
    },
    {
        "id": "5916",
        "name": "sdfasdf"
    },
    {
        "id": "5917",
        "name": "asdf"
    },
    {
        "id": "5918",
        "name": "asdffffffffff"
    },
    {
        "id": "5919",
        "name": "sdafsdfasdf"
    },
    {
        "id": "5920",
        "name": "James Wallace"
    },
    {
        "id": "5921",
        "name": "q"
    },
    {
        "id": "5922",
        "name": "a"
    },
    {
        "id": "5923",
        "name": "qwe"
    },
    {
        "id": "5924",
        "name": "123"
    },
    {
        "id": "5925",
        "name": "Gladys C. Hughes"
    },
    {
        "id": "5926",
        "name": "12312342"
    },
    {
        "id": "5927",
        "name": "Morey Bund"
    },
    {
        "id": "5928",
        "name": "AloninaOlga"
    },
    {
        "id": "5929",
        "name": "Alex"
    },
    {
        "id": "5930",
        "name": "dan"
    },
    {
        "id": "5932",
        "name": "catch"
    },
    {
        "id": "5934",
        "name": "aa"
    },
    {
        "id": "5936",
        "name": "olga alonina"
    },
    {
        "id": "5938",
        "name": "astelavista"
    },
    {
        "id": "5939",
        "name": "bob"
    },
    {
        "id": "5940",
        "name": "kajsdfh"
    },
    {
        "id": "5941",
        "name": "Joe King"
    },
    {
        "id": "5942",
        "name": "zarina "
    },
    {
        "id": "5943",
        "name": "Bob"
    },
    {
        "id": "5944",
        "name": "Joe Biden"
    },
    {
        "id": "5945",
        "name": "Donald Trump"
    },
    {
        "id": "5946",
        "name": "unknown unknown"
    },
    {
        "id": "5947",
        "name": "John Smith"
    },
    {
        "id": "5948",
        "name": "James Brown"
    },
    {
        "id": "5949",
        "name": "Ladonna Dicki"
    },
    {
        "id": "5950",
        "name": "asas"
    },
    {
        "id": "5951",
        "name": "Mr. Weston Bradtke"
    },
    {
        "id": "5952",
        "name": "Carolyn Rosenbaum"
    },
    {
        "id": "5953",
        "name": "Kala Windler"
    },
    {
        "id": "5954",
        "name": "Maximina Ritchie"
    },
    {
        "id": "5955",
        "name": "Quinn Rice"
    },
    {
        "id": "5956",
        "name": "First Last"
    },
    {
        "id": "5957",
        "name": "Teodoro Herzog Sr."
    },
    {
        "id": "5958",
        "name": "Numbers D'Amore"
    },
    {
        "id": "5959",
        "name": "First Last"
    },
    {
        "id": "5960",
        "name": "Walker Mayer"
    },
    {
        "id": "5961",
        "name": "Miss Ela Baumbach"
    },
    {
        "id": "5962",
        "name": "John smith"
    },
    {
        "id": "5963",
        "name": "Anton Dem"
    },
    {
        "id": "5964",
        "name": "Alexey Pak"
    },
    {
        "id": "5965",
        "name": "Florencio Skiles"
    },
    {
        "id": "5966",
        "name": "Jason Smith"
    },
    {
        "id": "5967",
        "name": "james bond"
    },
    {
        "id": "5968",
        "name": "jbond2"
    },
    {
        "id": "5969",
        "name": "Mrs. Terrell Schneider"
    },
    {
        "id": "5970",
        "name": "Test Test"
    },
    {
        "id": "5971",
        "name": "G25_TestUser"
    },
    {
        "id": "5972",
        "name": "Test Test"
    },
    {
        "id": "5973",
        "name": "Test Test"
    },
    {
        "id": "5974",
        "name": "aa"
    },
    {
        "id": "5976",
        "name": "aa"
    },
    {
        "id": "5978",
        "name": "Betsey Hodkiewicz"
    },
    {
        "id": "5979",
        "name": "Dane Mraz"
    },
    {
        "id": "5980",
        "name": "Lise Moore"
    },
    {
        "id": "5981",
        "name": "Volodymyr Zelenksky"
    },
    {
        "id": "5982",
        "name": "Emil G1"
    },
    {
        "id": "5983",
        "name": "Alexandra P"
    },
    {
        "id": "5984",
        "name": "Cheryl Gislason"
    },
    {
        "id": "5985",
        "name": "vhgh"
    },
    {
        "id": "5986",
        "name": "vhgh"
    },
    {
        "id": "5987",
        "name": "hfsh"
    },
    {
        "id": "5988",
        "name": "ads"
    },
    {
        "id": "5989",
        "name": "ada"
    },
    {
        "id": "5990",
        "name": "fsf"
    },
    {
        "id": "5991",
        "name": "alex"
    },
    {
        "id": "5993",
        "name": "helen"
    },
    {
        "id": "5995",
        "name": "dd"
    },
    {
        "id": "5996",
        "name": "Dr. Mable MacGyver"
    },
    {
        "id": "5997",
        "name": "Tai Dicki I"
    },
    {
        "id": "5998",
        "name": "Neville Quigley"
    },
    {
        "id": "5999",
        "name": "anass"
    },
    {
        "id": "6000",
        "name": "Ruben Leffler"
    },
    {
        "id": "6001",
        "name": "Arianne Waelchi"
    },
    {
        "id": "6002",
        "name": "anass"
    },
    {
        "id": "6003",
        "name": "Korey McKenzie"
    },
    {
        "id": "6004",
        "name": "Ms. Tobias Bode"
    },
    {
        "id": "6005",
        "name": "Joann Smith"
    },
    {
        "id": "6006",
        "name": "Maria"
    },
    {
        "id": "6007",
        "name": "Hanna Kara"
    },
    {
        "id": "6008",
        "name": "James Bond"
    },
    {
        "id": "6009",
        "name": "G25_TestUser"
    },
    {
        "id": "6010",
        "name": "G25_TestUser"
    },
    {
        "id": "6011",
        "name": "G25_TestUser"
    },
    {
        "id": "6012",
        "name": "G25_TestUser"
    },
    {
        "id": "6013",
        "name": "G25_TestUser"
    },
    {
        "id": "6014",
        "name": "G25_TestUser"
    },
    {
        "id": "6015",
        "name": "G25_TestUser"
    },
    {
        "id": "6016",
        "name": "G25_TestUser"
    },
    {
        "id": "6017",
        "name": "G25_TestUser"
    },
    {
        "id": "6018",
        "name": "G25_TestUser"
    },
    {
        "id": "6019",
        "name": "G25_TestUser"
    },
    {
        "id": "6020",
        "name": "G25_TestUser"
    },
    {
        "id": "6021",
        "name": "G25_TestUser"
    },
    {
        "id": "6022",
        "name": "G25_TestUser"
    },
    {
        "id": "6023",
        "name": "G25_TestUser"
    },
    {
        "id": "6024",
        "name": "G25_TestUser"
    },
    {
        "id": "6025",
        "name": "G25_TestUser"
    },
    {
        "id": "6026",
        "name": "John Sway"
    },
    {
        "id": "6027",
        "name": "James Band"
    },
    {
        "id": "6028",
        "name": "Jamel Band"
    },
    {
        "id": "6029",
        "name": "Simon Kalt"
    },
    {
        "id": "6030",
        "name": "Sam Samuel"
    },
    {
        "id": "6031",
        "name": "Ram Roler"
    },
    {
        "id": "6032",
        "name": "Ramos Rain"
    },
    {
        "id": "6033",
        "name": "Jemal Band"
    },
    {
        "id": "6034",
        "name": "Jarrod Blake"
    },
    {
        "id": "6035",
        "name": "Cemil Band"
    },
    {
        "id": "6036",
        "name": "Seniye Erdinc Kaya"
    },
    {
        "id": "6037",
        "name": "Milla Nuro"
    },
    {
        "id": "6038",
        "name": "Pat Harris"
    },
    {
        "id": "6039",
        "name": "John Snow"
    },
    {
        "id": "6040",
        "name": "John Doe"
    },
    {
        "id": "6041",
        "name": "Sheireen Stone"
    },
    {
        "id": "6042",
        "name": "James Johns"
    },
    {
        "id": "6043",
        "name": "Sam Simon"
    },
    {
        "id": "6044",
        "name": "Gabe More"
    },
    {
        "id": "6045",
        "name": "Melissa Rose"
    },
    {
        "id": "6046",
        "name": "Mila Rose"
    },
    {
        "id": "6047",
        "name": "Chaya Macejkovic"
    },
    {
        "id": "6048",
        "name": "Ms. Will Flatley"
    },
    {
        "id": "6049",
        "name": "Earline Wolf"
    },
    {
        "id": "6050",
        "name": "Ms. Rufina Bailey"
    },
    {
        "id": "6051",
        "name": "Cat Crab"
    },
    {
        "id": "6052",
        "name": "Tom Kohler"
    },
    {
        "id": "6053",
        "name": "G25_TestUser"
    },
    {
        "id": "6054",
        "name": "G25_TestUser"
    },
    {
        "id": "6055",
        "name": "umut"
    },
    {
        "id": "6056",
        "name": "umut"
    },
    {
        "id": "6057",
        "name": "fgfd"
    },
    {
        "id": "6058",
        "name": "umut"
    },
    {
        "id": "6059",
        "name": "Mala Rose"
    },
    {
        "id": "6060",
        "name": "John"
    },
    {
        "id": "6061",
        "name": "John"
    },
    {
        "id": "6062",
        "name": "agfqvqfq"
    },
    {
        "id": "6063",
        "name": "agfqvqfq"
    },
    {
        "id": "6064",
        "name": "fs"
    },
    {
        "id": "6065",
        "name": "ds"
    },
    {
        "id": "6066",
        "name": "dcdsd"
    },
    {
        "id": "6067",
        "name": "csac"
    },
    {
        "id": "6068",
        "name": "vcsdv"
    },
    {
        "id": "6069",
        "name": "c x"
    },
    {
        "id": "6070",
        "name": "shacg@gmail.com"
    },
    {
        "id": "6071",
        "name": "James Bond"
    },
    {
        "id": "6072",
        "name": "G25_TestUser"
    },
    {
        "id": "6073",
        "name": "Miquel Sauer MD"
    },
    {
        "id": "6074",
        "name": "Clarita Lehner"
    },
    {
        "id": "6075",
        "name": "Stan Morissette"
    },
    {
        "id": "6076",
        "name": "sasssa"
    },
    {
        "id": "6077",
        "name": "sasssa"
    },
    {
        "id": "6078",
        "name": "Santa Klaus2"
    },
    {
        "id": "6079",
        "name": "NadirandSanta"
    },
    {
        "id": "6080",
        "name": "Oscar Willms III"
    },
    {
        "id": "6081",
        "name": "Mr. Regenia Cassin"
    },
    {
        "id": "6082",
        "name": "Mrs. Scotty Yundt"
    },
    {
        "id": "6083",
        "name": "Mrs. Tommy Sipes"
    },
    {
        "id": "6084",
        "name": "G25_TestUser"
    },
    {
        "id": "6085",
        "name": "Raleigh Koelpin"
    },
    {
        "id": "6086",
        "name": "John Smith"
    },
    {
        "id": "6087",
        "name": "Mae Rippin"
    },
    {
        "id": "6088",
        "name": "Mr. Kiera Stark"
    },
    {
        "id": "6089",
        "name": "Nathan Jacobs"
    },
    {
        "id": "6090",
        "name": "Dr. Malcom Quitzon"
    },
    {
        "id": "6091",
        "name": "k"
    },
    {
        "id": "6092",
        "name": "Delbert Bergstrom"
    },
    {
        "id": "6093",
        "name": "Marsha Lockman MD"
    },
    {
        "id": "6094",
        "name": "Danette Steuber Sr."
    },
    {
        "id": "6095",
        "name": "Tia Haley"
    },
    {
        "id": "6096",
        "name": "Leopoldo Harber"
    },
    {
        "id": "6097",
        "name": "James Bond"
    },
    {
        "id": "6098",
        "name": "rtherh"
    },
    {
        "id": "6099",
        "name": "Jimmy Buckets"
    },
    {
        "id": "6100",
        "name": "eyh"
    },
    {
        "id": "6101",
        "name": "Radovan Karadzic"
    },
    {
        "id": "6102",
        "name": "com.github.javafaker.ChuckNorris@468dda3e"
    },
    {
        "id": "6103",
        "name": "maria"
    },
    {
        "id": "6104",
        "name": "asdf"
    },
    {
        "id": "6105",
        "name": "sdafasdf"
    },
    {
        "id": "6106",
        "name": "asdfasdf"
    },
    {
        "id": "6107",
        "name": "asdfdsf"
    },
    {
        "id": "6108",
        "name": "sdfsd"
    },
    {
        "id": "6109",
        "name": "Seniye Erdinc Kayayyu"
    },
    {
        "id": "6110",
        "name": "Seniye Erdinc Kayatryyy"
    },
    {
        "id": "6111",
        "name": "mariya"
    },
    {
        "id": "6112",
        "name": "petya"
    },
    {
        "id": "6113",
        "name": "ALEKSANDAR VUCIC"
    },
    {
        "id": "6114",
        "name": "mm"
    },
    {
        "id": "6115",
        "name": "umut"
    },
    {
        "id": "6116",
        "name": "umut"
    },
    {
        "id": "6117",
        "name": "umut"
    },
    {
        "id": "6118",
        "name": "umut"
    },
    {
        "id": "6119",
        "name": "umut"
    },
    {
        "id": "6120",
        "name": "James Bonds"
    },
    {
        "id": "6121",
        "name": "SamsoN"
    },
    {
        "id": "6122",
        "name": "Seniye Erdinc Kayaetty"
    },
    {
        "id": "6123",
        "name": "Seniye Erdi"
    },
    {
        "id": "6124",
        "name": "Kate Bond"
    },
    {
        "id": "6125",
        "name": "Mike Bond"
    },
    {
        "id": "6126",
        "name": "Rosario Treutel DVM"
    },
    {
        "id": "6127",
        "name": "Romana Heathcote"
    },
    {
        "id": "6128",
        "name": "Pierre Oberbrunner"
    },
    {
        "id": "6129",
        "name": "Rick&Morty"
    },
    {
        "id": "6130",
        "name": "Mike Cypher"
    },
    {
        "id": "6131",
        "name": "Seniye Er"
    },
    {
        "id": "6132",
        "name": "David Green "
    },
    {
        "id": "6133",
        "name": "Gilberto Dach"
    },
    {
        "id": "6134",
        "name": "Buford Paucek III"
    },
    {
        "id": "6135",
        "name": "Collette O'Connell"
    },
    {
        "id": "6136",
        "name": "com.github.javafaker.ChuckNorris@18578491"
    },
    {
        "id": "6137",
        "name": "student1 student0100"
    },
    {
        "id": "6138",
        "name": "G25_TestUser"
    },
    {
        "id": "6139",
        "name": "Alyce Mitchell"
    },
    {
        "id": "6140",
        "name": "Waylon Mills"
    },
    {
        "id": "6141",
        "name": "Lucille Bartell"
    },
    {
        "id": "6142",
        "name": "Emanmmomani"
    },
    {
        "id": "6143",
        "name": "EmanMomani"
    },
    {
        "id": "6144",
        "name": "Hatice"
    },
    {
        "id": "6145",
        "name": "EmanMomani"
    },
    {
        "id": "6146",
        "name": "EmanMomani"
    },
    {
        "id": "6147",
        "name": "EmanMomani"
    },
    {
        "id": "6148",
        "name": "EmanMomani"
    },
    {
        "id": "6149",
        "name": "umut"
    },
    {
        "id": "6150",
        "name": "umut"
    },
    {
        "id": "6151",
        "name": "umut"
    },
    {
        "id": "6152",
        "name": "Queen"
    },
    {
        "id": "6153",
        "name": "Kim Milano"
    },
    {
        "id": "6154",
        "name": "small"
    },
    {
        "id": "6155",
        "name": "G25_TestUser"
    },
    {
        "id": "6156",
        "name": "G25_TestUser"
    },
    {
        "id": "6157",
        "name": "Yi Fahey"
    },
    {
        "id": "6158",
        "name": "Alva Cruickshank IV"
    },
    {
        "id": "6159",
        "name": "Tia Bashirian"
    },
    {
        "id": "6160",
        "name": "Brittany Kshlerin"
    },
    {
        "id": "6161",
        "name": "Elana Yost"
    },
    {
        "id": "6162",
        "name": "Deandrea Schumm"
    },
    {
        "id": "6163",
        "name": "Torri Heller"
    },
    {
        "id": "6164",
        "name": "Lane Jacobson"
    },
    {
        "id": "6165",
        "name": "Elliott Kerluke"
    },
    {
        "id": "6166",
        "name": "Gordon Paucek"
    },
    {
        "id": "6167",
        "name": "Ms. Katherin Bashirian"
    },
    {
        "id": "6168",
        "name": "Jane Willms"
    },
    {
        "id": "6169",
        "name": "gdfgfd"
    },
    {
        "id": "6170",
        "name": "Debbi O'Kon"
    },
    {
        "id": "6171",
        "name": "Trudi Herzog"
    },
    {
        "id": "6172",
        "name": "Rory Murray"
    },
    {
        "id": "6173",
        "name": "Ms. Maurine Waters"
    },
    {
        "id": "6174",
        "name": "Hershel Hickle"
    },
    {
        "id": "6175",
        "name": "Dion Herman"
    },
    {
        "id": "6176",
        "name": "Yun Lind III"
    },
    {
        "id": "6177",
        "name": "Ryan Zieme"
    },
    {
        "id": "6178",
        "name": "Mike"
    },
    {
        "id": "6179",
        "name": "Jasper Christiansen"
    },
    {
        "id": "6180",
        "name": "Donte Ritchie PhD"
    },
    {
        "id": "6181",
        "name": "Toby O'Keefe"
    },
    {
        "id": "6182",
        "name": "Meggan Medhurst"
    },
    {
        "id": "6183",
        "name": "Albina Conroy"
    },
    {
        "id": "6184",
        "name": "Rosie Gibson DDS"
    },
    {
        "id": "6185",
        "name": "Santana Robel Jr."
    },
    {
        "id": "6186",
        "name": "Buck Kohler"
    },
    {
        "id": "6187",
        "name": "Arie Rosenbaum"
    },
    {
        "id": "6188",
        "name": "Maria Durgan III"
    },
    {
        "id": "6189",
        "name": "James Bond"
    },
    {
        "id": "6190",
        "name": "James Bond"
    },
    {
        "id": "6191",
        "name": "JB"
    },
    {
        "id": "6192",
        "name": "tech"
    },
    {
        "id": "6193",
        "name": "tech"
    },
    {
        "id": "6194",
        "name": "cydeo"
    },
    {
        "id": "6195",
        "name": "cydeo"
    },
    {
        "id": "6196",
        "name": "acbd"
    },
    {
        "id": "6197",
        "name": "James Bond"
    },
    {
        "id": "6198",
        "name": "cyde"
    },
    {
        "id": "6199",
        "name": "cyde012"
    },
    {
        "id": "6200",
        "name": "cyde0123"
    },
    {
        "id": "6201",
        "name": "Rodrick"
    },
    {
        "id": "6202",
        "name": "Cherie"
    },
    {
        "id": "6203",
        "name": "Hollis"
    },
    {
        "id": "6204",
        "name": "Rick Sand"
    },
    {
        "id": "6205",
        "name": "Marc Smith"
    },
    {
        "id": "6206",
        "name": "John Smith"
    },
    {
        "id": "6207",
        "name": "EmanMomani"
    },
    {
        "id": "6208",
        "name": "G25_TestUser"
    },
    {
        "id": "6209",
        "name": "dcvadsgv wefwqef"
    },
    {
        "id": "6210",
        "name": "Ulugbek Berdiev"
    },
    {
        "id": "6211",
        "name": "Ulugbek Berdiev"
    },
    {
        "id": "6212",
        "name": "Mari"
    },
    {
        "id": "6213",
        "name": "John Smith"
    },
    {
        "id": "6214",
        "name": "John Smith"
    },
    {
        "id": "6215",
        "name": "John Smith"
    },
    {
        "id": "6216",
        "name": "John Smith"
    },
    {
        "id": "6217",
        "name": "John Smith"
    },
    {
        "id": "6218",
        "name": "John Smith"
    },
    {
        "id": "6219",
        "name": "John Smith"
    },
    {
        "id": "6220",
        "name": "awdawd"
    },
    {
        "id": "6221",
        "name": "awdawd"
    },
    {
        "id": "6222",
        "name": "awdawdawdawd"
    },
    {
        "id": "6223",
        "name": "awdawd"
    },
    {
        "id": "6224",
        "name": "John Smith"
    },
    {
        "id": "6225",
        "name": "Jefferey O'Reilly"
    },
    {
        "id": "6226",
        "name": "Natalya Kutch"
    },
    {
        "id": "6227",
        "name": "Cameron Frami"
    },
    {
        "id": "6228",
        "name": "Desmond Ruecker"
    },
    {
        "id": "6229",
        "name": "Mr. Yee Klocko"
    },
    {
        "id": "6230",
        "name": "Ila Champlin"
    },
    {
        "id": "6231",
        "name": "Carin Adams"
    },
    {
        "id": "6232",
        "name": "Brady Mitchell"
    },
    {
        "id": "6233",
        "name": "Amiee Torphy PhD"
    },
    {
        "id": "6234",
        "name": "Miss Kenneth Moen"
    },
    {
        "id": "6235",
        "name": "Mr. Ned Reinger"
    },
    {
        "id": "6236",
        "name": "Krysten Douglas"
    },
    {
        "id": "6237",
        "name": "Cliff Rau"
    },
    {
        "id": "6238",
        "name": "Raymon Champlin"
    },
    {
        "id": "6239",
        "name": "Seymour Reynolds"
    },
    {
        "id": "6240",
        "name": "Joycelyn Nikolaus"
    },
    {
        "id": "6241",
        "name": "Sherika Heidenreich"
    },
    {
        "id": "6242",
        "name": "Heidy Bashirian"
    },
    {
        "id": "6243",
        "name": "Donny McLaughlin"
    },
    {
        "id": "6244",
        "name": "Faith Kovacek DDS"
    },
    {
        "id": "6245",
        "name": "Shavonda Buckridge Sr."
    },
    {
        "id": "6246",
        "name": "sadfadfs"
    },
    {
        "id": "6247",
        "name": "Miss Ettie Schaden"
    },
    {
        "id": "6248",
        "name": "Vernell Kihn III"
    },
    {
        "id": "6249",
        "name": "Gordon Bosco II"
    },
    {
        "id": "6250",
        "name": "Ken Labadie"
    },
    {
        "id": "6251",
        "name": "Dr. Raisa McClure"
    },
    {
        "id": "6252",
        "name": "Otha Gutkowski"
    },
    {
        "id": "6253",
        "name": "Hobert Kuhn"
    },
    {
        "id": "6254",
        "name": "Marie Curie"
    },
    {
        "id": "6255",
        "name": "Rosalind Franklin"
    },
    {
        "id": "6256",
        "name": "List Meitner"
    },
    {
        "id": "6257",
        "name": "Chien-Shiung Wu"
    },
    {
        "id": "6258",
        "name": "Barbara McClintock"
    },
    {
        "id": "6259",
        "name": "Marie Curie"
    },
    {
        "id": "6260",
        "name": "Rosalind Franklin"
    },
    {
        "id": "6261",
        "name": "List Meitner"
    },
    {
        "id": "6262",
        "name": "Chien-Shiung Wu"
    },
    {
        "id": "6263",
        "name": "Barbara McClintock"
    },
    {
        "id": "6264",
        "name": "Phylis Effertz"
    },
    {
        "id": "6265",
        "name": "Armando Weissnat"
    },
    {
        "id": "6266",
        "name": "Mario Cassin"
    },
    {
        "id": "6267",
        "name": "<fullName>"
    },
    {
        "id": "6268",
        "name": "Teena Bailey"
    },
    {
        "id": "6269",
        "name": "Merrilee Lakin"
    },
    {
        "id": "6270",
        "name": "Wen Will DDS"
    },
    {
        "id": "6271",
        "name": "Rosalind Franklin"
    },
    {
        "id": "6272",
        "name": "List Meitner"
    },
    {
        "id": "6273",
        "name": "Chien-Shiung Wu"
    },
    {
        "id": "6274",
        "name": "Barbara McClintock"
    },
    {
        "id": "6275",
        "name": "Marie Curie"
    },
    {
        "id": "6276",
        "name": "Chien-Shiung Wu"
    },
    {
        "id": "6277",
        "name": "Barbara McClintock"
    },
    {
        "id": "6278",
        "name": "Marie Curie"
    },
    {
        "id": "6279",
        "name": "Rosalind Franklin"
    },
    {
        "id": "6280",
        "name": "List Meitner"
    },
    {
        "id": "6281",
        "name": "Chien-Shiung Wu"
    },
    {
        "id": "6282",
        "name": "Barbara McClintock"
    },
    {
        "id": "6283",
        "name": "Samson "
    },
    {
        "id": "6284",
        "name": "Para"
    },
    {
        "id": "6285",
        "name": "Moon"
    },
    {
        "id": "6286",
        "name": "nanmnfa"
    },
    {
        "id": "6287",
        "name": "kaala"
    },
    {
        "id": "6288",
        "name": "SamsoN3"
    },
    {
        "id": "6289",
        "name": "Elaine Stoltenberg"
    },
    {
        "id": "6290",
        "name": "Geri Fritsch Jr."
    },
    {
        "id": "6291",
        "name": "Darcie Zulauf"
    },
    {
        "id": "6292",
        "name": "Gwenn Mann"
    },
    {
        "id": "6293",
        "name": "Florencia Collins DDS"
    },
    {
        "id": "6294",
        "name": "Kris Price V"
    },
    {
        "id": "6295",
        "name": "Cumali Heryerde"
    },
    {
        "id": "6296",
        "name": "aeffef"
    },
    {
        "id": "6297",
        "name": "asdfewf"
    },
    {
        "id": "6298",
        "name": "wefewf"
    },
    {
        "id": "6299",
        "name": "wefwef"
    },
    {
        "id": "6300",
        "name": "Ginger Vitis"
    },
    {
        "id": "6301",
        "name": "Dawn Gusikowski V"
    },
    {
        "id": "6302",
        "name": "John Doe"
    },
    {
        "id": "6303",
        "name": "Selami"
    },
    {
        "id": "6304",
        "name": "Selam Selami"
    },
    {
        "id": "6305",
        "name": "Selam"
    },
    {
        "id": "6306",
        "name": "Laurine Gorczany DVM"
    },
    {
        "id": "6307",
        "name": "safad"
    },
    {
        "id": "6308",
        "name": "SamosN4"
    },
    {
        "id": "6309",
        "name": "Carmelo Thompson"
    },
    {
        "id": "6310",
        "name": "Roxie Morissette"
    },
    {
        "id": "6311",
        "name": "Valentine Harris"
    },
    {
        "id": "6312",
        "name": "Dierdre Collier"
    },
    {
        "id": "6313",
        "name": "Roger Balistreri"
    },
    {
        "id": "6314",
        "name": "SamosN4"
    },
    {
        "id": "6315",
        "name": "fa"
    },
    {
        "id": "6316",
        "name": "SamosN4"
    },
    {
        "id": "6317",
        "name": "Dr. Emilia Lesch"
    },
    {
        "id": "6318",
        "name": "Dr. Sharilyn Carter"
    },
    {
        "id": "6319",
        "name": "Jacquetta Abshire I"
    },
    {
        "id": "6320",
        "name": "Yuk Fahey"
    },
    {
        "id": "6321",
        "name": "Marie Curie"
    },
    {
        "id": "6322",
        "name": "Rosalind Franklin"
    },
    {
        "id": "6323",
        "name": "Rosalind Franklin"
    },
    {
        "id": "6324",
        "name": "List Meitner"
    },
    {
        "id": "6325",
        "name": "Chien-Shiung Wu"
    },
    {
        "id": "6326",
        "name": "List Meitner"
    },
    {
        "id": "6327",
        "name": "Barbara McClintock"
    },
    {
        "id": "6328",
        "name": "Chien-Shiung Wu"
    },
    {
        "id": "6329",
        "name": "Barbara McClintock"
    },
    {
        "id": "6330",
        "name": "Marie Curie"
    },
    {
        "id": "6331",
        "name": "Marie Curie"
    },
    {
        "id": "6332",
        "name": "Rosalind Franklin"
    },
    {
        "id": "6333",
        "name": "List Meitner"
    },
    {
        "id": "6334",
        "name": "Barbara McClintock"
    },
    {
        "id": "6335",
        "name": "Barbara McClintock"
    },
    {
        "id": "6336",
        "name": "James Bond"
    },
    {
        "id": "6337",
        "name": "John Wall"
    },
    {
        "id": "6338",
        "name": "James Bond"
    },
    {
        "id": "6339",
        "name": "a"
    },
    {
        "id": "6340",
        "name": "Example Name"
    },
    {
        "id": "6341",
        "name": "James Bond"
    },
    {
        "id": "6342",
        "name": "Blake"
    },
    {
        "id": "6343",
        "name": "Reed"
    },
    {
        "id": "6344",
        "name": "Page"
    },
    {
        "id": "6345",
        "name": "Dominga"
    },
    {
        "id": "6346",
        "name": "Pinocchio"
    },
    {
        "id": "6347",
        "name": "Rollan"
    },
    {
        "id": "6348",
        "name": "test"
    },
    {
        "id": "6349",
        "name": "tester66"
    },
    {
        "id": "6350",
        "name": "Pablo"
    },
    {
        "id": "6351",
        "name": "Pablo"
    },
    {
        "id": "6352",
        "name": "Ms. Rod Borer"
    },
    {
        "id": "6353",
        "name": "Edwin Kuvalis"
    },
    {
        "id": "6354",
        "name": "Hyman Sanford"
    },
    {
        "id": "6355",
        "name": "Fausto Doyle V"
    },
    {
        "id": "6356",
        "name": "John Smith"
    },
    {
        "id": "6357",
        "name": "Cameron GorczanyCameron Gorczany"
    },
    {
        "id": "6358",
        "name": "Dorian Ryan"
    },
    {
        "id": "6359",
        "name": "Ellis Hayes"
    },
    {
        "id": "6360",
        "name": "Edmund Dibbert"
    },
    {
        "id": "6361",
        "name": "Fabian Jast"
    },
    {
        "id": "6362",
        "name": "Freddy Swaniawski"
    },
    {
        "id": "6363",
        "name": "Fara Shukurova"
    },
    {
        "id": "6364",
        "name": "Leslie Emmerich"
    },
    {
        "id": "6365",
        "name": "Mrs. Venessa Bechtelar"
    },
    {
        "id": "6366",
        "name": "Mike"
    },
    {
        "id": "6367",
        "name": "Shaun Walker"
    },
    {
        "id": "6368",
        "name": "Miss Bennie Grady"
    },
    {
        "id": "6369",
        "name": "James Bond"
    },
    {
        "id": "6370",
        "name": "James Bond"
    },
    {
        "id": "6371",
        "name": "James"
    },
    {
        "id": "6372",
        "name": "JB"
    },
    {
        "id": "6373",
        "name": "JamesBond"
    },
    {
        "id": "6374",
        "name": "Steve Bond"
    },
    {
        "id": "6375",
        "name": "aaa"
    },
    {
        "id": "6376",
        "name": "Nancy Bond"
    },
    {
        "id": "6377",
        "name": "Nan Bond"
    },
    {
        "id": "6378",
        "name": "Casey Reichert DDS"
    },
    {
        "id": "6379",
        "name": "Dr. Alissa Adams"
    },
    {
        "id": "6380",
        "name": "Jaye Stehr DDS"
    },
    {
        "id": "6381",
        "name": "Britt Gulgowski"
    },
    {
        "id": "6382",
        "name": "Annis Spencer"
    },
    {
        "id": "6383",
        "name": "Guillermo Heathcote"
    },
    {
        "id": "6384",
        "name": "Gil Berge"
    },
    {
        "id": "6385",
        "name": "Jinny Sawayn"
    },
    {
        "id": "6386",
        "name": "Darius Sauer IV"
    },
    {
        "id": "6387",
        "name": "Karon Okuneva"
    },
    {
        "id": "6388",
        "name": "asd"
    },
    {
        "id": "6389",
        "name": "dsadsa"
    },
    {
        "id": "6390",
        "name": "dasdas"
    },
    {
        "id": "6391",
        "name": "sdadas"
    },
    {
        "id": "6392",
        "name": "adsdas"
    },
    {
        "id": "6393",
        "name": "asdasd"
    },
    {
        "id": "6394",
        "name": "dsadsa"
    },
    {
        "id": "6395",
        "name": "James Bonds"
    },
    {
        "id": "6396",
        "name": "Jackie Chan"
    },
    {
        "id": "6397",
        "name": "John "
    },
    {
        "id": "6398",
        "name": "Melissa Rose"
    },
    {
        "id": "6399",
        "name": "Melissa Rose"
    },
    {
        "id": "6400",
        "name": "Melissa Rose"
    },
    {
        "id": "6401",
        "name": "Melissa Rose"
    },
    {
        "id": "6402",
        "name": "James Bond"
    },
    {
        "id": "6403",
        "name": "j b"
    },
    {
        "id": "6404",
        "name": "Frederick Abshire"
    },
    {
        "id": "6405",
        "name": "Joannie Kirlin"
    },
    {
        "id": "6406",
        "name": "Jenell Nader"
    },
    {
        "id": "6407",
        "name": "Domingo Funk"
    },
    {
        "id": "6408",
        "name": "Muhammed Ali Champ"
    },
    {
        "id": "6409",
        "name": "cyde0129"
    },
    {
        "id": "6410",
        "name": "Miss Rowena O'Keefe"
    },
    {
        "id": "6411",
        "name": "Myrtie Zemlak IV"
    },
    {
        "id": "6412",
        "name": "Chet Runolfsson DVM"
    },
    {
        "id": "6413",
        "name": "Mrs. Emilio Johnston"
    },
    {
        "id": "6414",
        "name": "Ms. Carolina Hartmann"
    },
    {
        "id": "6415",
        "name": "Don Kassulke"
    },
    {
        "id": "6416",
        "name": "Myrtle Prohaska"
    },
    {
        "id": "6417",
        "name": "Miss Cecil Franecki"
    },
    {
        "id": "6418",
        "name": "Jessenia Lemke MD"
    },
    {
        "id": "6419",
        "name": "Ms. Lauri Nolan"
    },
    {
        "id": "6420",
        "name": "Will Koss"
    },
    {
        "id": "6421",
        "name": "Mr. Jerrod Sipes"
    },
    {
        "id": "6422",
        "name": "Cameron Lynch"
    },
    {
        "id": "6423",
        "name": "Na Towne"
    },
    {
        "id": "6424",
        "name": "John Smith"
    },
    {
        "id": "6425",
        "name": "Marget Cronin"
    },
    {
        "id": "6426",
        "name": "Britany Schamberger"
    },
    {
        "id": "6427",
        "name": "Reggie Barrows"
    },
    {
        "id": "6428",
        "name": "Karlyn Veum"
    },
    {
        "id": "6429",
        "name": "Abraham Aufderhar"
    },
    {
        "id": "6430",
        "name": "Margarette Dare Jr."
    },
    {
        "id": "6431",
        "name": "mahmut"
    },
    {
        "id": "6432",
        "name": "Testing Tester"
    },
    {
        "id": "6433",
        "name": "jimmy"
    },
    {
        "id": "6434",
        "name": "Aden"
    },
    {
        "id": "6435",
        "name": "Jamie"
    },
    {
        "id": "6436",
        "name": "Jonathan"
    },
    {
        "id": "6437",
        "name": "Tom"
    },
    {
        "id": "6438",
        "name": "Alie"
    },
    {
        "id": "6439",
        "name": "Val"
    },
    {
        "id": "6440",
        "name": "Kim"
    },
    {
        "id": "6441",
        "name": "cydeo"
    },
    {
        "id": "6442",
        "name": "Tammy"
    },
    {
        "id": "6443",
        "name": "Kimberly"
    },
    {
        "id": "6444",
        "name": "Roberto"
    },
    {
        "id": "6445",
        "name": "Tom"
    },
    {
        "id": "6446",
        "name": "Tamran"
    },
    {
        "id": "6447",
        "name": "Alex Kan"
    },
    {
        "id": "6448",
        "name": "Timmy"
    },
    {
        "id": "6449",
        "name": "Madi"
    },
    {
        "id": "6450",
        "name": "Bridge"
    },
    {
        "id": "6451",
        "name": "Robertino"
    },
    {
        "id": "6452",
        "name": "Mike Smith"
    },
    {
        "id": "6453",
        "name": "2323%%^^"
    },
    {
        "id": "6454",
        "name": "Gina"
    },
    {
        "id": "6455",
        "name": "Mami"
    },
    {
        "id": "6456",
        "name": "Ceyda"
    },
    {
        "id": "6457",
        "name": "Saim"
    },
    {
        "id": "6458",
        "name": "Murodil"
    },
    {
        "id": "6459",
        "name": "Nadir"
    },
    {
        "id": "6460",
        "name": "com.github.javafaker.FunnyName@5484117b"
    },
    {
        "id": "6461",
        "name": "com.github.javafaker.FunnyName@5484117b"
    },
    {
        "id": "6462",
        "name": "asdf"
    },
    {
        "id": "6463",
        "name": "KING"
    },
    {
        "id": "6464",
        "name": "com.github.javafaker.FunnyName@5484117b"
    },
    {
        "id": "6465",
        "name": "asdf"
    },
    {
        "id": "6466",
        "name": "z"
    },
    {
        "id": "6467",
        "name": "Merle Schneider"
    },
    {
        "id": "6468",
        "name": "Selim"
    },
    {
        "id": "6469",
        "name": "Murodil"
    },
    {
        "id": "6470",
        "name": "Nadir"
    },
    {
        "id": "6471",
        "name": "com.github.javafaker.FunnyName@102c577f"
    },
    {
        "id": "6472",
        "name": "D King"
    },
    {
        "id": "6473",
        "name": "Vince Wilderman"
    },
    {
        "id": "6474",
        "name": "D King"
    },
    {
        "id": "6475",
        "name": "D King"
    },
    {
        "id": "6476",
        "name": "D King"
    },
    {
        "id": "6477",
        "name": "D King"
    },
    {
        "id": "6478",
        "name": "D King"
    },
    {
        "id": "6479",
        "name": "D King"
    },
    {
        "id": "6480",
        "name": "D King"
    },
    {
        "id": "6481",
        "name": "D King"
    },
    {
        "id": "6482",
        "name": "D King"
    },
    {
        "id": "6483",
        "name": "A"
    },
    {
        "id": "6484",
        "name": "A"
    },
    {
        "id": "6485",
        "name": "D King"
    },
    {
        "id": "6486",
        "name": "D King"
    },
    {
        "id": "6487",
        "name": "D King"
    },
    {
        "id": "6488",
        "name": "D King"
    },
    {
        "id": "6489",
        "name": "Selam"
    },
    {
        "id": "6490",
        "name": "Muratl"
    },
    {
        "id": "6491",
        "name": "Nadia"
    },
    {
        "id": "6492",
        "name": "D King"
    },
    {
        "id": "6493",
        "name": "EmanMomani"
    },
    {
        "id": "6494",
        "name": "EmanMomani"
    },
    {
        "id": "6495",
        "name": "EmanMomani"
    },
    {
        "id": "6496",
        "name": "Lacy Daugherty V"
    },
    {
        "id": "6497",
        "name": "Melissa Rose"
    },
    {
        "id": "6498",
        "name": "Selam"
    },
    {
        "id": "6499",
        "name": "Muratl"
    },
    {
        "id": "6500",
        "name": "Nadia"
    },
    {
        "id": "6501",
        "name": "Mike"
    },
    {
        "id": "6502",
        "name": "Dominic Rolfson"
    },
    {
        "id": "6503",
        "name": "Franklin Lockman"
    },
    {
        "id": "6504",
        "name": "Bailey Okuneva"
    },
    {
        "id": "6505",
        "name": "Abel Buckridge"
    },
    {
        "id": "6506",
        "name": "Evelin Stamm DVM"
    },
    {
        "id": "6507",
        "name": "Chrystal Upton"
    },
    {
        "id": "6508",
        "name": "Ms. Daniell Tromp"
    },
    {
        "id": "6509",
        "name": "Darya Dovgal"
    },
    {
        "id": "6510",
        "name": "dummy"
    },
    {
        "id": "6511",
        "name": "sadfsadf"
    },
    {
        "id": "6512",
        "name": "Ronald Daugherty"
    },
    {
        "id": "6513",
        "name": "Nicholas Lakin"
    },
    {
        "id": "6514",
        "name": "hodor"
    },
    {
        "id": "6515",
        "name": "Baha Kuban"
    },
    {
        "id": "6516",
        "name": "Baha Kuban"
    },
    {
        "id": "6517",
        "name": "vbvcb"
    },
    {
        "id": "6518",
        "name": "cdd"
    },
    {
        "id": "6519",
        "name": "fgh"
    },
    {
        "id": "6520",
        "name": "Baha Kuban"
    },
    {
        "id": "6521",
        "name": "Amos Grimes"
    },
    {
        "id": "6522",
        "name": "Dr. Homer Durgan"
    },
    {
        "id": "6523",
        "name": "Mr. Tristan Pfannerstill"
    },
    {
        "id": "6524",
        "name": "Trevor Feeney"
    },
    {
        "id": "6525",
        "name": "Mrs. Janett Dare"
    },
    {
        "id": "6526",
        "name": "Dr. Jesse Witting"
    },
    {
        "id": "6527",
        "name": "Katherina White"
    },
    {
        "id": "6528",
        "name": "Yong Bernhard III"
    },
    {
        "id": "6529",
        "name": "Mr. Nickolas King"
    },
    {
        "id": "6530",
        "name": "Dr. Ted Goldner"
    },
    {
        "id": "6531",
        "name": "Mrs. Dion Schulist"
    },
    {
        "id": "6532",
        "name": "Sergio Orn"
    },
    {
        "id": "6533",
        "name": "Mckinley Bahringer"
    },
    {
        "id": "6534",
        "name": "Dalton Klein"
    },
    {
        "id": "6535",
        "name": "Buford Smitham"
    },
    {
        "id": "6536",
        "name": "Buster Koch"
    },
    {
        "id": "6537",
        "name": "Percy Grimes"
    },
    {
        "id": "6538",
        "name": "Pinkie Langworth"
    },
    {
        "id": "6539",
        "name": "Stacy Leffler"
    },
    {
        "id": "6540",
        "name": "12345678911234567892123456789312345678941234567895123456789612345"
    },
    {
        "id": "6541",
        "name": "Volodymyr Zelensky"
    },
    {
        "id": "6542",
        "name": "Graham Wintheiser"
    },
    {
        "id": "6543",
        "name": "Gina Stracke"
    },
    {
        "id": "6544",
        "name": "Francisco Paucek"
    },
    {
        "id": "6545",
        "name": "Mr. Shira Sauer"
    },
    {
        "id": "6546",
        "name": "Reginia Bahringer IV"
    },
    {
        "id": "6547",
        "name": "Herbert King"
    },
    {
        "id": "6548",
        "name": "Marie Curie"
    },
    {
        "id": "6549",
        "name": "List Meitner"
    },
    {
        "id": "6550",
        "name": "Barbara McClintock"
    },
    {
        "id": "6551",
        "name": "Lauren Gottlieb"
    },
    {
        "id": "6552",
        "name": "Michiko Heller"
    },
    {
        "id": "6553",
        "name": "Myrta Carroll"
    },
    {
        "id": "6554",
        "name": "Dennise White"
    },
    {
        "id": "6555",
        "name": "Leland Tremblay"
    },
    {
        "id": "6556",
        "name": "Gema Collins"
    },
    {
        "id": "6557",
        "name": "Gabriel Kuhlman"
    },
    {
        "id": "6558",
        "name": "Jospeh Leffler"
    },
    {
        "id": "6559",
        "name": "Clarence Wiegand"
    },
    {
        "id": "6560",
        "name": "Griselda Lockman"
    },
    {
        "id": "6561",
        "name": "Ed Wilkinson"
    },
    {
        "id": "6562",
        "name": "Raelene Swaniawski"
    },
    {
        "id": "6563",
        "name": "Mr. Lamont Rippin"
    },
    {
        "id": "6564",
        "name": "Timmy Orn"
    },
    {
        "id": "6565",
        "name": "Perla Klocko"
    },
    {
        "id": "6566",
        "name": "Kisha Williamson V"
    },
    {
        "id": "6567",
        "name": "Buford McClure"
    },
    {
        "id": "6568",
        "name": "Ms. Alene Gleason"
    },
    {
        "id": "6569",
        "name": "Edmund Dicki"
    },
    {
        "id": "6570",
        "name": "Dell Kub"
    },
    {
        "id": "6571",
        "name": "Griselda Block"
    },
    {
        "id": "6572",
        "name": "Tanika VonRueden"
    },
    {
        "id": "6573",
        "name": "Krishna Bednar"
    },
    {
        "id": "6574",
        "name": "Jeffry Windler"
    },
    {
        "id": "6575",
        "name": "Ross Donnelly MD"
    },
    {
        "id": "6576",
        "name": "Miss Dylan Bode"
    },
    {
        "id": "6577",
        "name": "Wayne Denesik"
    },
    {
        "id": "6578",
        "name": "Frances Bergnaum"
    },
    {
        "id": "6579",
        "name": "Stanton Jacobs"
    },
    {
        "id": "6580",
        "name": "Shayne Schuppe"
    },
    {
        "id": "6581",
        "name": "Lincoln Bernhard"
    },
    {
        "id": "6582",
        "name": "Moises Rodriguez V"
    },
    {
        "id": "6583",
        "name": "Jesusita Pfeffer MD"
    },
    {
        "id": "6584",
        "name": "Garth Zemlak"
    },
    {
        "id": "6585",
        "name": "Elisa Lesch"
    },
    {
        "id": "6586",
        "name": "Thurman Block"
    },
    {
        "id": "6587",
        "name": "Rey Thiel"
    },
    {
        "id": "6588",
        "name": "Donnell Veum"
    },
    {
        "id": "6589",
        "name": "Dr. Louann Klein"
    },
    {
        "id": "6590",
        "name": "Miss Gwenn Jacobson"
    },
    {
        "id": "6591",
        "name": "Cecil Herman"
    },
    {
        "id": "6592",
        "name": "Ta Hagenes"
    },
    {
        "id": "6593",
        "name": "Lauri Dare"
    },
    {
        "id": "6594",
        "name": "Samara MacGyver"
    },
    {
        "id": "6595",
        "name": "Glinda McDermott"
    },
    {
        "id": "6596",
        "name": "Edmond Jakubowski"
    },
    {
        "id": "6597",
        "name": "Chase Stiedemann"
    },
    {
        "id": "6598",
        "name": "Wally Koss"
    },
    {
        "id": "6599",
        "name": "Harold Hahn DDS"
    },
    {
        "id": "6600",
        "name": "Rey Weber"
    },
    {
        "id": "6601",
        "name": "Wilda Schuppe"
    },
    {
        "id": "6602",
        "name": "Monika Koch"
    },
    {
        "id": "6603",
        "name": "Allan Kshlerin"
    },
    {
        "id": "6604",
        "name": "Karine Stoltenberg Jr."
    },
    {
        "id": "6605",
        "name": "Ms. Alvaro Glover"
    },
    {
        "id": "6606",
        "name": "Whitney Fritsch"
    },
    {
        "id": "6607",
        "name": "Nieves Shanahan"
    },
    {
        "id": "6608",
        "name": "Andrew Yundt"
    },
    {
        "id": "6609",
        "name": "Cornell Thiel"
    },
    {
        "id": "6610",
        "name": "Woodrow Mante"
    },
    {
        "id": "6611",
        "name": "Brett Hauck"
    },
    {
        "id": "6612",
        "name": "Ms. Rachelle Pfannerstill"
    },
    {
        "id": "6613",
        "name": "Tomeka Funk"
    },
    {
        "id": "6614",
        "name": "Quinton Ryan"
    },
    {
        "id": "6615",
        "name": "Lauren Stamm"
    },
    {
        "id": "6616",
        "name": "Estrella Metz"
    },
    {
        "id": "6617",
        "name": "Erdi"
    },
    {
        "id": "6618",
        "name": "Fidel Muller"
    },
    {
        "id": "6619",
        "name": "Margarito Spinka II"
    },
    {
        "id": "6620",
        "name": "Georgia Stracke I"
    },
    {
        "id": "6621",
        "name": "Malia Trantow"
    },
    {
        "id": "6622",
        "name": "Linh Nitzsche II"
    },
    {
        "id": "6623",
        "name": "Mrs. Adolph Torp"
    },
    {
        "id": "6624",
        "name": "Erdi Kant"
    },
    {
        "id": "6625",
        "name": "Chasity Cassin"
    },
    {
        "id": "6626",
        "name": "Charisse White DDS"
    },
    {
        "id": "6627",
        "name": "Lovetta Runte"
    },
    {
        "id": "6628",
        "name": "Louie Fay"
    },
    {
        "id": "6629",
        "name": "Loren Labadie MD"
    },
    {
        "id": "6630",
        "name": "Markus Oberbrunner"
    },
    {
        "id": "6631",
        "name": "Margot Wiza"
    },
    {
        "id": "6632",
        "name": "Mrs. Tamika Kunde"
    },
    {
        "id": "6633",
        "name": "Dominick Becker I"
    },
    {
        "id": "6634",
        "name": "Augustine Connelly"
    },
    {
        "id": "6635",
        "name": "Idalia Rath"
    },
    {
        "id": "6636",
        "name": "Jacinto Hauck DVM"
    },
    {
        "id": "6637",
        "name": "Harvey Terry"
    },
    {
        "id": "6638",
        "name": "Coletta Schaden III"
    },
    {
        "id": "6639",
        "name": "Luba Dooley"
    },
    {
        "id": "6640",
        "name": "Mr. Gayle Legros"
    },
    {
        "id": "6641",
        "name": "Jade McClure"
    },
    {
        "id": "6642",
        "name": "Rosaria Gibson"
    },
    {
        "id": "6643",
        "name": "Werner Huel II"
    },
    {
        "id": "6644",
        "name": "Manuel Metz"
    },
    {
        "id": "6645",
        "name": "Mr. Karrie Mayer"
    },
    {
        "id": "6646",
        "name": "James Okuneva"
    },
    {
        "id": "6647",
        "name": "Hunter Frami"
    },
    {
        "id": "6648",
        "name": "Irving Douglas"
    },
    {
        "id": "6649",
        "name": "Margarito Schiller I"
    },
    {
        "id": "6650",
        "name": "Mrs. Jeanice Lemke"
    },
    {
        "id": "6651",
        "name": "Emilio Bauch"
    },
    {
        "id": "6652",
        "name": "Christine Beer"
    },
    {
        "id": "6653",
        "name": "Zula Runolfsson"
    },
    {
        "id": "6654",
        "name": "Ilona Koelpin"
    },
    {
        "id": "6655",
        "name": "Carie Friesen"
    },
    {
        "id": "6656",
        "name": "Mr. Trang Sauer"
    },
    {
        "id": "6657",
        "name": "Charissa Morar"
    },
    {
        "id": "6658",
        "name": "Moises Bartell"
    },
    {
        "id": "6659",
        "name": "Dr. Shaun Christiansen"
    },
    {
        "id": "6660",
        "name": "Bernardo Cormier Sr."
    },
    {
        "id": "6661",
        "name": "Burma Weissnat"
    },
    {
        "id": "6662",
        "name": "Terrie Schroeder"
    },
    {
        "id": "6663",
        "name": "Mr. Eliz Adams"
    },
    {
        "id": "6664",
        "name": "Cleveland Upton"
    },
    {
        "id": "6665",
        "name": "Delbert Lemke"
    },
    {
        "id": "6666",
        "name": "Soila Krajcik"
    },
    {
        "id": "6667",
        "name": "Delmar Lueilwitz DVM"
    },
    {
        "id": "6668",
        "name": "Ricardo Brakus I"
    },
    {
        "id": "6669",
        "name": "Mr. Dominica Zboncak"
    },
    {
        "id": "6670",
        "name": "Mr. August Botsford"
    },
    {
        "id": "6671",
        "name": "Carie Bechtelar"
    },
    {
        "id": "6672",
        "name": "Onita Bartoletti I"
    },
    {
        "id": "6673",
        "name": "Vannessa Kuphal"
    },
    {
        "id": "6674",
        "name": "Dr. Shery Feeney"
    },
    {
        "id": "6675",
        "name": "Emerald Mayer II"
    },
    {
        "id": "6676",
        "name": "Mrs. Shawn Jacobi"
    },
    {
        "id": "6677",
        "name": "Sharonda Ziemann"
    },
    {
        "id": "6678",
        "name": "Cherelle Sauer"
    },
    {
        "id": "6679",
        "name": "Carrol Sporer MD"
    },
    {
        "id": "6680",
        "name": "Ezekiel Kiehn"
    },
    {
        "id": "6681",
        "name": "Maisha Fahey"
    },
    {
        "id": "6682",
        "name": "Larita Monahan"
    },
    {
        "id": "6683",
        "name": "Yee Torphy"
    },
    {
        "id": "6684",
        "name": "Tanesha Krajcik"
    },
    {
        "id": "6685",
        "name": "Many Hartmann"
    },
    {
        "id": "6686",
        "name": "Dorthey Davis"
    },
    {
        "id": "6687",
        "name": "Carmen Stracke"
    },
    {
        "id": "6688",
        "name": "Stephnie Botsford"
    },
    {
        "id": "6689",
        "name": "Adolph Feil"
    },
    {
        "id": "6690",
        "name": "Erin Von"
    },
    {
        "id": "6691",
        "name": "Cori Reichel"
    },
    {
        "id": "6692",
        "name": "Nevada Waters PhD"
    },
    {
        "id": "6693",
        "name": "Cary Blanda"
    },
    {
        "id": "6694",
        "name": "Lavina Quitzon"
    },
    {
        "id": "6695",
        "name": "Jessika Bergstrom"
    },
    {
        "id": "6696",
        "name": "Angel Cummings"
    },
    {
        "id": "6697",
        "name": "Corinne Harber"
    },
    {
        "id": "6698",
        "name": "Carlo Kris IV"
    },
    {
        "id": "6699",
        "name": "Timothy Kuhn"
    },
    {
        "id": "6700",
        "name": "Jon Langosh Jr."
    },
    {
        "id": "6701",
        "name": "Bradford Wilderman IV"
    },
    {
        "id": "6702",
        "name": "Shanti Feest"
    },
    {
        "id": "6703",
        "name": "Ms. Dominick Hayes"
    },
    {
        "id": "6704",
        "name": "Harland Graham"
    },
    {
        "id": "6705",
        "name": "Sherice Welch"
    },
    {
        "id": "6706",
        "name": "Yun Waelchi"
    },
    {
        "id": "6707",
        "name": "Miss Terese Schultz"
    },
    {
        "id": "6708",
        "name": "Murray Armstrong DDS"
    },
    {
        "id": "6709",
        "name": "Claud Nienow"
    },
    {
        "id": "6710",
        "name": "Rochel Herman"
    },
    {
        "id": "6711",
        "name": "Fredric Zulauf"
    },
    {
        "id": "6712",
        "name": "Ms. Karole Cassin"
    },
    {
        "id": "6713",
        "name": "Garfield Graham DDS"
    },
    {
        "id": "6714",
        "name": "Clifford Nienow"
    },
    {
        "id": "6715",
        "name": "Ellie Herman"
    },
    {
        "id": "6716",
        "name": "Luetta Mosciski"
    },
    {
        "id": "6717",
        "name": "Shae Zboncak"
    },
    {
        "id": "6718",
        "name": "Alison Ebert"
    },
    {
        "id": "6719",
        "name": "Devora Gorczany"
    },
    {
        "id": "6720",
        "name": "Cliff Ritchie"
    },
    {
        "id": "6721",
        "name": "Wilmer Corkery"
    },
    {
        "id": "6722",
        "name": "Carl Lubowitz"
    },
    {
        "id": "6723",
        "name": "Dyan Walter"
    },
    {
        "id": "6724",
        "name": "Christina Schuster"
    },
    {
        "id": "6725",
        "name": "Frances Prosacco"
    },
    {
        "id": "6726",
        "name": "Ms. Willia Leuschke"
    },
    {
        "id": "6727",
        "name": "Isaac Hammes"
    },
    {
        "id": "6728",
        "name": "Debi Lindgren Sr."
    },
    {
        "id": "6729",
        "name": "Robin Green"
    },
    {
        "id": "6730",
        "name": "Adriana Streich Sr."
    },
    {
        "id": "6731",
        "name": "Awilda Rippin"
    },
    {
        "id": "6732",
        "name": "Angeles Wehner"
    },
    {
        "id": "6733",
        "name": "Li Berge Jr."
    },
    {
        "id": "6734",
        "name": "Kizzy VonRueden"
    },
    {
        "id": "6735",
        "name": "Donte Dickens"
    },
    {
        "id": "6736",
        "name": "Quinton Haag"
    },
    {
        "id": "6737",
        "name": "Azalee Goodwin Jr."
    },
    {
        "id": "6738",
        "name": "Jackelyn Blick"
    },
    {
        "id": "6739",
        "name": "Clarisa Quitzon"
    },
    {
        "id": "6740",
        "name": "Timmy Toy"
    },
    {
        "id": "6741",
        "name": "Sondra Barrows"
    },
    {
        "id": "6742",
        "name": "Johnny Howell"
    },
    {
        "id": "6743",
        "name": "Darrell Dach"
    },
    {
        "id": "6744",
        "name": "Jodi Rippin Sr."
    },
    {
        "id": "6745",
        "name": "Tona Abernathy"
    },
    {
        "id": "6748",
        "name": "Mr. Elinor Cruickshank"
    },
    {
        "id": "6749",
        "name": "Spencer McClure"
    },
    {
        "id": "6750",
        "name": "Miranda Schinner"
    },
    {
        "id": "6751",
        "name": "Mr. Trina Ondricka"
    },
    {
        "id": "6752",
        "name": "Tory Schneider"
    },
    {
        "id": "6753",
        "name": "Nathanael Crist IV"
    },
    {
        "id": "6754",
        "name": "Blaine Wuckert"
    },
    {
        "id": "6755",
        "name": "Lurline Will"
    },
    {
        "id": "6756",
        "name": "Jean Moore"
    },
    {
        "id": "6757",
        "name": "Tonie Gleason"
    },
    {
        "id": "6758",
        "name": "Gary Hane"
    },
    {
        "id": "6759",
        "name": "Pei Emard"
    },
    {
        "id": "6760",
        "name": "Ms. Wally Schumm"
    },
    {
        "id": "6761",
        "name": "Adam Rosenbaum"
    },
    {
        "id": "6762",
        "name": "Pasquale Walker DVM"
    },
    {
        "id": "6763",
        "name": "Priscilla Simonis"
    },
    {
        "id": "6764",
        "name": "Miss Sommer Rodriguez"
    },
    {
        "id": "6765",
        "name": "Rodrick Buckridge"
    },
    {
        "id": "6766",
        "name": "Rich Kuphal"
    },
    {
        "id": "6767",
        "name": "Alva Sporer"
    },
    {
        "id": "6768",
        "name": "Ollie Lang"
    },
    {
        "id": "6769",
        "name": "Rolland Langosh Sr."
    },
    {
        "id": "6770",
        "name": "Bert Willms III"
    },
    {
        "id": "6771",
        "name": "Sung Mraz"
    },
    {
        "id": "6772",
        "name": "Voncile Walsh"
    },
    {
        "id": "6773",
        "name": "Hannah Stark MD"
    },
    {
        "id": "6774",
        "name": "Bella Bartoletti"
    },
    {
        "id": "6775",
        "name": "Keenan Terry"
    },
    {
        "id": "6776",
        "name": "Jonathon Dickinson"
    },
    {
        "id": "6777",
        "name": "Mr. Josiah Sipes"
    },
    {
        "id": "6778",
        "name": "Yesenia Koepp"
    },
    {
        "id": "6779",
        "name": "Percy Schoen"
    },
    {
        "id": "6780",
        "name": "Allen Tromp"
    },
    {
        "id": "6781",
        "name": "Ms. Leisha Kulas"
    },
    {
        "id": "6782",
        "name": "Madison Parker"
    },
    {
        "id": "6783",
        "name": "Ida Runolfsson"
    },
    {
        "id": "6784",
        "name": "Pam Wehner"
    },
    {
        "id": "6785",
        "name": "Mrs. Julian Labadie"
    },
    {
        "id": "6786",
        "name": "Esteban Cartwright"
    },
    {
        "id": "6787",
        "name": "Briana Halvorson"
    },
    {
        "id": "6788",
        "name": "Vaughn Kemmer"
    },
    {
        "id": "6789",
        "name": "Kimberley McKenzie"
    },
    {
        "id": "6790",
        "name": "Allene Borer"
    },
    {
        "id": "6791",
        "name": "Thanh Corkery"
    },
    {
        "id": "6792",
        "name": "Pei Brown"
    },
    {
        "id": "6793",
        "name": "Dylan Turner"
    },
    {
        "id": "6794",
        "name": "Mrs. Jenae Harris"
    },
    {
        "id": "6795",
        "name": "Dexter Beer"
    },
    {
        "id": "6796",
        "name": "Hung Ortiz"
    },
    {
        "id": "6797",
        "name": "Leandra Erdman II"
    },
    {
        "id": "6798",
        "name": "Markus Nitzsche"
    },
    {
        "id": "6799",
        "name": "A "
    },
    {
        "id": "6800",
        "name": "Kirby Schmitt"
    },
    {
        "id": "6801",
        "name": "Jennefer Feil MD"
    },
    {
        "id": "6802",
        "name": "Dee Kovacek"
    },
    {
        "id": "6803",
        "name": "Pat Moen"
    },
    {
        "id": "6804",
        "name": "Miss Kenneth Jones"
    },
    {
        "id": "6805",
        "name": "Mackenzie Murphy"
    },
    {
        "id": "6806",
        "name": "Forrest Baumbach DVM"
    },
    {
        "id": "6807",
        "name": "Diedre Gaylord"
    },
    {
        "id": "6808",
        "name": "Miss Lucretia O'Hara"
    },
    {
        "id": "6809",
        "name": "Alphonse Sauer"
    },
    {
        "id": "6810",
        "name": "Mrs. Georgianne Kuhn"
    },
    {
        "id": "6811",
        "name": "Mrs. Casey Luettgen"
    },
    {
        "id": "6812",
        "name": "Mr. Trinity Olson"
    },
    {
        "id": "6813",
        "name": "Ayako Little"
    },
    {
        "id": "6814",
        "name": "Jeremiah Kirlin"
    },
    {
        "id": "6815",
        "name": "Nicolle Goodwin"
    },
    {
        "id": "6816",
        "name": "Kyla Rippin"
    },
    {
        "id": "6817",
        "name": "Melisa Prosacco"
    },
    {
        "id": "6818",
        "name": "Rosalind Brakus"
    },
    {
        "id": "6819",
        "name": "Mr. Arron Willms"
    },
    {
        "id": "6820",
        "name": "Kyle Cartwright"
    },
    {
        "id": "6821",
        "name": "Talitha Mayert"
    },
    {
        "id": "6822",
        "name": "Terri Quigley"
    },
    {
        "id": "6823",
        "name": "Rodolfo Herzog"
    },
    {
        "id": "6824",
        "name": "Alton Padberg"
    },
    {
        "id": "6825",
        "name": "Bong Beahan"
    },
    {
        "id": "6826",
        "name": "Latanya Sipes"
    },
    {
        "id": "6827",
        "name": "Michelle Johnson"
    },
    {
        "id": "6828",
        "name": "Louella Hermann"
    },
    {
        "id": "6829",
        "name": "Mr. Tawana Hettinger"
    },
    {
        "id": "6830",
        "name": "Curtis Kunde"
    },
    {
        "id": "6831",
        "name": "Sana Parker II"
    },
    {
        "id": "6832",
        "name": "Lanita Goodwin"
    },
    {
        "id": "6833",
        "name": "Edgar Schaden DVM"
    },
    {
        "id": "6834",
        "name": "Christina Haag"
    },
    {
        "id": "6835",
        "name": "Alvaro Heidenreich"
    },
    {
        "id": "6836",
        "name": "Miss Doug Tillman"
    },
    {
        "id": "6837",
        "name": "Peter Doyle"
    },
    {
        "id": "6838",
        "name": "Orville Boyle"
    },
    {
        "id": "6839",
        "name": "Mitchel Torphy I"
    },
    {
        "id": "6840",
        "name": "Dr. Kurt Bednar"
    },
    {
        "id": "6841",
        "name": "Erik Yost"
    },
    {
        "id": "6842",
        "name": "Dr. Rocky Rippin"
    },
    {
        "id": "6843",
        "name": "Augustine Feest"
    },
    {
        "id": "6844",
        "name": "Shondra Littel Jr."
    },
    {
        "id": "6845",
        "name": "Archie Abbott"
    },
    {
        "id": "6846",
        "name": "Linnie Schaden DVM"
    },
    {
        "id": "6847",
        "name": "Micha Gaylord IV"
    },
    {
        "id": "6848",
        "name": "Freeman Wunsch"
    },
    {
        "id": "6849",
        "name": "Rufina Cormier"
    },
    {
        "id": "6850",
        "name": "Caroyln Hudson"
    },
    {
        "id": "6851",
        "name": "Inger Mertz"
    },
    {
        "id": "6852",
        "name": "Marco Jones"
    },
    {
        "id": "6853",
        "name": "Thresa Lynch"
    },
    {
        "id": "6854",
        "name": "Carli Carter"
    },
    {
        "id": "6855",
        "name": "Arleen Wyman"
    },
    {
        "id": "6856",
        "name": "Malorie Effertz"
    },
    {
        "id": "6857",
        "name": "Mrs. Crysta Lindgren"
    },
    {
        "id": "6858",
        "name": "Otis Gislason I"
    },
    {
        "id": "6859",
        "name": "Leatrice Fay III"
    },
    {
        "id": "6860",
        "name": "Otto Schinner V"
    },
    {
        "id": "6861",
        "name": "Johnnie Krajcik"
    },
    {
        "id": "6862",
        "name": "Ismael Nolan III"
    },
    {
        "id": "6863",
        "name": "Vita Haley"
    },
    {
        "id": "6864",
        "name": "Carmelia Cremin"
    },
    {
        "id": "6865",
        "name": "Devon Fritsch"
    },
    {
        "id": "6866",
        "name": "Shanell O'Connell"
    },
    {
        "id": "6867",
        "name": "Shonda Smith"
    },
    {
        "id": "6868",
        "name": "Adan Zboncak I"
    },
    {
        "id": "6869",
        "name": "Divina Trantow"
    },
    {
        "id": "6870",
        "name": "Dario Roberts Sr."
    },
    {
        "id": "6871",
        "name": "Perry Rogahn"
    },
    {
        "id": "6872",
        "name": "Pandora Prohaska PhD"
    },
    {
        "id": "6873",
        "name": "Ms. Emmett Daniel"
    },
    {
        "id": "6874",
        "name": "Edmund Mosciski"
    },
    {
        "id": "6875",
        "name": "Carline Reynolds"
    },
    {
        "id": "6876",
        "name": "Cameron Sanford"
    },
    {
        "id": "6877",
        "name": "Angila Bashirian"
    },
    {
        "id": "6878",
        "name": "Cherly Howe"
    },
    {
        "id": "6879",
        "name": "Gabriel Rempel"
    },
    {
        "id": "6880",
        "name": "Mirtha Christiansen"
    },
    {
        "id": "6881",
        "name": "Leonardo Senger"
    },
    {
        "id": "6882",
        "name": "Miss Galen Murphy"
    },
    {
        "id": "6883",
        "name": "Kina Stamm"
    },
    {
        "id": "6884",
        "name": "Ilona Rippin MD"
    },
    {
        "id": "6885",
        "name": "Ta Tremblay"
    },
    {
        "id": "6886",
        "name": "Violet Monahan"
    },
    {
        "id": "6887",
        "name": "Jamal Kunde"
    },
    {
        "id": "6888",
        "name": "Dr. Calvin Greenholt"
    },
    {
        "id": "6889",
        "name": "Mr. Xochitl O'Connell"
    },
    {
        "id": "6890",
        "name": "Tuan Mraz MD"
    },
    {
        "id": "6891",
        "name": "Miss Aracely Conroy"
    },
    {
        "id": "6892",
        "name": "Deane King"
    },
    {
        "id": "6893",
        "name": "Ms. Gerard Roob"
    },
    {
        "id": "6894",
        "name": "Miss Michael Sipes"
    },
    {
        "id": "6895",
        "name": "Curtis O'Kon"
    },
    {
        "id": "6896",
        "name": "Dr. Ed Wuckert"
    },
    {
        "id": "6897",
        "name": "Mrs. Bradly Torphy"
    },
    {
        "id": "6898",
        "name": "Dakota Russel"
    },
    {
        "id": "6899",
        "name": "Avril Bogisich"
    },
    {
        "id": "6900",
        "name": "Darrel Gorczany Jr."
    },
    {
        "id": "6901",
        "name": "Ms. Mariano Durgan"
    },
    {
        "id": "6902",
        "name": "Yevette Bosco"
    },
    {
        "id": "6903",
        "name": "Shayla Mertz"
    },
    {
        "id": "6904",
        "name": "Hobert Wunsch"
    },
    {
        "id": "6905",
        "name": "Jesus McGlynn"
    },
    {
        "id": "6906",
        "name": "Gertha Schaefer Jr."
    },
    {
        "id": "6907",
        "name": "Tandra Brown"
    },
    {
        "id": "6908",
        "name": "Arnoldo Schultz"
    },
    {
        "id": "6909",
        "name": "Racheal Tremblay"
    },
    {
        "id": "6910",
        "name": "Sau Hudson Sr."
    },
    {
        "id": "6911",
        "name": "Fil"
    },
    {
        "id": "6912",
        "name": "mouse"
    },
    {
        "id": "6913",
        "name": "FilmonWerede"
    },
    {
        "id": "6914",
        "name": "FilmonWerede"
    },
    {
        "id": "6915",
        "name": "FilmonWerede"
    },
    {
        "id": "6916",
        "name": "FilmonWerede"
    },
    {
        "id": "6917",
        "name": "Mr. Lanelle Turner"
    },
    {
        "id": "6918",
        "name": "Mr. Chas Sporer"
    },
    {
        "id": "6919",
        "name": "Eusebio Carter"
    },
    {
        "id": "6920",
        "name": "Rafael Glover"
    },
    {
        "id": "6921",
        "name": "Emogene Feil"
    },
    {
        "id": "6922",
        "name": "Louis Mraz PhD"
    },
    {
        "id": "6923",
        "name": "Imogene Stracke V"
    },
    {
        "id": "6924",
        "name": "Krystin Gutkowski"
    },
    {
        "id": "6925",
        "name": "Rudy Considine"
    },
    {
        "id": "6926",
        "name": "Millie Huels"
    },
    {
        "id": "6927",
        "name": "Logan Robel"
    },
    {
        "id": "6928",
        "name": "Jona Feil"
    },
    {
        "id": "6929",
        "name": "Ramonita Ernser"
    },
    {
        "id": "6930",
        "name": "Richard Rowe Sr."
    },
    {
        "id": "6931",
        "name": "Mrs. Marcelino Morissette"
    },
    {
        "id": "6932",
        "name": "Cristobal Lakin IV"
    },
    {
        "id": "6933",
        "name": "Granville Bernier"
    },
    {
        "id": "6934",
        "name": "Mindi Pfannerstill"
    },
    {
        "id": "6935",
        "name": "Ms. Patricia Barton"
    },
    {
        "id": "6936",
        "name": "Dr. Laverne Block"
    },
    {
        "id": "6937",
        "name": "Mr. Nidia Ankunding"
    },
    {
        "id": "6938",
        "name": "Fabiola Rodriguez"
    },
    {
        "id": "6939",
        "name": "Dr. Burton Blanda"
    },
    {
        "id": "6940",
        "name": "Miss Kathrine Collier"
    },
    {
        "id": "6941",
        "name": "Kecia Krajcik"
    },
    {
        "id": "6942",
        "name": "Sandy McCullough"
    },
    {
        "id": "6943",
        "name": "Simona McCullough MD"
    },
    {
        "id": "6944",
        "name": "Bibi Deckow"
    },
    {
        "id": "6945",
        "name": "Adalberto Predovic V"
    },
    {
        "id": "6946",
        "name": "Mrs. Digna Kihn"
    },
    {
        "id": "6947",
        "name": "Levi Lehner"
    },
    {
        "id": "6948",
        "name": "Eugene Johnston"
    },
    {
        "id": "6949",
        "name": "Londa Carter"
    },
    {
        "id": "6950",
        "name": "Jeanetta Goodwin III"
    },
    {
        "id": "6951",
        "name": "Booker Upton"
    },
    {
        "id": "6952",
        "name": "Chadwick VonRueden"
    },
    {
        "id": "6953",
        "name": "Malcom Bashirian"
    },
    {
        "id": "6954",
        "name": "Pat Dickens DDS"
    },
    {
        "id": "6955",
        "name": "Christiane Kohler"
    },
    {
        "id": "6956",
        "name": "Jocelyn Wilkinson"
    },
    {
        "id": "6957",
        "name": "Maren Grant MD"
    },
    {
        "id": "6958",
        "name": "Erica McLaughlin III"
    },
    {
        "id": "6959",
        "name": "Ivy Gottlieb"
    },
    {
        "id": "6960",
        "name": "Dr. Dallas Jacobs"
    },
    {
        "id": "6961",
        "name": "Eugenio Jones"
    },
    {
        "id": "6962",
        "name": "Shavonda Harris"
    },
    {
        "id": "6963",
        "name": "Miss Rosanna Spinka"
    },
    {
        "id": "6964",
        "name": "Magda Bins"
    },
    {
        "id": "6965",
        "name": "Aubrey Gorczany"
    },
    {
        "id": "6966",
        "name": "Cleora Little"
    },
    {
        "id": "6967",
        "name": "Kelsi Swaniawski PhD"
    },
    {
        "id": "6968",
        "name": "Nila Stroman"
    },
    {
        "id": "6969",
        "name": "Milo Kulas"
    },
    {
        "id": "6970",
        "name": "Cythia Marquardt"
    },
    {
        "id": "6971",
        "name": "Hector Schaden I"
    },
    {
        "id": "6972",
        "name": "Lane Wiegand"
    },
    {
        "id": "6973",
        "name": "Mr. Ivan Schroeder"
    },
    {
        "id": "6974",
        "name": "Mrs. Bryce Schneider"
    },
    {
        "id": "6975",
        "name": "Granville Turner"
    },
    {
        "id": "6976",
        "name": "Joetta Skiles II"
    },
    {
        "id": "6977",
        "name": "Aretha Legros"
    },
    {
        "id": "6978",
        "name": "Carola Jaskolski"
    },
    {
        "id": "6979",
        "name": "Violeta Kulas V"
    },
    {
        "id": "6980",
        "name": "Olin Armstrong"
    },
    {
        "id": "6981",
        "name": "Polly Langosh"
    },
    {
        "id": "6982",
        "name": "Seymour Ernser"
    },
    {
        "id": "6983",
        "name": "Ms. Teofila Krajcik"
    },
    {
        "id": "6984",
        "name": "Irwin Tillman"
    },
    {
        "id": "6985",
        "name": "Ms. Guy Wilkinson"
    },
    {
        "id": "6986",
        "name": "Charleen Reilly"
    },
    {
        "id": "6987",
        "name": "Din Djarin"
    },
    {
        "id": "6988",
        "name": "Maxwell Mohr"
    },
    {
        "id": "6989",
        "name": "Sherrill Stoltenberg"
    },
    {
        "id": "6990",
        "name": "Dr. Brendan DuBuque"
    },
    {
        "id": "6991",
        "name": "Mrs. Rocky Murazik"
    },
    {
        "id": "6992",
        "name": "Rolland Kutch"
    },
    {
        "id": "6993",
        "name": "Sidney Keeling"
    },
    {
        "id": "6994",
        "name": "Mrs. Hiram Moen"
    },
    {
        "id": "6995",
        "name": "Dr. Sam Boehm"
    },
    {
        "id": "6996",
        "name": "Levi Keebler"
    },
    {
        "id": "6997",
        "name": "Timmy Walker PhD"
    },
    {
        "id": "6998",
        "name": "Ruthanne Legros"
    },
    {
        "id": "6999",
        "name": "Clinton Lind III"
    },
    {
        "id": "7000",
        "name": "Rosanne Muller IV"
    },
    {
        "id": "7001",
        "name": "Jordon Cormier"
    },
    {
        "id": "7002",
        "name": "Amada Russel"
    },
    {
        "id": "7003",
        "name": "Aurea Adams"
    },
    {
        "id": "7004",
        "name": "Anna Hermann"
    },
    {
        "id": "7005",
        "name": "Bradley Leffler"
    },
    {
        "id": "7006",
        "name": "Jack Anderson"
    },
    {
        "id": "7007",
        "name": "Trang Weber"
    },
    {
        "id": "7008",
        "name": "Kanisha Ortiz"
    },
    {
        "id": "7009",
        "name": "Dr. Christel Hahn"
    },
    {
        "id": "7010",
        "name": "Efrain Reilly"
    },
    {
        "id": "7011",
        "name": "Anamaria Gleason"
    },
    {
        "id": "7012",
        "name": "Cruz Kling"
    },
    {
        "id": "7013",
        "name": "Tia McDermott"
    },
    {
        "id": "7014",
        "name": "Brendan Wiza MD"
    },
    {
        "id": "7015",
        "name": "Ms. Salley O'Kon"
    },
    {
        "id": "7016",
        "name": "Rory DuBuque"
    },
    {
        "id": "7017",
        "name": "Wiley Ratke DVM"
    },
    {
        "id": "7018",
        "name": "Patrick Toy"
    },
    {
        "id": "7019",
        "name": "Nga Auer"
    },
    {
        "id": "7020",
        "name": "Patrica Cassin IV"
    },
    {
        "id": "7021",
        "name": "Dr. Franklyn Lang"
    },
    {
        "id": "7022",
        "name": "Elijah Wolff"
    },
    {
        "id": "7023",
        "name": "Jesus Farrell"
    },
    {
        "id": "7024",
        "name": "Jackie Bashirian"
    },
    {
        "id": "7025",
        "name": "Michaela Lemke Jr."
    },
    {
        "id": "7026",
        "name": "Genoveva Rau"
    },
    {
        "id": "7027",
        "name": "Manuel Cremin"
    },
    {
        "id": "7028",
        "name": "Von Hand"
    },
    {
        "id": "7029",
        "name": "Alvin Kutch"
    },
    {
        "id": "7030",
        "name": "Nakia Fadel"
    },
    {
        "id": "7031",
        "name": "Lachelle Haag"
    },
    {
        "id": "7032",
        "name": "Jennifer Kub"
    },
    {
        "id": "7033",
        "name": "Venessa Prosacco"
    },
    {
        "id": "7034",
        "name": "Jeffrey Denesik V"
    },
    {
        "id": "7035",
        "name": "Fatimah Hessel III"
    },
    {
        "id": "7036",
        "name": "Dr. Domitila Haley"
    },
    {
        "id": "7037",
        "name": "Lajuana D'Amore"
    },
    {
        "id": "7038",
        "name": "Felisha Yundt"
    },
    {
        "id": "7039",
        "name": "Normand Goodwin"
    },
    {
        "id": "7040",
        "name": "Collin Hansen"
    },
    {
        "id": "7041",
        "name": "Jerald Stokes"
    },
    {
        "id": "7042",
        "name": "Miss Tanna Torphy"
    },
    {
        "id": "7043",
        "name": "Homer Littel"
    },
    {
        "id": "7044",
        "name": "Winnie Langworth"
    },
    {
        "id": "7045",
        "name": "Xiao Bosco IV"
    },
    {
        "id": "7046",
        "name": "Chere Mayer"
    },
    {
        "id": "7047",
        "name": "Ariel Dooley"
    },
    {
        "id": "7048",
        "name": "Mrs. Tosha Cummings"
    },
    {
        "id": "7049",
        "name": "Maris Leannon"
    },
    {
        "id": "7050",
        "name": "Lavonne Cole"
    },
    {
        "id": "7051",
        "name": "Sima Gleichner"
    },
    {
        "id": "7052",
        "name": "Anabel Blanda"
    },
    {
        "id": "7053",
        "name": "Dr. Forest Marks"
    },
    {
        "id": "7054",
        "name": "Tawana Marks"
    },
    {
        "id": "7055",
        "name": "Elwood Murray"
    },
    {
        "id": "7056",
        "name": "Edison Emard"
    },
    {
        "id": "7057",
        "name": "Teodora Ratke"
    },
    {
        "id": "7058",
        "name": "Mae Tillman"
    },
    {
        "id": "7059",
        "name": "Charles O'Hara"
    },
    {
        "id": "7060",
        "name": "Brandy"
    },
    {
        "id": "7061",
        "name": "E"
    },
    {
        "id": "7062",
        "name": "A"
    },
    {
        "id": "7063",
        "name": "erkan"
    },
    {
        "id": "7064",
        "name": "Janis Kutch"
    },
    {
        "id": "7065",
        "name": "Samuel Batz"
    },
    {
        "id": "7066",
        "name": "Morton Brekke"
    },
    {
        "id": "7067",
        "name": "Darin Pfannerstill"
    },
    {
        "id": "7068",
        "name": "Brice Rolfson Sr."
    },
    {
        "id": "7069",
        "name": "Julieann Purdy"
    },
    {
        "id": "7070",
        "name": "Tory Reinger"
    },
    {
        "id": "7071",
        "name": "Ernesto Parker"
    },
    {
        "id": "7072",
        "name": "Nelson Terry"
    },
    {
        "id": "7073",
        "name": "Cathi Steuber IV"
    },
    {
        "id": "7074",
        "name": "Mr. Tobias Gutmann"
    },
    {
        "id": "7075",
        "name": "Margherita Lueilwitz"
    },
    {
        "id": "7076",
        "name": "Travis Sawayn"
    },
    {
        "id": "7077",
        "name": "Wilhemina Effertz"
    },
    {
        "id": "7078",
        "name": "Jerri Price"
    },
    {
        "id": "7079",
        "name": "Whitney Wolff MD"
    },
    {
        "id": "7080",
        "name": "Ms. Ethelene Rempel"
    },
    {
        "id": "7081",
        "name": "Dr. Laraine Rosenbaum"
    },
    {
        "id": "7082",
        "name": "Mr. Jaime Mosciski"
    },
    {
        "id": "7083",
        "name": "Mrs. Chung Haley"
    },
    {
        "id": "7084",
        "name": "Brice DuBuque"
    },
    {
        "id": "7085",
        "name": "Johnie Blick DDS"
    },
    {
        "id": "7086",
        "name": "Wes Torphy DDS"
    },
    {
        "id": "7087",
        "name": "Beckie Hyatt"
    },
    {
        "id": "7088",
        "name": "Donetta O'Conner"
    },
    {
        "id": "7089",
        "name": "Olene Klocko"
    },
    {
        "id": "7090",
        "name": "Helene Kuhn"
    },
    {
        "id": "7091",
        "name": "Lupe Steuber"
    },
    {
        "id": "7092",
        "name": "EmanMomani"
    },
    {
        "id": "7093",
        "name": "Nyla Conroy"
    },
    {
        "id": "7094",
        "name": "Chas Bernhard PhD"
    },
    {
        "id": "7095",
        "name": "Allison Lindgren"
    },
    {
        "id": "7096",
        "name": "Cornelius Treutel"
    },
    {
        "id": "7097",
        "name": "Mr. Wiley Lubowitz"
    },
    {
        "id": "7098",
        "name": "Ruby Kub"
    },
    {
        "id": "7099",
        "name": "Vernie Mohr"
    },
    {
        "id": "7100",
        "name": "Jewel Block"
    },
    {
        "id": "7101",
        "name": "Mafalda Kshlerin"
    },
    {
        "id": "7102",
        "name": "Trinidad Huel"
    },
    {
        "id": "7103",
        "name": "Roy Goldner"
    },
    {
        "id": "7104",
        "name": "Shu Hilpert"
    },
    {
        "id": "7105",
        "name": "Marica Von"
    },
    {
        "id": "7106",
        "name": "Gaylord Mante"
    },
    {
        "id": "7107",
        "name": "Phylis Nader MD"
    },
    {
        "id": "7108",
        "name": "Cayla Price"
    },
    {
        "id": "7109",
        "name": "Lourdes Schowalter DDS"
    },
    {
        "id": "7110",
        "name": "Floretta McGlynn"
    },
    {
        "id": "7111",
        "name": "Ruthanne Hane"
    },
    {
        "id": "7112",
        "name": "Ehtel Ortiz Jr."
    },
    {
        "id": "7113",
        "name": "Miss Ellsworth Hauck"
    },
    {
        "id": "7114",
        "name": "Norbert McCullough"
    },
    {
        "id": "7115",
        "name": "Miss Tien Block"
    },
    {
        "id": "7116",
        "name": "Patsy Casper"
    },
    {
        "id": "7117",
        "name": "Mrs. Youlanda Reichert"
    },
    {
        "id": "7118",
        "name": "Natisha Spinka III"
    },
    {
        "id": "7119",
        "name": "Willie King"
    },
    {
        "id": "7120",
        "name": "Stacey Reichel"
    },
    {
        "id": "7121",
        "name": "Sarah Hickle Jr."
    },
    {
        "id": "7122",
        "name": "Lakeisha Lakin"
    },
    {
        "id": "7123",
        "name": "Euna Reinger"
    },
    {
        "id": "7124",
        "name": "Christoper Douglas"
    },
    {
        "id": "7125",
        "name": "Colby Willms"
    },
    {
        "id": "7126",
        "name": "Rebecka O'Conner"
    },
    {
        "id": "7127",
        "name": "Darron Mitchell"
    },
    {
        "id": "7128",
        "name": "Mrs. Katlyn Buckridge"
    },
    {
        "id": "7129",
        "name": "Valene Medhurst"
    },
    {
        "id": "7130",
        "name": "Miss Jamal Fahey"
    },
    {
        "id": "7131",
        "name": "Gaylord Swift"
    },
    {
        "id": "7132",
        "name": "Mr. Maryann Pagac"
    },
    {
        "id": "7133",
        "name": "Tomiko Wiegand"
    },
    {
        "id": "7134",
        "name": "Miss Augustus Simonis"
    },
    {
        "id": "7135",
        "name": "Janie Pfeffer"
    },
    {
        "id": "7136",
        "name": "Cary Streich IV"
    },
    {
        "id": "7137",
        "name": "Savanna Nader"
    },
    {
        "id": "7138",
        "name": "Anisa Hills"
    },
    {
        "id": "7139",
        "name": "Tanisha Veum"
    },
    {
        "id": "7140",
        "name": "Mr. Dorotha Krajcik"
    },
    {
        "id": "7141",
        "name": "Ms. Otis Hilll"
    },
    {
        "id": "7142",
        "name": "Theron Mosciski"
    },
    {
        "id": "7143",
        "name": "Darleen Considine"
    },
    {
        "id": "7144",
        "name": "Ronald Bins V"
    },
    {
        "id": "7145",
        "name": "Roselle Heidenreich"
    },
    {
        "id": "7146",
        "name": "Rosalind Franklin"
    },
    {
        "id": "7147",
        "name": "Chien-Shiung Wu"
    },
    {
        "id": "7148",
        "name": "Billie Nicolas"
    },
    {
        "id": "7149",
        "name": "Melynda Waelchi"
    },
    {
        "id": "7150",
        "name": "Dr. Daine Conn"
    },
    {
        "id": "7151",
        "name": "Wilford Hilll IV"
    },
    {
        "id": "7152",
        "name": "Hien Morissette"
    },
    {
        "id": "7153",
        "name": "Alvin Hackett"
    },
    {
        "id": "7154",
        "name": "Cordia Kassulke"
    },
    {
        "id": "7155",
        "name": "Aja Flatley"
    },
    {
        "id": "7156",
        "name": "Alicia Grant"
    },
    {
        "id": "7157",
        "name": "Chiquita Bode"
    },
    {
        "id": "7158",
        "name": "Mitsue Kunde"
    },
    {
        "id": "7159",
        "name": "Daren Friesen"
    },
    {
        "id": "7160",
        "name": "Buster Casper"
    },
    {
        "id": "7161",
        "name": "Dr. Russell Rohan"
    },
    {
        "id": "7162",
        "name": "Ashley Christiansen"
    },
    {
        "id": "7163",
        "name": "Lakeesha Runolfsdottir"
    },
    {
        "id": "7164",
        "name": "Chanel Witting"
    },
    {
        "id": "7165",
        "name": "Lester Macejkovic"
    },
    {
        "id": "7166",
        "name": "des"
    },
    {
        "id": "7167",
        "name": "Ali Os"
    },
    {
        "id": "7168",
        "name": "Pasty Braun"
    },
    {
        "id": "7169",
        "name": "Earlean Mills"
    },
    {
        "id": "7170",
        "name": "Librarian 1010"
    },
    {
        "id": "7171",
        "name": "Zurab Kakichashvili"
    },
    {
        "id": "7172",
        "name": "dfadfafa"
    },
    {
        "id": "7173",
        "name": "lalalalala"
    },
    {
        "id": "7174",
        "name": "Ali"
    },
    {
        "id": "7175",
        "name": "Britt Kuhn"
    },
    {
        "id": "7176",
        "name": "Peter Rohan"
    },
    {
        "id": "7177",
        "name": "James Bolt"
    },
    {
        "id": "7178",
        "name": "Weston Hammes DDS"
    },
    {
        "id": "7179",
        "name": "Samuel McLaughlin"
    },
    {
        "id": "7180",
        "name": "Patria Gorczany"
    },
    {
        "id": "7181",
        "name": "Augustine Daugherty"
    },
    {
        "id": "7182",
        "name": "Mrs. Arlyne O'Hara"
    },
    {
        "id": "7183",
        "name": "Gail Schmitt IV"
    },
    {
        "id": "7184",
        "name": "Gaynelle Schulist"
    },
    {
        "id": "7185",
        "name": "Jude Conn"
    },
    {
        "id": "7186",
        "name": "Marlo Farrell"
    },
    {
        "id": "7187",
        "name": "Mrs. Leanne Dooley"
    },
    {
        "id": "7188",
        "name": "Randal Dach MD"
    },
    {
        "id": "7189",
        "name": "Maisha Haag MD"
    },
    {
        "id": "7190",
        "name": "Antone MacGyver"
    },
    {
        "id": "7191",
        "name": "Sammie Erdman"
    },
    {
        "id": "7192",
        "name": "Pricilla Gulgowski II"
    },
    {
        "id": "7193",
        "name": "Mr. Son Ferry"
    },
    {
        "id": "7194",
        "name": "Jonathan Bahringer"
    },
    {
        "id": "7195",
        "name": "Charlie Bechtelar"
    },
    {
        "id": "7196",
        "name": "Mathew Pacocha Jr."
    },
    {
        "id": "7197",
        "name": "Elwood Bode"
    },
    {
        "id": "7198",
        "name": "Evangelina Schamberger"
    },
    {
        "id": "7199",
        "name": "Mrs. Suzy Nicolas"
    },
    {
        "id": "7200",
        "name": "Luther Greenholt"
    },
    {
        "id": "7201",
        "name": "Caroyln Runolfsdottir"
    },
    {
        "id": "7202",
        "name": "Tad Herman"
    },
    {
        "id": "7203",
        "name": "Lucienne Bradtke"
    },
    {
        "id": "7204",
        "name": "Jin Jenkins"
    },
    {
        "id": "7205",
        "name": "Dr. Claudia Abbott"
    },
    {
        "id": "7206",
        "name": "Regenia Batz"
    },
    {
        "id": "7207",
        "name": "Lays"
    },
    {
        "id": "7208",
        "name": "Perry Cassin"
    },
    {
        "id": "7209",
        "name": "Lindy Reichert"
    },
    {
        "id": "7210",
        "name": "Alfonso Borer DVM"
    },
    {
        "id": "7211",
        "name": "Bea Gutkowski"
    },
    {
        "id": "7212",
        "name": "Evie Treutel"
    },
    {
        "id": "7213",
        "name": "Marcelle Prohaska"
    },
    {
        "id": "7214",
        "name": "Enedina Harber"
    },
    {
        "id": "7215",
        "name": "Dr. Monika Hettinger"
    },
    {
        "id": "7216",
        "name": "Kikkoman"
    },
    {
        "id": "7217",
        "name": "Carolin Kautzer"
    },
    {
        "id": "7218",
        "name": "Arnoldo Romaguera"
    },
    {
        "id": "7219",
        "name": "Erinn Gislason"
    },
    {
        "id": "7220",
        "name": "Frankie Zboncak"
    },
    {
        "id": "7221",
        "name": "Ivan"
    },
    {
        "id": "7222",
        "name": "Rudolf Weissnat"
    },
    {
        "id": "7223",
        "name": "Mohammad Huel"
    },
    {
        "id": "7224",
        "name": "Miss Emely Bechtelar"
    },
    {
        "id": "7225",
        "name": "Hanna Turcotte III"
    },
    {
        "id": "7226",
        "name": "Milton Bashirian"
    },
    {
        "id": "7227",
        "name": "Marlin Gutkowski"
    },
    {
        "id": "7228",
        "name": "Steve Kohler III"
    },
    {
        "id": "7229",
        "name": "Dr. Renaldo Roob"
    },
    {
        "id": "7230",
        "name": "Yvonne Homenick"
    },
    {
        "id": "7231",
        "name": "Timothy Olson"
    },
    {
        "id": "7232",
        "name": "Mrs. Kristeen Pagac"
    },
    {
        "id": "7233",
        "name": "Carlton Langosh III"
    },
    {
        "id": "7234",
        "name": "Joseph Leffler"
    },
    {
        "id": "7235",
        "name": "Mayra Nitzsche"
    },
    {
        "id": "7236",
        "name": "Stanton Jacobson Sr."
    },
    {
        "id": "7237",
        "name": "Ms. Ciara Harvey"
    },
    {
        "id": "7238",
        "name": "Herb Grimes"
    },
    {
        "id": "7239",
        "name": "Marvel Kuvalis"
    },
    {
        "id": "7240",
        "name": "Myrtie Schmitt"
    },
    {
        "id": "7241",
        "name": "Marshall Luettgen"
    },
    {
        "id": "7242",
        "name": "EmanMomani"
    },
    {
        "id": "7243",
        "name": "EmanMomani"
    },
    {
        "id": "7244",
        "name": "EmanMomani"
    },
    {
        "id": "7245",
        "name": "Adam Frami Jr."
    },
    {
        "id": "7246",
        "name": "Lynette McGlynn"
    },
    {
        "id": "7247",
        "name": "Alios123"
    },
    {
        "id": "7248",
        "name": "Julius Walker"
    },
    {
        "id": "7249",
        "name": "Cordie Steuber"
    },
    {
        "id": "7250",
        "name": "Shokhrukh Sharapov"
    },
    {
        "id": "7251",
        "name": "ali"
    },
    {
        "id": "7252",
        "name": "Jamey Schinner"
    },
    {
        "id": "7253",
        "name": "Timothy Harris"
    },
    {
        "id": "7254",
        "name": "Nur"
    },
    {
        "id": "7255",
        "name": "Joel Veum Jr."
    },
    {
        "id": "7256",
        "name": "Bred Pitt"
    },
    {
        "id": "7257",
        "name": "Bessie Hoeger MD"
    },
    {
        "id": "7258",
        "name": "Antonina Powlowski"
    },
    {
        "id": "7259",
        "name": "Evalyn Hickle"
    },
    {
        "id": "7260",
        "name": "Rashad Rice III"
    },
    {
        "id": "7261",
        "name": "Emmy Denesik"
    },
    {
        "id": "7262",
        "name": "Alonzo Abshire V"
    },
    {
        "id": "7263",
        "name": "Edie Glover"
    },
    {
        "id": "7264",
        "name": "Mr. Blake Conn"
    },
    {
        "id": "7265",
        "name": "Al Cummerata"
    },
    {
        "id": "7266",
        "name": "Miss Mellisa Heathcote"
    },
    {
        "id": "7267",
        "name": "Nestor Tromp III"
    },
    {
        "id": "7268",
        "name": "Jerrod Jenkins DDS"
    },
    {
        "id": "7269",
        "name": "Marybelle Bechtelar"
    },
    {
        "id": "7270",
        "name": "Mrs. Josphine Ward"
    },
    {
        "id": "7271",
        "name": "Contessa Haag"
    },
    {
        "id": "7272",
        "name": "Curtis Casper MD"
    },
    {
        "id": "7273",
        "name": "Jenice Monahan"
    },
    {
        "id": "7274",
        "name": "Ralph Little"
    },
    {
        "id": "7275",
        "name": "Weldon Nader I"
    },
    {
        "id": "7276",
        "name": "Mrs. Caleb Klocko"
    },
    {
        "id": "7277",
        "name": "Lessie Moore"
    },
    {
        "id": "7278",
        "name": "Jimmy Joe"
    },
    {
        "id": "7279",
        "name": "Sprint Manual Testing"
    },
    {
        "id": "7280",
        "name": "Group 36 manual"
    },
    {
        "id": "7281",
        "name": "Group 34"
    },
    {
        "id": "7282",
        "name": "Group 35 user"
    },
    {
        "id": "7283",
        "name": "latif"
    },
    {
        "id": "7284",
        "name": "Group33"
    },
    {
        "id": "7285",
        "name": "Group33_1"
    },
    {
        "id": "7286",
        "name": "Group33"
    },
    {
        "id": "7287",
        "name": "group"
    },
    {
        "id": "7288",
        "name": "group"
    },
    {
        "id": "7289",
        "name": "Khrystyna Nichveda"
    },
    {
        "id": "7290",
        "name": "Khrystyna Nichveda"
    },
    {
        "id": "7291",
        "name": "Khrystyna Nichveda"
    },
    {
        "id": "7292",
        "name": "Jon Smith"
    },
    {
        "id": "7293",
        "name": "Khrystyna Nichveda"
    },
    {
        "id": "7294",
        "name": "2023-03-14"
    },
    {
        "id": "7295",
        "name": "abdullah"
    },
    {
        "id": "7296",
        "name": "flora asad "
    },
    {
        "id": "7297",
        "name": "ad f"
    },
    {
        "id": "7298",
        "name": "ass a "
    },
    {
        "id": "7299",
        "name": "Jason Bourne"
    },
    {
        "id": "7300",
        "name": "ahmad"
    },
    {
        "id": "7301",
        "name": "gholam"
    },
    {
        "id": "7302",
        "name": "Clarke Collins"
    },
    {
        "id": "7303",
        "name": "vbjjkevwe weghwogbo"
    },
    {
        "id": "7304",
        "name": "Adriana Lima"
    },
    {
        "id": "7305",
        "name": "sferger"
    },
    {
        "id": "7306",
        "name": "gvwr4"
    },
    {
        "id": "7307",
        "name": "Polly Roberts"
    },
    {
        "id": "7308",
        "name": "Zack Nilson"
    },
    {
        "id": "7309",
        "name": "Bella White"
    },
    {
        "id": "7310",
        "name": "David Lynch"
    },
    {
        "id": "7311",
        "name": "Jason Bourne"
    },
    {
        "id": "7312",
        "name": "Nick Kol"
    },
    {
        "id": "7313",
        "name": "Officehours01"
    },
    {
        "id": "7314",
        "name": "MikeSmith"
    },
    {
        "id": "7315",
        "name": "john Doe"
    },
    {
        "id": "7316",
        "name": "random 01"
    },
    {
        "id": "7317",
        "name": "random 02"
    },
    {
        "id": "7318",
        "name": "random 01"
    },
    {
        "id": "7319",
        "name": "random 02"
    },
    {
        "id": "7320",
        "name": "random 01"
    },
    {
        "id": "7321",
        "name": "random 01"
    },
    {
        "id": "7322",
        "name": "random 02"
    },
    {
        "id": "7323",
        "name": "random 01"
    },
    {
        "id": "7324",
        "name": "random 02"
    },
    {
        "id": "7325",
        "name": "random 01"
    },
    {
        "id": "7326",
        "name": "random 02"
    },
    {
        "id": "7327",
        "name": "TJ Olson"
    },
    {
        "id": "7328",
        "name": "Kimberely Grant"
    },
    {
        "id": "7329",
        "name": "test test"
    },
    {
        "id": "7330",
        "name": "test test"
    },
    {
        "id": "7331",
        "name": "test test"
    },
    {
        "id": "7332",
        "name": "King is the Steven "
    },
    {
        "id": "7333",
        "name": "Stevn king"
    },
    {
        "id": "7334",
        "name": "Test Good job"
    },
    {
        "id": "7335",
        "name": "Test Good job"
    },
    {
        "id": "7336",
        "name": "Shina"
    },
    {
        "id": "7337",
        "name": "John Doe"
    },
    {
        "id": "7338",
        "name": "TestUser"
    },
    {
        "id": "7339",
        "name": "HelloUser"
    },
    {
        "id": "7340",
        "name": "Goerge"
    },
    {
        "id": "7341",
        "name": "TestUser"
    },
    {
        "id": "7342",
        "name": "dsafdas"
    },
    {
        "id": "7343",
        "name": "adsf"
    },
    {
        "id": "7344",
        "name": "asdfas"
    },
    {
        "id": "7345",
        "name": "asdfasdf"
    },
    {
        "id": "7346",
        "name": "asdfsd"
    },
    {
        "id": "7347",
        "name": "asdf"
    },
    {
        "id": "7348",
        "name": "asdf"
    },
    {
        "id": "7349",
        "name": "Iryna Nichveda"
    },
    {
        "id": "7350",
        "name": "Vadim Burduja"
    },
    {
        "id": "7351",
        "name": "Oleksandr Ozhoh"
    },
    {
        "id": "7352",
        "name": "Oleksandr Ozhoh"
    },
    {
        "id": "7353",
        "name": "Oleksandr Ozhoh"
    },
    {
        "id": "7354",
        "name": "Oleksandr Ozhoh"
    },
    {
        "id": "7355",
        "name": "Oleksandr Ozhoh"
    },
    {
        "id": "7356",
        "name": "adsfasd"
    },
    {
        "id": "7357",
        "name": "asdfasd"
    },
    {
        "id": "7358",
        "name": "adsfads"
    },
    {
        "id": "7359",
        "name": "adsfasd"
    },
    {
        "id": "7360",
        "name": "adsfasd"
    },
    {
        "id": "7361",
        "name": "asdfasd"
    },
    {
        "id": "7362",
        "name": "asdfas"
    },
    {
        "id": "7363",
        "name": "Olekasdfasdsandr Ozhoh"
    },
    {
        "id": "7364",
        "name": "adfbadfb"
    },
    {
        "id": "7365",
        "name": "asdfasd"
    },
    {
        "id": "7366",
        "name": "adsfasd"
    },
    {
        "id": "7367",
        "name": "asdfasd"
    },
    {
        "id": "7368",
        "name": "TJ Olson"
    },
    {
        "id": "7369",
        "name": "Olesya tekutyeva"
    },
    {
        "id": "7370",
        "name": "Olesya tekutyeva"
    },
    {
        "id": "7371",
        "name": "Olesya tekutyeva"
    },
    {
        "id": "7372",
        "name": "Olesya tekutyeva"
    },
    {
        "id": "7373",
        "name": "Olesya tekutyeva"
    },
    {
        "id": "7374",
        "name": "Olesya tekutyeva"
    },
    {
        "id": "7375",
        "name": "Olesya tekutyeva"
    },
    {
        "id": "7376",
        "name": "Olesya tekutyeva"
    },
    {
        "id": "7377",
        "name": "Olesya tekutyeva"
    },
    {
        "id": "7378",
        "name": "Olesya tekutyeva"
    },
    {
        "id": "7379",
        "name": "Olesya tekutyeva"
    },
    {
        "id": "7380",
        "name": "TJ Olson"
    },
    {
        "id": "7381",
        "name": "Ivan Nichveda"
    },
    {
        "id": "7382",
        "name": "TJ Olson"
    },
    {
        "id": "7383",
        "name": "Ihoor Yuimk"
    },
    {
        "id": "7384",
        "name": "Joe Nichveda"
    },
    {
        "id": "7385",
        "name": "Jim Nichveda"
    },
    {
        "id": "7386",
        "name": "Emilija Jovov"
    },
    {
        "id": "7387",
        "name": "Dan Nichveda"
    },
    {
        "id": "7388",
        "name": "James Corey"
    },
    {
        "id": "7389",
        "name": "Mary Nichveda"
    },
    {
        "id": "7390",
        "name": "Mary Green"
    },
    {
        "id": "7391",
        "name": "Mary Smith"
    },
    {
        "id": "7392",
        "name": "Mary Joe"
    },
    {
        "id": "7393",
        "name": "Archie Mraz"
    },
    {
        "id": "7394",
        "name": "Somer Lockman"
    },
    {
        "id": "7395",
        "name": "Robby Thiel"
    },
    {
        "id": "7396",
        "name": "TJ Olson"
    },
    {
        "id": "7397",
        "name": "Jane Doe"
    },
    {
        "id": "7398",
        "name": "Emily Doe"
    },
    {
        "id": "7399",
        "name": "Mary Jay"
    },
    {
        "id": "7400",
        "name": "Mary Mary"
    },
    {
        "id": "7401",
        "name": "John Greene"
    },
    {
        "id": "7402",
        "name": "ddfdfd"
    },
    {
        "id": "7403",
        "name": "errtrt"
    },
    {
        "id": "7404",
        "name": "Test-ana"
    },
    {
        "id": "7405",
        "name": "Test-Hamid"
    },
    {
        "id": "7406",
        "name": "Test-Saleh"
    },
    {
        "id": "7407",
        "name": "Test ana"
    },
    {
        "id": "7408",
        "name": "Test-Hamid"
    },
    {
        "id": "7409",
        "name": "Test Anas"
    },
    {
        "id": "7410",
        "name": "Test-Cristina"
    },
    {
        "id": "7411",
        "name": "Test-Elena"
    },
    {
        "id": "7412",
        "name": "Jasmine Garcia"
    },
    {
        "id": "7413",
        "name": "test-Veronika"
    },
    {
        "id": "7414",
        "name": "Jasmine Garcia1"
    },
    {
        "id": "7415",
        "name": "Jane Doe"
    },
    {
        "id": "7416",
        "name": "stsg"
    },
    {
        "id": "7417",
        "name": "Ms. Julene Mann"
    },
    {
        "id": "7418",
        "name": "Test-Raufff"
    },
    {
        "id": "7419",
        "name": "test-pri"
    },
    {
        "id": "7420",
        "name": "james bond"
    },
    {
        "id": "7421",
        "name": "TJ Olson"
    },
    {
        "id": "7422",
        "name": "Michael Koepp"
    },
    {
        "id": "7423",
        "name": "Test-Saleh1"
    },
    {
        "id": "7424",
        "name": "Test-Oscar"
    },
    {
        "id": "7425",
        "name": "Test-Maria"
    },
    {
        "id": "7426",
        "name": "Cornelius Welch"
    },
    {
        "id": "7427",
        "name": "Test-Kristina"
    },
    {
        "id": "7428",
        "name": "Test-Latife"
    },
    {
        "id": "7429",
        "name": "Test-Alex"
    },
    {
        "id": "7430",
        "name": "Test-Saleh2"
    },
    {
        "id": "7431",
        "name": "Test-Tina"
    },
    {
        "id": "7432",
        "name": "Jude Grant"
    },
    {
        "id": "7433",
        "name": "Jasmine Garcia"
    },
    {
        "id": "7434",
        "name": "Test-V"
    },
    {
        "id": "7435",
        "name": "TJ Olson"
    },
    {
        "id": "7436",
        "name": "Test-Ali"
    },
    {
        "id": "7437",
        "name": "Test-Fatma"
    },
    {
        "id": "7438",
        "name": "Test-Sohaila"
    },
    {
        "id": "7439",
        "name": "Cherilyn Raynor V"
    },
    {
        "id": "7440",
        "name": "Test-Anna"
    },
    {
        "id": "7441",
        "name": "Mrs. Britni Ratke"
    },
    {
        "id": "7442",
        "name": "Test-Sue"
    },
    {
        "id": "7443",
        "name": "Jasmine Garcia"
    },
    {
        "id": "7444",
        "name": "HellMan"
    },
    {
        "id": "7445",
        "name": "Jasmine Garcia"
    },
    {
        "id": "7446",
        "name": "Test-Hamid"
    },
    {
        "id": "7447",
        "name": "Stewart Langosh"
    },
    {
        "id": "7448",
        "name": "Test-Zakitest"
    },
    {
        "id": "7449",
        "name": "John-Weel"
    },
    {
        "id": "7450",
        "name": "Test-Raufffa"
    },
    {
        "id": "7451",
        "name": "Test-Cristina"
    },
    {
        "id": "7452",
        "name": "Test-Fenerbahce"
    },
    {
        "id": "7453",
        "name": "Test-Hamid"
    },
    {
        "id": "7454",
        "name": "TJ Olson"
    },
    {
        "id": "7455",
        "name": "TJ Olson"
    },
    {
        "id": "7456",
        "name": "Cornell Spinka"
    },
    {
        "id": "7457",
        "name": "Test-Hamid"
    },
    {
        "id": "7458",
        "name": "Test-Hamid"
    },
    {
        "id": "7459",
        "name": "TJ Olson"
    },
    {
        "id": "7460",
        "name": "Test-Maria"
    },
    {
        "id": "7461",
        "name": "Test-Saleh2"
    },
    {
        "id": "7462",
        "name": "Jasmine Garcia"
    },
    {
        "id": "7463",
        "name": "Test-Cristina"
    },
    {
        "id": "7464",
        "name": "Test-Rau"
    },
    {
        "id": "7465",
        "name": "Test-Saleh2"
    },
    {
        "id": "7466",
        "name": "Test-Tina1"
    },
    {
        "id": "7467",
        "name": "Test-SueK"
    },
    {
        "id": "7468",
        "name": "Test-Rau"
    },
    {
        "id": "7469",
        "name": "Jasmine Garcia"
    },
    {
        "id": "7470",
        "name": "Test-Oscar1"
    },
    {
        "id": "7471",
        "name": "Test-Saleh2"
    },
    {
        "id": "7472",
        "name": "Test-Cristina"
    },
    {
        "id": "7473",
        "name": "John Greens"
    },
    {
        "id": "7474",
        "name": "Test-S"
    },
    {
        "id": "7475",
        "name": "Test-Tina2"
    },
    {
        "id": "7476",
        "name": "Test-Cristina"
    },
    {
        "id": "7477",
        "name": "Test-Rau"
    },
    {
        "id": "7478",
        "name": "fghjk"
    },
    {
        "id": "7479",
        "name": "HelloMan123"
    },
    {
        "id": "7480",
        "name": "Test-Sohaila1"
    },
    {
        "id": "7481",
        "name": "Test Tom"
    },
    {
        "id": "7482",
        "name": "Test-Michelle"
    },
    {
        "id": "7483",
        "name": "Test-BU"
    },
    {
        "id": "7484",
        "name": "Test-Cristina"
    },
    {
        "id": "7485",
        "name": "Test-Tay"
    },
    {
        "id": "7486",
        "name": "Asuncion Pfeffer"
    },
    {
        "id": "7487",
        "name": "Test-John"
    },
    {
        "id": "7488",
        "name": "John Greep"
    },
    {
        "id": "7489",
        "name": "Test-A"
    },
    {
        "id": "7490",
        "name": "Test-stop"
    },
    {
        "id": "7491",
        "name": "Test-slop"
    },
    {
        "id": "7492",
        "name": "Test-Erum7"
    },
    {
        "id": "7493",
        "name": "TJ Olson"
    },
    {
        "id": "7494",
        "name": "TJ Olson"
    },
    {
        "id": "7495",
        "name": "TJ Olson"
    },
    {
        "id": "7496",
        "name": "TJ Olson"
    },
    {
        "id": "7497",
        "name": "asdfsad"
    },
    {
        "id": "7498",
        "name": "snfdn"
    },
    {
        "id": "7499",
        "name": "Oasdfdsa"
    },
    {
        "id": "7500",
        "name": "adsfasd"
    },
    {
        "id": "7501",
        "name": "asdfasd"
    },
    {
        "id": "7502",
        "name": "adshadshdas"
    },
    {
        "id": "7503",
        "name": "asdgsadg"
    },
    {
        "id": "7504",
        "name": "sdgasdg"
    },
    {
        "id": "7505",
        "name": "asdfadsfsa"
    },
    {
        "id": "7506",
        "name": "Oleksandr Ozhoh"
    },
    {
        "id": "7507",
        "name": "Test-Hamid"
    },
    {
        "id": "7508",
        "name": "Test-Hamid"
    },
    {
        "id": "7509",
        "name": "Test-Hamid"
    },
    {
        "id": "7510",
        "name": "Test-Hamid"
    },
    {
        "id": "7511",
        "name": "Test-Hamid"
    },
    {
        "id": "7512",
        "name": "Test-Hamid"
    },
    {
        "id": "7513",
        "name": "Test-Hamid"
    },
    {
        "id": "7514",
        "name": "Test-Hamid"
    },
    {
        "id": "7515",
        "name": "Test-Hamid"
    },
    {
        "id": "7516",
        "name": "Test-Hamid"
    },
    {
        "id": "7517",
        "name": "Test-Hamid"
    },
    {
        "id": "7518",
        "name": "Test-Hamid"
    },
    {
        "id": "7519",
        "name": "Test-Hamid"
    },
    {
        "id": "7520",
        "name": "Test-Hamid"
    },
    {
        "id": "7521",
        "name": "Test-Hamid"
    },
    {
        "id": "7522",
        "name": "Test-Hamid"
    },
    {
        "id": "7523",
        "name": "Oleksandr Ozhoh"
    },
    {
        "id": "7524",
        "name": "Oleksandr Ozhoh"
    },
    {
        "id": "7525",
        "name": "Oleksandr Ozhoh"
    },
    {
        "id": "7526",
        "name": "Oleksandr Ozhoh"
    },
    {
        "id": "7527",
        "name": "Oleksandr Ozhoh"
    },
    {
        "id": "7528",
        "name": "Oleksandr Ozhoh"
    },
    {
        "id": "7529",
        "name": "Oleksandr Ozhoh"
    },
    {
        "id": "7530",
        "name": "Oleksandr Ozhoh"
    },
    {
        "id": "7531",
        "name": "Oleksandr Ozhoh"
    },
    {
        "id": "7532",
        "name": "Oleksandr Ozhoh"
    },
    {
        "id": "7533",
        "name": "Oleksandr Ozhoh"
    },
    {
        "id": "7534",
        "name": "John Mors"
    },
    {
        "id": "7535",
        "name": "Test Dana"
    },
    {
        "id": "7536",
        "name": "Test Dana"
    },
    {
        "id": "7537",
        "name": "Oleksandr Ozhoh"
    },
    {
        "id": "7538",
        "name": "Oleksandr Ozhoh"
    },
    {
        "id": "7539",
        "name": "Test Khrystyna"
    },
    {
        "id": "7540",
        "name": "Test-Rauf"
    },
    {
        "id": "7541",
        "name": "Test-Rauf"
    },
    {
        "id": "7542",
        "name": "Test-Rauf"
    },
    {
        "id": "7543",
        "name": "Test-Dauren"
    },
    {
        "id": "7544",
        "name": "Test123"
    },
    {
        "id": "7545",
        "name": "jjjj"
    },
    {
        "id": "7546",
        "name": "334"
    },
    {
        "id": "7547",
        "name": "ssf"
    },
    {
        "id": "7548",
        "name": "Tonny Ray"
    },
    {
        "id": "7549",
        "name": "Test-DaurenK"
    },
    {
        "id": "7550",
        "name": "Test-Dauren02"
    },
    {
        "id": "7551",
        "name": "Tester11"
    },
    {
        "id": "7552",
        "name": "Tonny Ray"
    },
    {
        "id": "7553",
        "name": "Tonny Ray"
    },
    {
        "id": "7554",
        "name": "Test-unkonwn"
    },
    {
        "id": "7555",
        "name": "Test-unkonwn"
    },
    {
        "id": "7556",
        "name": "Goerge"
    },
    {
        "id": "7557",
        "name": "TJ Olson"
    },
    {
        "id": "7558",
        "name": "TJ Olson"
    },
    {
        "id": "7559",
        "name": "Test-Rauf"
    },
    {
        "id": "7560",
        "name": "Test-Rauf"
    },
    {
        "id": "7561",
        "name": "Test-Rauf"
    },
    {
        "id": "7562",
        "name": "Test-Rauf"
    },
    {
        "id": "7563",
        "name": "Tester12"
    },
    {
        "id": "7564",
        "name": "Test-Rauf"
    },
    {
        "id": "7565",
        "name": "Test-Rauf"
    },
    {
        "id": "7566",
        "name": "Test-Rauf"
    },
    {
        "id": "7567",
        "name": "Test-Vasyl"
    },
    {
        "id": "7568",
        "name": "Test-EC1"
    },
    {
        "id": "7569",
        "name": "Test-EC12"
    },
    {
        "id": "7570",
        "name": "TestNiso"
    },
    {
        "id": "7571",
        "name": "Tester-BZdfdsfsdlkfdsk"
    },
    {
        "id": "7572",
        "name": "Tester-BZ55"
    },
    {
        "id": "7573",
        "name": "Tester-BZ85"
    },
    {
        "id": "7574",
        "name": "58965"
    },
    {
        "id": "7575",
        "name": "Tester-BZ"
    },
    {
        "id": "7576",
        "name": "Tester6-BZ"
    },
    {
        "id": "7577",
        "name": "Tester66-BZ"
    },
    {
        "id": "7578",
        "name": "Tester67-BZ"
    },
    {
        "id": "7579",
        "name": "Tester68-BZ"
    },
    {
        "id": "7580",
        "name": "Tester69-BZ"
    },
    {
        "id": "7581",
        "name": "Tester70-BZ"
    },
    {
        "id": "7582",
        "name": "Tester71-BZ"
    },
    {
        "id": "7583",
        "name": "Tester72-BZ"
    },
    {
        "id": "7584",
        "name": "Tester73-BZ"
    },
    {
        "id": "7585",
        "name": "Dannia Mayls"
    },
    {
        "id": "7586",
        "name": "user1"
    },
    {
        "id": "7587",
        "name": "Asuncion Pfeffer"
    },
    {
        "id": "7588",
        "name": "Tester74-BZ"
    },
    {
        "id": "7589",
        "name": "Test-Negovan"
    },
    {
        "id": "7590",
        "name": "Test-Negovan"
    },
    {
        "id": "7591",
        "name": "Test-Negovan3"
    },
    {
        "id": "7592",
        "name": "Test-Negovan4"
    },
    {
        "id": "7593",
        "name": "Test-Negovan5"
    },
    {
        "id": "7594",
        "name": "NewUser"
    },
    {
        "id": "7595",
        "name": "DIME"
    },
    {
        "id": "7596",
        "name": "DIME LIBRARIAN"
    },
    {
        "id": "7597",
        "name": "limoncu :)"
    },
    {
        "id": "7598",
        "name": "student_test"
    },
    {
        "id": "7599",
        "name": "Eli Russel"
    },
    {
        "id": "7600",
        "name": "Steven King"
    },
    {
        "id": "7602",
        "name": "Emanuel Jones"
    },
    {
        "id": "7603",
        "name": "Colleen Feest"
    },
    {
        "id": "7604",
        "name": "Gerald Boyle II"
    },
    {
        "id": "7605",
        "name": "Ida Stroman"
    },
    {
        "id": "7606",
        "name": "Kathlene Zboncak"
    },
    {
        "id": "7607",
        "name": "Miss Avery Greenfelder"
    },
    {
        "id": "7608",
        "name": "Delbert Fritsch"
    },
    {
        "id": "7609",
        "name": "Corina Sawayn"
    },
    {
        "id": "7610",
        "name": "Joan Oberbrunner"
    },
    {
        "id": "7611",
        "name": "Gonzalo Breitenberg"
    },
    {
        "id": "7612",
        "name": "Kerry Paucek"
    },
    {
        "id": "7613",
        "name": "Brittny Kilback"
    },
    {
        "id": "7614",
        "name": "Precious Schroeder"
    },
    {
        "id": "7615",
        "name": "Lacy Cummerata Jr."
    },
    {
        "id": "7616",
        "name": "Mr. Jess Prosacco"
    },
    {
        "id": "7618",
        "name": "Roxanne Shields"
    },
    {
        "id": "7619",
        "name": "Ms. Catrina Reichel"
    },
    {
        "id": "7620",
        "name": "Chadwick Gusikowski"
    },
    {
        "id": "7621",
        "name": "Regine Olson"
    },
    {
        "id": "7622",
        "name": "Kandis Hermiston"
    },
    {
        "id": "7623",
        "name": "Maia Dibbert"
    },
    {
        "id": "7624",
        "name": "Adolph Weber II"
    },
    {
        "id": "7625",
        "name": "Latrisha Braun"
    },
    {
        "id": "7626",
        "name": "Aura Block I"
    },
    {
        "id": "7627",
        "name": "Cherryl Nitzsche III"
    },
    {
        "id": "7628",
        "name": "Latanya Hand I"
    },
    {
        "id": "7629",
        "name": "Johnie Rosenbaum"
    },
    {
        "id": "7630",
        "name": "1212313"
    },
    {
        "id": "7631",
        "name": "nurikk"
    },
    {
        "id": "7632",
        "name": "nurikkk"
    },
    {
        "id": "7633",
        "name": "Catherine Herzog"
    },
    {
        "id": "7634",
        "name": "Hubert Franecki"
    },
    {
        "id": "7635",
        "name": "Jake Dickinson"
    },
    {
        "id": "7636",
        "name": "Antonia Hodkiewicz"
    },
    {
        "id": "7637",
        "name": "Cecil Deckow"
    },
    {
        "id": "7638",
        "name": "Tony Pagac"
    },
    {
        "id": "7639",
        "name": "Herbert Douglas"
    },
    {
        "id": "7640",
        "name": "Reginald Goyette"
    },
    {
        "id": "7641",
        "name": "Miss Freddie Nader"
    },
    {
        "id": "7642",
        "name": "Conrad Bruen"
    },
    {
        "id": "7643",
        "name": "Dave VonRueden II"
    },
    {
        "id": "7644",
        "name": "Miss Jaime Johns"
    },
    {
        "id": "7645",
        "name": "Mattie Jaskolski"
    },
    {
        "id": "7646",
        "name": "Miguel Bradtke"
    },
    {
        "id": "7647",
        "name": "Samuel Hermiston"
    },
    {
        "id": "7648",
        "name": "Francis Deckow"
    },
    {
        "id": "7649",
        "name": "Vivian Runolfsdottir"
    },
    {
        "id": "7650",
        "name": "Thelma Parker"
    },
    {
        "id": "7651",
        "name": "Noel Bogan"
    },
    {
        "id": "7652",
        "name": "Alan Willms"
    },
    {
        "id": "7653",
        "name": "Stewart Crooks"
    },
    {
        "id": "7655",
        "name": "Garry hfbsjfsjdkeflksmfčs"
    },
    {
        "id": "7656",
        "name": "Virginia Kautzer"
    },
    {
        "id": "7657",
        "name": "name1"
    },
    {
        "id": "7659",
        "name": "Dave Schulist"
    },
    {
        "id": "7660",
        "name": "Adrien Windler"
    },
    {
        "id": "7661",
        "name": "Bernardo Crooks"
    },
    {
        "id": "7665",
        "name": "Irvin Schultz"
    },
    {
        "id": "7666",
        "name": "Alfredo Stark Jr."
    },
    {
        "id": "7667",
        "name": "Christena Auer"
    },
    {
        "id": "7668",
        "name": "Genoveva Veum PhD"
    },
    {
        "id": "7669",
        "name": "Rolf Sanford III"
    },
    {
        "id": "7670",
        "name": "Dominic Greenholt"
    },
    {
        "id": "7671",
        "name": "Hiroko Zulauf"
    },
    {
        "id": "7672",
        "name": "Tiara Block"
    },
    {
        "id": "7673",
        "name": "Leontine Heidenreich"
    },
    {
        "id": "7674",
        "name": "Tracy Mohr"
    },
    {
        "id": "7675",
        "name": "Amal Kertzmann"
    },
    {
        "id": "7676",
        "name": "Sanford Rutherford"
    },
    {
        "id": "7677",
        "name": "Tory Rice Sr."
    },
    {
        "id": "7678",
        "name": "Marco Stoltenberg"
    },
    {
        "id": "7679",
        "name": "Nolan Feest"
    },
    {
        "id": "7680",
        "name": "Evelyn Kutch"
    },
    {
        "id": "7681",
        "name": "Catherina Bergstrom"
    },
    {
        "id": "7682",
        "name": "Marcella Greenfelder"
    },
    {
        "id": "7683",
        "name": "Mabelle Fahey"
    },
    {
        "id": "7684",
        "name": "Alyson Nicolas"
    },
    {
        "id": "7685",
        "name": "Leland Marks"
    },
    {
        "id": "7686",
        "name": "Lyndsey Harber"
    },
    {
        "id": "7687",
        "name": "William Schumm"
    },
    {
        "id": "7688",
        "name": "Alphonso Terry"
    },
    {
        "id": "7689",
        "name": "Erna Kemmer Jr."
    },
    {
        "id": "7690",
        "name": "Dorothy Muller"
    },
    {
        "id": "7692",
        "name": "Stuart Langosh"
    },
    {
        "id": "7693",
        "name": "Rochel Powlowski III"
    },
    {
        "id": "7694",
        "name": "Erin Koelpin"
    },
    {
        "id": "7695",
        "name": "China Walker DDS"
    },
    {
        "id": "7696",
        "name": "Judson Schroeder"
    },
    {
        "id": "7697",
        "name": "Raye Krajcik"
    },
    {
        "id": "7698",
        "name": "Janetta Maggio"
    },
    {
        "id": "7699",
        "name": "Alvaro Gutmann I"
    },
    {
        "id": "7700",
        "name": "Johnny Gaylord Sr."
    },
    {
        "id": "7701",
        "name": "Domonique Aufderhar DVM"
    },
    {
        "id": "7702",
        "name": "Kisha Davis"
    },
    {
        "id": "7703",
        "name": "Moshe Ruecker"
    },
    {
        "id": "7704",
        "name": "Dwight Harber"
    },
    {
        "id": "7705",
        "name": "Frank Turner"
    },
    {
        "id": "7706",
        "name": "Cyndi Johnston MD"
    },
    {
        "id": "7707",
        "name": "Mrs. Ambrose Christiansen"
    },
    {
        "id": "7708",
        "name": "Harry Auer"
    },
    {
        "id": "7709",
        "name": "Annice Sanford Sr."
    },
    {
        "id": "7710",
        "name": "Johnathan Cartwright MD"
    },
    {
        "id": "7711",
        "name": "Marth Bechtelar"
    },
    {
        "id": "7712",
        "name": "Jeramy Abbott"
    },
    {
        "id": "7713",
        "name": "Janee Abbott"
    },
    {
        "id": "7715",
        "name": "Linwood Jacobi Jr."
    },
    {
        "id": "7716",
        "name": "Casey Nitzsche"
    },
    {
        "id": "7717",
        "name": "Theda West I"
    },
    {
        "id": "7718",
        "name": "Ed Johnston"
    },
    {
        "id": "7719",
        "name": "Lauren Mante III"
    },
    {
        "id": "7720",
        "name": "Lorraine Lockman"
    },
    {
        "id": "7721",
        "name": "Blake Mayer PhD"
    },
    {
        "id": "7722",
        "name": "Valentine Simonis MD"
    },
    {
        "id": "7723",
        "name": "Jacinda Spinka"
    },
    {
        "id": "7724",
        "name": "Darrin Balistreri"
    },
    {
        "id": "7725",
        "name": "Joetta Mueller"
    },
    {
        "id": "7726",
        "name": "Julius Champlin"
    },
    {
        "id": "7727",
        "name": "Kymberly Hayes IV"
    },
    {
        "id": "7728",
        "name": "Dr. Nyla Smith"
    },
    {
        "id": "7730",
        "name": "Curtis Osinski"
    },
    {
        "id": "7731",
        "name": "Alex Bright"
    },
    {
        "id": "7733",
        "name": "Alex Bright"
    },
    {
        "id": "7734",
        "name": "Rob Jakubowski"
    },
    {
        "id": "7735",
        "name": "Chase Toy"
    },
    {
        "id": "7736",
        "name": "Miss Debrah Daugherty"
    },
    {
        "id": "7737",
        "name": "Terrance Champlin DVM"
    },
    {
        "id": "7738",
        "name": "Annice Batz"
    },
    {
        "id": "7739",
        "name": "Jarvis Crona"
    },
    {
        "id": "7740",
        "name": "Demetrius Strosin IV"
    },
    {
        "id": "7741",
        "name": "Emery Reichert"
    },
    {
        "id": "7742",
        "name": "Majorie Jaskolski"
    },
    {
        "id": "7743",
        "name": "Francis Kilback"
    },
    {
        "id": "7744",
        "name": "Katlyn Howe"
    },
    {
        "id": "7746",
        "name": "Courtney Torp"
    },
    {
        "id": "7747",
        "name": "Jame Wintheiser"
    },
    {
        "id": "7748",
        "name": "Milagro Kiehn"
    },
    {
        "id": "7749",
        "name": "Trinidad Mills"
    },
    {
        "id": "7750",
        "name": "Miranda Bernhard"
    },
    {
        "id": "7751",
        "name": "Greg Gusikowski"
    },
    {
        "id": "7752",
        "name": "Hilton Balistreri"
    },
    {
        "id": "7753",
        "name": "Connie Haley"
    },
    {
        "id": "7754",
        "name": "Dr. Jason Rosenbaum"
    },
    {
        "id": "7755",
        "name": "Burt Thiel"
    },
    {
        "id": "7756",
        "name": "Myung Douglas"
    },
    {
        "id": "7757",
        "name": "Vickie Walsh"
    },
    {
        "id": "7758",
        "name": "Michael Miller"
    },
    {
        "id": "7760",
        "name": "Harriette Torp"
    },
    {
        "id": "7761",
        "name": "Willie Kozey"
    },
    {
        "id": "7762",
        "name": "Ms. Donny Jacobs"
    },
    {
        "id": "7763",
        "name": "Jerry Doyle"
    },
    {
        "id": "7764",
        "name": "Miss Marty Muller"
    },
    {
        "id": "7765",
        "name": "Shannon Beer MD"
    },
    {
        "id": "7766",
        "name": "Donny McDermott DVM"
    },
    {
        "id": "7767",
        "name": "Teodoro Mosciski DDS"
    },
    {
        "id": "7768",
        "name": "Katina Murazik"
    },
    {
        "id": "7769",
        "name": "Tammie Predovic"
    },
    {
        "id": "7770",
        "name": "Tanna Pfeffer"
    },
    {
        "id": "7771",
        "name": "Carrol Langosh"
    },
    {
        "id": "7772",
        "name": "Keisha Kassulke"
    },
    {
        "id": "7774",
        "name": "Irma Medhurst"
    },
    {
        "id": "7775",
        "name": "Kelli Jones V"
    },
    {
        "id": "7778",
        "name": "Sharyl Gleason"
    },
    {
        "id": "7779",
        "name": "Palma Goyette"
    },
    {
        "id": "7780",
        "name": "Maurita McGlynn"
    },
    {
        "id": "7781",
        "name": "Jordan Kling I"
    },
    {
        "id": "7783",
        "name": "Shanice Corkery Jr."
    },
    {
        "id": "7784",
        "name": "Valery Treutel"
    },
    {
        "id": "7785",
        "name": "Ferne Moore"
    },
    {
        "id": "7786",
        "name": "Frederick Tremblay"
    },
    {
        "id": "7787",
        "name": "Janey Hand"
    },
    {
        "id": "7789",
        "name": "Mason Bogisich"
    },
    {
        "id": "7791",
        "name": "Elias Nienow IV"
    },
    {
        "id": "7792",
        "name": "Genia Murazik"
    },
    {
        "id": "7793",
        "name": "Noble Keebler"
    },
    {
        "id": "7794",
        "name": "Georgia O'Conner"
    },
    {
        "id": "7795",
        "name": "Gilberto Gutkowski V"
    },
    {
        "id": "7796",
        "name": "Louis Treutel"
    },
    {
        "id": "7797",
        "name": "Ruth Cronin"
    },
    {
        "id": "7798",
        "name": "Tyrell Bode"
    },
    {
        "id": "7799",
        "name": "Marlin Parisian"
    },
    {
        "id": "7800",
        "name": "Olen Dickens II"
    },
    {
        "id": "7801",
        "name": "Camilla Krajcik II"
    },
    {
        "id": "7803",
        "name": "Hilario Cormier"
    },
    {
        "id": "7804",
        "name": "Angelina Emmerich"
    },
    {
        "id": "7805",
        "name": "Ernie Leffler"
    },
    {
        "id": "7806",
        "name": "Teddy Durgan"
    },
    {
        "id": "7807",
        "name": "Anderson Murphy"
    },
    {
        "id": "7809",
        "name": "Vina Nolan"
    },
    {
        "id": "7813",
        "name": "Renate Lubowitz"
    },
    {
        "id": "7814",
        "name": "Linn Upton"
    },
    {
        "id": "7815",
        "name": "Zachary Connelly"
    },
    {
        "id": "7816",
        "name": "hdhgdd"
    },
    {
        "id": "7817",
        "name": "Ted Wilkinson MD"
    },
    {
        "id": "7818",
        "name": "Tony Kling"
    },
    {
        "id": "7819",
        "name": "Ronald Jaskolski"
    },
    {
        "id": "7820",
        "name": "Stanley Greenholt"
    },
    {
        "id": "7821",
        "name": "Mark Collier I"
    },
    {
        "id": "7822",
        "name": "Kami Corkery"
    },
    {
        "id": "7824",
        "name": "Nicky Doyle"
    },
    {
        "id": "7825",
        "name": "Tamica Abernathy"
    },
    {
        "id": "7826",
        "name": "Almeda Bogisich"
    },
    {
        "id": "7827",
        "name": "Lavina Crona V"
    },
    {
        "id": "7828",
        "name": "Marti Medhurst"
    },
    {
        "id": "7832",
        "name": "Vernita Waters"
    },
    {
        "id": "7833",
        "name": "Luise Murray IV"
    },
    {
        "id": "7834",
        "name": "Irene Bruen V"
    },
    {
        "id": "7835",
        "name": "Jed Orn"
    },
    {
        "id": "7836",
        "name": "Lloyd Glover"
    },
    {
        "id": "7837",
        "name": "Eli Wintheiser"
    },
    {
        "id": "7838",
        "name": "Wilton Kerluke"
    },
    {
        "id": "7839",
        "name": "Micah Weber"
    },
    {
        "id": "7840",
        "name": "Tyrell Emmerich"
    },
    {
        "id": "7841",
        "name": "Nicky Luettgen"
    },
    {
        "id": "7842",
        "name": "Lyla Bailey"
    },
    {
        "id": "7843",
        "name": "Emory Howell"
    },
    {
        "id": "7844",
        "name": "Claude Kuhn III"
    },
    {
        "id": "7845",
        "name": "Rickie Crona"
    },
    {
        "id": "7846",
        "name": "Darrel Veum I"
    },
    {
        "id": "7847",
        "name": "Joy Torp"
    },
    {
        "id": "7848",
        "name": "Sol Graham"
    },
    {
        "id": "7849",
        "name": "Dayna Durgan"
    },
    {
        "id": "7850",
        "name": "Shanda Kub"
    },
    {
        "id": "7852",
        "name": "Philip Hegmann"
    },
    {
        "id": "7853",
        "name": "Ismael Gerhold IV"
    },
    {
        "id": "7854",
        "name": "Bret Wyman"
    },
    {
        "id": "7855",
        "name": "Kristen Greenholt DDS"
    },
    {
        "id": "7856",
        "name": "Jean Cremin"
    },
    {
        "id": "7858",
        "name": "Angela Hayes"
    },
    {
        "id": "7859",
        "name": "Kristofer Altenwerth"
    },
    {
        "id": "7860",
        "name": "Logan Reilly"
    },
    {
        "id": "7861",
        "name": "Darron Emard"
    },
    {
        "id": "7862",
        "name": "Roseann Paucek I"
    },
    {
        "id": "7863",
        "name": "Judi Kirlin"
    },
    {
        "id": "7865",
        "name": "Carroll Kutch"
    },
    {
        "id": "7867",
        "name": "Joetta Ortiz MD"
    },
    {
        "id": "7870",
        "name": "Mauricio Thiel"
    },
    {
        "id": "7871",
        "name": "Mary Koelpin"
    },
    {
        "id": "7872",
        "name": "Irwin Torp"
    },
    {
        "id": "7873",
        "name": "Tiera Connelly MD"
    },
    {
        "id": "7874",
        "name": "Seth Mueller"
    },
    {
        "id": "7875",
        "name": "Agueda Walker"
    },
    {
        "id": "7876",
        "name": "Tricia Funk"
    },
    {
        "id": "7877",
        "name": "Cliff Steuber"
    },
    {
        "id": "7878",
        "name": "Margarett Huels"
    },
    {
        "id": "7879",
        "name": "Lydia Rutherford"
    },
    {
        "id": "7880",
        "name": "Fernanda Stark IV"
    },
    {
        "id": "7881",
        "name": "Morris Mayert"
    },
    {
        "id": "7882",
        "name": "Adam Spinka IV"
    },
    {
        "id": "7883",
        "name": "Ericka Bruen"
    },
    {
        "id": "7884",
        "name": "Elane Baumbach"
    },
    {
        "id": "7885",
        "name": "Lynne Lubowitz"
    },
    {
        "id": "7886",
        "name": "Elisa Carroll"
    },
    {
        "id": "7887",
        "name": "Verla Wisozk"
    },
    {
        "id": "7889",
        "name": "Jaclyn Lesch"
    },
    {
        "id": "7890",
        "name": "Cornelius Wolf MD"
    },
    {
        "id": "7892",
        "name": "Mr. Hank Vandervort"
    },
    {
        "id": "7893",
        "name": "Erwin Batz"
    },
    {
        "id": "7894",
        "name": "Dr. Jami Farrell"
    },
    {
        "id": "7895",
        "name": "Mauricio Walker"
    },
    {
        "id": "7896",
        "name": "Nathanael Ortiz"
    },
    {
        "id": "7897",
        "name": "Ms. Glenna MacGyver"
    },
    {
        "id": "7898",
        "name": "Emmaline Hessel"
    },
    {
        "id": "7900",
        "name": "Kiersten Von"
    },
    {
        "id": "7901",
        "name": "Annice Jenkins Sr."
    },
    {
        "id": "7902",
        "name": "Miss Stephanie Rowe"
    },
    {
        "id": "7903",
        "name": "Ronald Jacobson MD"
    },
    {
        "id": "7904",
        "name": "Isaac O'Kon"
    },
    {
        "id": "7905",
        "name": "Lucas Renner DDS"
    },
    {
        "id": "7906",
        "name": "Aubrey Lynch"
    },
    {
        "id": "7907",
        "name": "Jospeh Durgan"
    },
    {
        "id": "7908",
        "name": "Pearlene Roob"
    },
    {
        "id": "7909",
        "name": "Aron Hane IV"
    },
    {
        "id": "7910",
        "name": "Colin Goldner"
    },
    {
        "id": "7911",
        "name": "Joslyn Ziemann DDS"
    },
    {
        "id": "7912",
        "name": "Terrilyn Koelpin"
    },
    {
        "id": "7914",
        "name": "Michael Muller"
    },
    {
        "id": "7915",
        "name": "Lorenzo Vandervort"
    },
    {
        "id": "7916",
        "name": "Mrs. Marybeth Christiansen"
    },
    {
        "id": "7918",
        "name": "Elfreda Mante PhD"
    },
    {
        "id": "7919",
        "name": "Stephani Wuckert"
    },
    {
        "id": "7920",
        "name": "Mitchel Simonis"
    },
    {
        "id": "7921",
        "name": "Zachery Hilpert"
    },
    {
        "id": "7923",
        "name": "Kasi Heidenreich"
    },
    {
        "id": "7924",
        "name": "Yadira Schultz"
    },
    {
        "id": "7926",
        "name": "Tina Kerluke MD"
    },
    {
        "id": "7927",
        "name": "Charley Streich"
    },
    {
        "id": "7928",
        "name": "Yevette Hauck V"
    },
    {
        "id": "7929",
        "name": "Tawanda Ebert"
    },
    {
        "id": "7930",
        "name": "Jean Walter PhD"
    },
    {
        "id": "7931",
        "name": "Juanita Lemke PhD"
    },
    {
        "id": "7932",
        "name": "ALex"
    },
    {
        "id": "7935",
        "name": "ALex"
    },
    {
        "id": "7936",
        "name": "Jorge Friesen"
    },
    {
        "id": "7937",
        "name": "Jenna Emmerich"
    },
    {
        "id": "7938",
        "name": "Mrs. Andrea Schmitt"
    },
    {
        "id": "7939",
        "name": "Marvin Wolff"
    },
    {
        "id": "7940",
        "name": "Maritza Turcotte"
    },
    {
        "id": "7941",
        "name": "Richard Jacobs I"
    },
    {
        "id": "7942",
        "name": "Eloy Rippin"
    },
    {
        "id": "7943",
        "name": "Leesa Bashirian Jr."
    },
    {
        "id": "7944",
        "name": "Johnny Stark Sr."
    },
    {
        "id": "7945",
        "name": "Timmy O'Kon"
    },
    {
        "id": "7947",
        "name": "Mikel Lynch II"
    },
    {
        "id": "7948",
        "name": "Elicia Abbott"
    },
    {
        "id": "7949",
        "name": "Erick Lebsack"
    },
    {
        "id": "7950",
        "name": "Junko Feest"
    },
    {
        "id": "7951",
        "name": "Shantel Wehner"
    },
    {
        "id": "7952",
        "name": "Rina Rippin PhD"
    },
    {
        "id": "7953",
        "name": "Frankie Fadel PhD"
    },
    {
        "id": "7954",
        "name": "Jamaal Turcotte"
    },
    {
        "id": "7955",
        "name": "Sandy Stoltenberg"
    },
    {
        "id": "7956",
        "name": "Gerald Abernathy"
    },
    {
        "id": "7957",
        "name": "Raleigh Crist"
    },
    {
        "id": "7958",
        "name": "Jospeh Kiehn"
    },
    {
        "id": "7959",
        "name": "Brian Schowalter"
    },
    {
        "id": "7960",
        "name": "Eddy Macejkovic"
    },
    {
        "id": "7963",
        "name": "Sean Marvin"
    },
    {
        "id": "7964",
        "name": "Alden Daugherty"
    },
    {
        "id": "7966",
        "name": "Tommye Marks"
    },
    {
        "id": "7967",
        "name": "Cathi Sipes"
    },
    {
        "id": "7968",
        "name": "Buford Howell"
    },
    {
        "id": "7969",
        "name": "Ryan Borer MD"
    },
    {
        "id": "7971",
        "name": "Rosendo Aufderhar"
    },
    {
        "id": "7976",
        "name": "Dale Macejkovic"
    },
    {
        "id": "7981",
        "name": "Harlan Smith"
    },
    {
        "id": "7982",
        "name": "BrittaniDonnell McGlynn Gorczany"
    },
    {
        "id": "7983",
        "name": "HaywoodXochitl Kiehn Marquardt"
    },
    {
        "id": "7984",
        "name": "Miguelina Kovacek Lindgren"
    },
    {
        "id": "7985",
        "name": "Vickey Quigley Schuppe"
    },
    {
        "id": "7986",
        "name": "Silas Spinka"
    },
    {
        "id": "7987",
        "name": "Tomasa Reichel"
    },
    {
        "id": "7989",
        "name": "Gwenda Collier"
    },
    {
        "id": "7991",
        "name": "Hester Davis"
    },
    {
        "id": "7992",
        "name": "Miss Lindsay Runolfsson"
    },
    {
        "id": "7993",
        "name": "Rhonda White"
    },
    {
        "id": "7994",
        "name": "Avery Lesch"
    },
    {
        "id": "7995",
        "name": "Kyle Schroeder"
    },
    {
        "id": "7996",
        "name": "Tommy Huel"
    },
    {
        "id": "7997",
        "name": "Monte Rosenbaum Jr."
    },
    {
        "id": "7998",
        "name": "ALEXalex"
    },
    {
        "id": "7999",
        "name": "Martha D'Amore"
    },
    {
        "id": "8016",
        "name": "asdfadfsadf"
    },
    {
        "id": "8018",
        "name": "asdfadfsadf3"
    },
    {
        "id": "8019",
        "name": "Olga Doyle"
    },
    {
        "id": "8020",
        "name": "Asa Ruecker"
    },
    {
        "id": "8021",
        "name": "Luther Hackett"
    },
    {
        "id": "8022",
        "name": "Margarito Adams DVM"
    },
    {
        "id": "8023",
        "name": "Orville Pagac"
    },
    {
        "id": "8024",
        "name": "Agustina Gulgowski Sr."
    },
    {
        "id": "8025",
        "name": "alexalex123"
    },
    {
        "id": "8027",
        "name": "Santina Dickens"
    },
    {
        "id": "8028",
        "name": "Lavette Bernhard IV"
    },
    {
        "id": "8029",
        "name": "Dominick Torphy"
    },
    {
        "id": "8031",
        "name": "Harvey Conn"
    },
    {
        "id": "8032",
        "name": "Kanesha Thiel"
    },
    {
        "id": "8034",
        "name": "Randy Funk"
    },
    {
        "id": "8035",
        "name": "Luke Waelchi"
    },
    {
        "id": "8036",
        "name": "Juliet Harvey PhD"
    },
    {
        "id": "8038",
        "name": "Anjelica Okuneva"
    },
    {
        "id": "8039",
        "name": "Maida Quitzon"
    },
    {
        "id": "8041",
        "name": "Alton Cummings"
    },
    {
        "id": "8043",
        "name": "Erica Kuhlman"
    },
    {
        "id": "8044",
        "name": "Rickey Kiehn"
    },
    {
        "id": "8045",
        "name": "Chas McGlynn Sr."
    },
    {
        "id": "8046",
        "name": "Saturnina Prohaska"
    },
    {
        "id": "8047",
        "name": "Willie Green"
    },
    {
        "id": "8048",
        "name": "Grant Tromp"
    },
    {
        "id": "8049",
        "name": "Lenard Thompson"
    },
    {
        "id": "8050",
        "name": "Gretta Ward"
    },
    {
        "id": "8051",
        "name": "Launa Trantow"
    },
    {
        "id": "8052",
        "name": "Dudley Bartoletti IV"
    },
    {
        "id": "8053",
        "name": "Damien Schumm"
    },
    {
        "id": "8054",
        "name": "Humberto Nolan"
    },
    {
        "id": "8055",
        "name": "Arturo Buckridge"
    },
    {
        "id": "8056",
        "name": "Douglass Vandervort"
    },
    {
        "id": "8058",
        "name": "Edgar Rutherford"
    },
    {
        "id": "8059",
        "name": "Otelia Okuneva"
    },
    {
        "id": "8061",
        "name": "Nigel Conn"
    },
    {
        "id": "8062",
        "name": "Onita Trantow"
    },
    {
        "id": "8064",
        "name": "Jamika McClure"
    },
    {
        "id": "8065",
        "name": "Danuta Goodwin"
    },
    {
        "id": "8066",
        "name": "Jarvis Cremin"
    },
    {
        "id": "8067",
        "name": "Kenny Labadie"
    },
    {
        "id": "8068",
        "name": "Felecia Romaguera DDS"
    },
    {
        "id": "8069",
        "name": "Connie Conroy"
    },
    {
        "id": "8071",
        "name": "Keneth Maggio"
    },
    {
        "id": "8072",
        "name": "Cathy Murazik DVM"
    },
    {
        "id": "8073",
        "name": "Barney Wunsch"
    },
    {
        "id": "8074",
        "name": "Brady Beier"
    },
    {
        "id": "8076",
        "name": "Everette Lakin"
    },
    {
        "id": "8077",
        "name": "Mariana Weissnat"
    },
    {
        "id": "8078",
        "name": "Mackenzie Wuckert"
    },
    {
        "id": "8079",
        "name": "Fallon Mayert"
    },
    {
        "id": "8080",
        "name": "Ladawn Jerde"
    },
    {
        "id": "8081",
        "name": "Dewey Waelchi"
    },
    {
        "id": "8082",
        "name": "Shela Bernier"
    },
    {
        "id": "8083",
        "name": "Nohemi Ferry"
    },
    {
        "id": "8084",
        "name": "Thurman Shields"
    },
    {
        "id": "8085",
        "name": "Felicita Smitham"
    },
    {
        "id": "8088",
        "name": "Arlie Kulas"
    },
    {
        "id": "8089",
        "name": "Collin Kuhlman"
    },
    {
        "id": "8091",
        "name": "Brendan Strosin"
    },
    {
        "id": "8092",
        "name": "Alpha Dickinson"
    },
    {
        "id": "8093",
        "name": "Kitty Beatty"
    },
    {
        "id": "8094",
        "name": "Tanner Brekke"
    },
    {
        "id": "8095",
        "name": "Keesha Gerhold Sr."
    },
    {
        "id": "8096",
        "name": "Rita Collier PhD"
    },
    {
        "id": "8097",
        "name": "Micki Schoen"
    },
    {
        "id": "8098",
        "name": "Tilda Goodwin"
    },
    {
        "id": "8100",
        "name": "Elicia Considine PhD"
    },
    {
        "id": "8103",
        "name": "Donovan Jakubowski"
    },
    {
        "id": "8105",
        "name": "Gladys Sipes"
    },
    {
        "id": "8107",
        "name": "Phyliss Runolfsdottir"
    },
    {
        "id": "8108",
        "name": "Etha Schmitt"
    },
    {
        "id": "8109",
        "name": "Franchesca Gusikowski"
    },
    {
        "id": "8110",
        "name": "Warren Dach III"
    },
    {
        "id": "8111",
        "name": "Dulce Turcotte"
    },
    {
        "id": "8112",
        "name": "Arron Smith"
    },
    {
        "id": "8113",
        "name": "Carlyn Mitchell"
    },
    {
        "id": "8115",
        "name": "Jon Rath"
    },
    {
        "id": "8118",
        "name": "Ali Gislason"
    },
    {
        "id": "8119",
        "name": "Ahmad Bergnaum"
    },
    {
        "id": "8120",
        "name": "Jarod Berge"
    },
    {
        "id": "8121",
        "name": "Demetrius Barton MD"
    },
    {
        "id": "8122",
        "name": "Beatris Kris"
    },
    {
        "id": "8123",
        "name": "Felisa Adams"
    },
    {
        "id": "8124",
        "name": "Arleen Altenwerth"
    },
    {
        "id": "8125",
        "name": "Louella Friesen"
    },
    {
        "id": "8127",
        "name": "Jimmy Funk"
    },
    {
        "id": "8129",
        "name": "Mckinley O'Kon"
    },
    {
        "id": "8130",
        "name": "Antone Metz I"
    },
    {
        "id": "8131",
        "name": "Hui Balistreri"
    },
    {
        "id": "8132",
        "name": "Stacey Von"
    },
    {
        "id": "8134",
        "name": "Buster Ankunding"
    },
    {
        "id": "8135",
        "name": "Federico Funk V"
    },
    {
        "id": "8137",
        "name": "Lamar Quigley"
    },
    {
        "id": "8139",
        "name": "lola"
    },
    {
        "id": "8141",
        "name": "lola"
    },
    {
        "id": "8142",
        "name": "Lola"
    },
    {
        "id": "8144",
        "name": "Alvina Marvin"
    },
    {
        "id": "8145",
        "name": "Randal Leuschke"
    },
    {
        "id": "8146",
        "name": "Shalon Reinger"
    },
    {
        "id": "8147",
        "name": "Lise Hoppe"
    },
    {
        "id": "8149",
        "name": "Bud Stracke"
    },
    {
        "id": "8150",
        "name": "Mirta Aufderhar III"
    },
    {
        "id": "8151",
        "name": "Ingrid Lakin"
    },
    {
        "id": "8152",
        "name": "Peter Sanford"
    },
    {
        "id": "8155",
        "name": "Reynalda Mosciski"
    },
    {
        "id": "8156",
        "name": "Cletus Herman"
    },
    {
        "id": "8160",
        "name": "Mia Weimann"
    },
    {
        "id": "8161",
        "name": "Lola"
    },
    {
        "id": "8162",
        "name": "Lola"
    },
    {
        "id": "8163",
        "name": "Trevor Dickens"
    },
    {
        "id": "8164",
        "name": "Arline Ritchie"
    },
    {
        "id": "8166",
        "name": "Candace Kohler"
    },
    {
        "id": "8167",
        "name": "Amalia Barton"
    },
    {
        "id": "8168",
        "name": "Freddie Goodwin"
    },
    {
        "id": "8169",
        "name": "Abel Marquardt"
    },
    {
        "id": "8170",
        "name": "Colby Hansen"
    },
    {
        "id": "8171",
        "name": "Leeann Herman IV"
    },
    {
        "id": "8172",
        "name": "Margene Funk"
    },
    {
        "id": "8173",
        "name": "Ronni Mueller"
    },
    {
        "id": "8174",
        "name": "Wiley Kilback"
    },
    {
        "id": "8176",
        "name": "Don Gutmann"
    },
    {
        "id": "8177",
        "name": "Reginald Doyle"
    },
    {
        "id": "8179",
        "name": "Edmund Jast"
    },
    {
        "id": "8180",
        "name": "Kirk Boyle"
    },
    {
        "id": "8181",
        "name": "Austin Pollich"
    },
    {
        "id": "8182",
        "name": "Lyndon Robel"
    },
    {
        "id": "8183",
        "name": "Virgil Hodkiewicz"
    },
    {
        "id": "8184",
        "name": "Irvin Wisoky"
    },
    {
        "id": "8186",
        "name": "Angel Collier"
    },
    {
        "id": "8187",
        "name": "Elda Morissette"
    },
    {
        "id": "8189",
        "name": "Elfreda Leuschke"
    },
    {
        "id": "8190",
        "name": "Parker Renner"
    },
    {
        "id": "8191",
        "name": "Deandra Kuhn"
    },
    {
        "id": "8192",
        "name": "Katheleen Gerlach"
    },
    {
        "id": "8193",
        "name": "Elbert McGlynn"
    },
    {
        "id": "8194",
        "name": "Donette Johns"
    },
    {
        "id": "8196",
        "name": "Chauncey Stanton"
    },
    {
        "id": "8197",
        "name": "Jeff Smitham"
    },
    {
        "id": "8200",
        "name": "Georgine Kertzmann"
    },
    {
        "id": "8201",
        "name": "Mimi Medhurst"
    },
    {
        "id": "8202",
        "name": "maya"
    },
    {
        "id": "8205",
        "name": "maya"
    },
    {
        "id": "8206",
        "name": "Granville Cruickshank I"
    },
    {
        "id": "8209",
        "name": "Maurice Lindgren"
    },
    {
        "id": "8210",
        "name": "Shemeka Zboncak IV"
    },
    {
        "id": "8211",
        "name": "Barbie Nader"
    },
    {
        "id": "8212",
        "name": "Diedre Bradtke"
    },
    {
        "id": "8213",
        "name": "Catina Rutherford"
    },
    {
        "id": "8215",
        "name": "Deetta Marquardt"
    },
    {
        "id": "8217",
        "name": "Laine Dare"
    },
    {
        "id": "8219",
        "name": "Sammy VonRueden"
    },
    {
        "id": "8221",
        "name": "Martine Carter"
    },
    {
        "id": "8223",
        "name": "Brandee Greenholt IV"
    },
    {
        "id": "8225",
        "name": "Hayden Daugherty"
    },
    {
        "id": "8227",
        "name": "Rex Hansen"
    },
    {
        "id": "8228",
        "name": "Tennie Cartwright"
    },
    {
        "id": "8229",
        "name": "Norman Emmerich"
    },
    {
        "id": "8230",
        "name": "Fred Hyatt"
    },
    {
        "id": "8231",
        "name": "Jamison Balistreri"
    },
    {
        "id": "8232",
        "name": "Larry Crona"
    },
    {
        "id": "8233",
        "name": "Loida Gaylord Jr."
    },
    {
        "id": "8234",
        "name": "Robbie Gislason"
    },
    {
        "id": "8235",
        "name": "Karl Cruickshank DVM"
    },
    {
        "id": "8236",
        "name": "Tari O'Connell"
    },
    {
        "id": "8237",
        "name": "Bobbie Bechtelar III"
    },
    {
        "id": "8238",
        "name": "Yvonne Medhurst"
    },
    {
        "id": "8240",
        "name": "Stormy Moore"
    },
    {
        "id": "8242",
        "name": "Anjanette Pouros"
    },
    {
        "id": "8243",
        "name": "Armand Anderson II"
    },
    {
        "id": "8246",
        "name": "Lyda Raynor"
    },
    {
        "id": "8247",
        "name": "Autumn Runolfsdottir V"
    },
    {
        "id": "8248",
        "name": "Gilda Dare"
    },
    {
        "id": "8249",
        "name": "Cole Ortiz"
    },
    {
        "id": "8253",
        "name": "Emmanuel Denesik"
    },
    {
        "id": "8254",
        "name": "Michale Beatty"
    },
    {
        "id": "8255",
        "name": "Andera Ankunding"
    },
    {
        "id": "8256",
        "name": "Margarite Weber"
    },
    {
        "id": "8258",
        "name": "Brande Ernser Jr."
    },
    {
        "id": "8262",
        "name": "Modesto Zboncak IV"
    },
    {
        "id": "8263",
        "name": "Wilson Dickinson"
    },
    {
        "id": "8264",
        "name": "Fredricka Fay"
    },
    {
        "id": "8269",
        "name": "Teodora Reichert"
    },
    {
        "id": "8272",
        "name": "Max Reinger DVM"
    },
    {
        "id": "8273",
        "name": "Johanne Waters"
    },
    {
        "id": "8274",
        "name": "Edgardo Dare"
    },
    {
        "id": "8276",
        "name": "Luanne Baumbach DDS"
    },
    {
        "id": "8277",
        "name": "Gia Schuppe"
    },
    {
        "id": "8278",
        "name": "Royce Keebler"
    },
    {
        "id": "8280",
        "name": "Santana Feil"
    },
    {
        "id": "8283",
        "name": "Lavone Sawayn"
    },
    {
        "id": "8284",
        "name": "Ellis Gibson"
    },
    {
        "id": "8287",
        "name": "Williams Donnelly DVM"
    },
    {
        "id": "8289",
        "name": "Alfred Schiller III"
    },
    {
        "id": "8290",
        "name": "Viviana DuBuque IV"
    },
    {
        "id": "8291",
        "name": "Anthony Schultz"
    },
    {
        "id": "8292",
        "name": "Edward Walter"
    },
    {
        "id": "8294",
        "name": "Alysha Rice Jr."
    },
    {
        "id": "8295",
        "name": "Jaime Vandervort"
    },
    {
        "id": "8296",
        "name": "Will Champlin"
    },
    {
        "id": "8299",
        "name": "Hipolito Kling"
    },
    {
        "id": "8300",
        "name": "Blair Cummerata"
    },
    {
        "id": "8301",
        "name": "Marvin Haley"
    },
    {
        "id": "8303",
        "name": "Barton Tremblay III"
    },
    {
        "id": "8304",
        "name": "Garry Schulist"
    },
    {
        "id": "8305",
        "name": "Britt Franecki"
    },
    {
        "id": "8306",
        "name": "Yuk Schimmel"
    },
    {
        "id": "8307",
        "name": "Sonja Kutch"
    },
    {
        "id": "8308",
        "name": "Mrs. Julius Murray"
    },
    {
        "id": "8309",
        "name": "Johnnie Hamill"
    },
    {
        "id": "8310",
        "name": "Delpha O'Kon"
    },
    {
        "id": "8311",
        "name": "Dane Hand"
    },
    {
        "id": "8312",
        "name": "Bula Predovic"
    },
    {
        "id": "8313",
        "name": "Johnathon Johnston"
    },
    {
        "id": "8314",
        "name": "Melina Carroll"
    },
    {
        "id": "8315",
        "name": "Tomas Harber"
    },
    {
        "id": "8316",
        "name": "Brigida Terry"
    },
    {
        "id": "8318",
        "name": "Kieth Kirlin"
    },
    {
        "id": "8321",
        "name": "Loria Mayert"
    },
    {
        "id": "8322",
        "name": "Allen Jacobs"
    },
    {
        "id": "8323",
        "name": "Addie Jacobson"
    },
    {
        "id": "8324",
        "name": "Sana Mohr"
    },
    {
        "id": "8325",
        "name": "Quentin Roberts"
    },
    {
        "id": "8326",
        "name": "Elfrieda Okuneva"
    },
    {
        "id": "8327",
        "name": "Annett Kunze"
    },
    {
        "id": "8328",
        "name": "Lien Roob III"
    },
    {
        "id": "8329",
        "name": "Ken Kris"
    },
    {
        "id": "8330",
        "name": "Regina Schumm"
    },
    {
        "id": "8331",
        "name": "Jeffrey Muller"
    },
    {
        "id": "8332",
        "name": "Marget Crooks DDS"
    },
    {
        "id": "8333",
        "name": "Joy Ebert"
    },
    {
        "id": "8334",
        "name": "Jamey Smith"
    },
    {
        "id": "8335",
        "name": "Dr. Shaina Wuckert"
    },
    {
        "id": "8336",
        "name": "Virgilio Walter"
    },
    {
        "id": "8337",
        "name": "Mr. Eleonor Goodwin"
    },
    {
        "id": "8338",
        "name": "Ike Wuckert V"
    },
    {
        "id": "8339",
        "name": "Mrs. Rolf Bosco"
    },
    {
        "id": "8340",
        "name": "Valorie McGlynn"
    },
    {
        "id": "8341",
        "name": "Sam Buckridge"
    },
    {
        "id": "8342",
        "name": "Arletta Dicki"
    },
    {
        "id": "8343",
        "name": "Miss Delmar Reynolds"
    },
    {
        "id": "8344",
        "name": "Hank Willms"
    },
    {
        "id": "8345",
        "name": "Hyun Murphy"
    },
    {
        "id": "8346",
        "name": "Galina Welch"
    },
    {
        "id": "8347",
        "name": "Reyes Ankunding MD"
    },
    {
        "id": "8348",
        "name": "Lane Kerluke"
    },
    {
        "id": "8350",
        "name": "Patricia Leffler"
    },
    {
        "id": "8351",
        "name": "Mrs. Charlene Nikolaus"
    },
    {
        "id": "8352",
        "name": "Ralph Howell"
    },
    {
        "id": "8353",
        "name": "Zoraida Hauck"
    },
    {
        "id": "8354",
        "name": "Ashleigh Johnson"
    },
    {
        "id": "8356",
        "name": "Kellie Schiller"
    },
    {
        "id": "8357",
        "name": "Jerrold Kertzmann"
    },
    {
        "id": "8358",
        "name": "Coretta Lang"
    },
    {
        "id": "8359",
        "name": "Emmitt McLaughlin MD"
    },
    {
        "id": "8360",
        "name": "Lakisha Roberts DDS"
    },
    {
        "id": "8361",
        "name": "Miss Minh Conn"
    },
    {
        "id": "8362",
        "name": "Ms. Horacio Buckridge"
    },
    {
        "id": "8363",
        "name": "Penny Shanahan"
    },
    {
        "id": "8364",
        "name": "Daron Koch"
    },
    {
        "id": "8365",
        "name": "Jovita Reichert"
    },
    {
        "id": "8366",
        "name": "Millard Hoeger"
    },
    {
        "id": "8367",
        "name": "Ruben Turner"
    },
    {
        "id": "8368",
        "name": "Joi Ankunding"
    },
    {
        "id": "8369",
        "name": "Bong Batz"
    },
    {
        "id": "8370",
        "name": "Connie D'Amore Jr."
    },
    {
        "id": "8371",
        "name": "Marcel Kuhic Jr."
    },
    {
        "id": "8372",
        "name": "Mayme Kuhn"
    },
    {
        "id": "8373",
        "name": "Walter Moore"
    },
    {
        "id": "8375",
        "name": "Florene Rogahn"
    },
    {
        "id": "8376",
        "name": "Earlie Turner"
    },
    {
        "id": "8378",
        "name": "Chanel Lind"
    },
    {
        "id": "8379",
        "name": "Zandra Harris"
    },
    {
        "id": "8380",
        "name": "Mack Kilback"
    },
    {
        "id": "8381",
        "name": "Jospeh Dach"
    },
    {
        "id": "8382",
        "name": "Cruz Watsica DDS"
    },
    {
        "id": "8387",
        "name": "tugba"
    },
    {
        "id": "8389",
        "name": "Cristi Wuckert"
    },
    {
        "id": "8390",
        "name": "Dinorah Glover"
    },
    {
        "id": "8392",
        "name": "tugba"
    },
    {
        "id": "8393",
        "name": "Christopher Powlowski"
    },
    {
        "id": "8395",
        "name": "Mr. Domenica Glover"
    },
    {
        "id": "8396",
        "name": "Tierra Conn II"
    },
    {
        "id": "8398",
        "name": "Toby Nitzsche"
    },
    {
        "id": "8404",
        "name": "Josefina Spencer"
    },
    {
        "id": "8405",
        "name": "Rufina Ibraimova"
    },
    {
        "id": "8412",
        "name": "shokhrukh"
    },
    {
        "id": "8413",
        "name": "Rolf Wehner"
    },
    {
        "id": "8414",
        "name": "Ms. Colton McCullough"
    },
    {
        "id": "8415",
        "name": "Leisa Abshire MD"
    },
    {
        "id": "8416",
        "name": "Hector Frami"
    },
    {
        "id": "8417",
        "name": "Wilmer Lang"
    },
    {
        "id": "8418",
        "name": "Denice MacGyver"
    },
    {
        "id": "8419",
        "name": "Lorette Medhurst II"
    },
    {
        "id": "8420",
        "name": "Donald Kuhn"
    },
    {
        "id": "8421",
        "name": "Edgardo Cremin"
    },
    {
        "id": "8422",
        "name": "Miss Darron Purdy"
    },
    {
        "id": "8423",
        "name": "Brian Leuschke"
    },
    {
        "id": "8424",
        "name": "Miss Angel Harvey"
    },
    {
        "id": "8425",
        "name": "Criselda Pouros Jr."
    },
    {
        "id": "8426",
        "name": "Marianna Lubowitz"
    },
    {
        "id": "8427",
        "name": "Luis O'Kon"
    },
    {
        "id": "8428",
        "name": "Dot Lubowitz"
    },
    {
        "id": "8429",
        "name": "Betsy Tremblay"
    },
    {
        "id": "8430",
        "name": "Jorge Feest"
    },
    {
        "id": "8431",
        "name": "Dr. Leonard Gorczany"
    },
    {
        "id": "8432",
        "name": "Mattie Lanz"
    },
    {
        "id": "8434",
        "name": "Mattie Lanz"
    },
    {
        "id": "8435",
        "name": "Donald Mertz"
    },
    {
        "id": "8436",
        "name": "Lavonia Wuckert"
    },
    {
        "id": "8437",
        "name": "Cyril Pagac"
    },
    {
        "id": "8438",
        "name": "Merlene Hauck Jr."
    },
    {
        "id": "8439",
        "name": "Otis Cronin I"
    },
    {
        "id": "8441",
        "name": "Masako Haag"
    },
    {
        "id": "8442",
        "name": "Miss Shawnda Klocko"
    },
    {
        "id": "8443",
        "name": "Coralee Erdman"
    },
    {
        "id": "8444",
        "name": "Andreas Hauck"
    },
    {
        "id": "8447",
        "name": "Lola"
    },
    {
        "id": "8448",
        "name": "Ocie Zulauf"
    },
    {
        "id": "8451",
        "name": "Ira Schaefer MD"
    },
    {
        "id": "8452",
        "name": "Walton Feest DDS"
    },
    {
        "id": "8454",
        "name": "Lonnie Watsica"
    },
    {
        "id": "8456",
        "name": "Cathern Will"
    },
    {
        "id": "8458",
        "name": "Marguerite Dickens"
    },
    {
        "id": "8461",
        "name": "Jenae Huels"
    },
    {
        "id": "8463",
        "name": "Leta Hilpert"
    },
    {
        "id": "8466",
        "name": "Rene Marvin"
    },
    {
        "id": "8467",
        "name": "Jean Greenfelder Sr."
    },
    {
        "id": "8468",
        "name": "Wilmer Ernser"
    },
    {
        "id": "8469",
        "name": "Sang Reichel DDS"
    },
    {
        "id": "8470",
        "name": "Alejandro McDermott"
    },
    {
        "id": "8472",
        "name": "Clarence Schuster"
    },
    {
        "id": "8473",
        "name": "Gary Ward"
    },
    {
        "id": "8474",
        "name": "Louis Osinski"
    },
    {
        "id": "8476",
        "name": "Stevie Fritsch"
    },
    {
        "id": "8477",
        "name": "Colin Denesik"
    },
    {
        "id": "8478",
        "name": "Lissette Waters"
    },
    {
        "id": "8479",
        "name": "Asia Luettgen"
    },
    {
        "id": "8480",
        "name": "Ines Bode"
    },
    {
        "id": "8481",
        "name": "Hoyt Towne"
    },
    {
        "id": "8482",
        "name": "Miss Alfred Nolan"
    },
    {
        "id": "8483",
        "name": "Phylicia Wiegand DVM"
    },
    {
        "id": "8486",
        "name": "Ms. Royce Paucek"
    },
    {
        "id": "8487",
        "name": "Eugene Bauch"
    },
    {
        "id": "8488",
        "name": "Kenneth Jast MD"
    },
    {
        "id": "8489",
        "name": "Lavera Bednar"
    },
    {
        "id": "8490",
        "name": "Danita Gerlach"
    },
    {
        "id": "8491",
        "name": "Clinton Abshire"
    },
    {
        "id": "8492",
        "name": "Randee Schulist"
    },
    {
        "id": "8493",
        "name": "Shad Von"
    },
    {
        "id": "8494",
        "name": "Candra Torp"
    },
    {
        "id": "8495",
        "name": "Cleveland Collins"
    },
    {
        "id": "8496",
        "name": "Christoper Robel"
    },
    {
        "id": "8497",
        "name": "Justin Mayer"
    },
    {
        "id": "8498",
        "name": "Derrick Howell"
    },
    {
        "id": "8499",
        "name": "Chet Ondricka"
    },
    {
        "id": "8500",
        "name": "Dovie Vandervort"
    },
    {
        "id": "8501",
        "name": "Werner Christiansen"
    },
    {
        "id": "8502",
        "name": "Briana Bartoletti"
    },
    {
        "id": "8503",
        "name": "Kenny Ryan"
    },
    {
        "id": "8504",
        "name": "Doris Gusikowski"
    },
    {
        "id": "8505",
        "name": "Mrs. Lucinda Stehr"
    },
    {
        "id": "8506",
        "name": "Mr. Barbara Lueilwitz"
    },
    {
        "id": "8508",
        "name": "Ingeborg Marquardt"
    },
    {
        "id": "8509",
        "name": "Jesus Mayert"
    },
    {
        "id": "8510",
        "name": "Rodrigo Beier"
    },
    {
        "id": "8512",
        "name": "Eleanora Block"
    },
    {
        "id": "8513",
        "name": "Dr. Evan Boehm"
    },
    {
        "id": "8514",
        "name": "Darnell Runolfsdottir"
    },
    {
        "id": "8516",
        "name": "Tanya Effertz Jr."
    },
    {
        "id": "8517",
        "name": "Melania D'Amore"
    },
    {
        "id": "8519",
        "name": "Elinore Terry DVM"
    },
    {
        "id": "8520",
        "name": "Grover Gaylord"
    },
    {
        "id": "8521",
        "name": "Leigh Wuckert"
    },
    {
        "id": "8522",
        "name": "Evie McCullough"
    },
    {
        "id": "8523",
        "name": "Teodoro Hartmann III"
    },
    {
        "id": "8524",
        "name": "Katy Roob"
    },
    {
        "id": "8525",
        "name": "Lynwood Roberts"
    },
    {
        "id": "8526",
        "name": "Simonne Schmitt"
    },
    {
        "id": "8527",
        "name": "Darrell Rempel"
    },
    {
        "id": "8528",
        "name": "Augusta Grady"
    },
    {
        "id": "8529",
        "name": "Vernice Jacobi"
    },
    {
        "id": "8530",
        "name": "Sung Gibson"
    },
    {
        "id": "8531",
        "name": "Yaeko Carter"
    },
    {
        "id": "8532",
        "name": "Henry Prosacco"
    },
    {
        "id": "8533",
        "name": "Pasquale Quigley IV"
    },
    {
        "id": "8534",
        "name": "Stan Boyer"
    },
    {
        "id": "8535",
        "name": "Cordie Swaniawski"
    },
    {
        "id": "8537",
        "name": "Zelda Bosco V"
    },
    {
        "id": "8539",
        "name": "Beckie Haag"
    },
    {
        "id": "8540",
        "name": "James O'HaraCydeo"
    },
    {
        "id": "8541",
        "name": "Lupe LarsonCydeo"
    },
    {
        "id": "8543",
        "name": "Michael Klocko"
    },
    {
        "id": "8544",
        "name": "Neal Beier Sr.Cydeo"
    },
    {
        "id": "8545",
        "name": "nikola o hara"
    },
    {
        "id": "8546",
        "name": "Alex DanielCydeo"
    },
    {
        "id": "8548",
        "name": "Miss Louise Thiel"
    },
    {
        "id": "8549",
        "name": "Aisha Johns V"
    },
    {
        "id": "8550",
        "name": "Nichol McDermott"
    },
    {
        "id": "8552",
        "name": "Lennie Maggio"
    },
    {
        "id": "8553",
        "name": "nicola inzaghi pipo"
    },
    {
        "id": "8554",
        "name": "Isaias Dicki PhD"
    },
    {
        "id": "8555",
        "name": "Angelita Stracke"
    },
    {
        "id": "8557",
        "name": "Brynn Murphy"
    },
    {
        "id": "8558",
        "name": "Garland Harris"
    },
    {
        "id": "8561",
        "name": "Len Weber"
    },
    {
        "id": "8562",
        "name": "Jarrett Frami I"
    },
    {
        "id": "8563",
        "name": "Etsuko Beier"
    },
    {
        "id": "8564",
        "name": "Kelley Kulas IV"
    },
    {
        "id": "8565",
        "name": "Orval Rodriguez IV"
    },
    {
        "id": "8566",
        "name": "Prince Ward"
    },
    {
        "id": "8567",
        "name": "Kacy Cronin"
    },
    {
        "id": "8568",
        "name": "Louanne Cartwright MD"
    },
    {
        "id": "8569",
        "name": "Allan Pouros"
    },
    {
        "id": "8570",
        "name": "Martin Gutmann"
    },
    {
        "id": "8571",
        "name": "Ying Robel"
    },
    {
        "id": "8574",
        "name": "Keenan Bergstrom"
    },
    {
        "id": "8575",
        "name": "Tessa Hermiston Jr."
    },
    {
        "id": "8576",
        "name": "Waneta Bradtke"
    },
    {
        "id": "8577",
        "name": "Jarred Bernhard"
    },
    {
        "id": "8579",
        "name": "Colton Cole"
    },
    {
        "id": "8580",
        "name": "Elva Mann MD"
    },
    {
        "id": "8581",
        "name": "Thersa Schuster"
    },
    {
        "id": "8582",
        "name": "Allie Ritchie Sr."
    },
    {
        "id": "8583",
        "name": "Kevin Crist"
    },
    {
        "id": "8585",
        "name": "Lois Christiansen DDS"
    },
    {
        "id": "8586",
        "name": "Adelia Robel MD"
    },
    {
        "id": "8587",
        "name": "Minh Kihn DVM"
    },
    {
        "id": "8588",
        "name": "Zulma Greenholt"
    },
    {
        "id": "8591",
        "name": "Devin White"
    },
    {
        "id": "8593",
        "name": "Zada Breitenberg"
    },
    {
        "id": "8594",
        "name": "Kenya McLaughlin"
    },
    {
        "id": "8596",
        "name": "Fredericka Gusikowski"
    },
    {
        "id": "8598",
        "name": "Jefferey Feeney Sr."
    },
    {
        "id": "8600",
        "name": "Donnie Denesik"
    },
    {
        "id": "8601",
        "name": "Rusty Brown V"
    },
    {
        "id": "8602",
        "name": "Howard Kertzmann"
    },
    {
        "id": "8603",
        "name": "Billy Littel"
    },
    {
        "id": "8604",
        "name": "Tatyana Schinner"
    },
    {
        "id": "8605",
        "name": "Charity Schumm"
    },
    {
        "id": "8606",
        "name": "Alverta Powlowski"
    },
    {
        "id": "8608",
        "name": "Owen Mayert V"
    },
    {
        "id": "8609",
        "name": "Bryant Lind"
    },
    {
        "id": "8610",
        "name": "Ty Jones"
    },
    {
        "id": "8612",
        "name": "Renato Adams"
    },
    {
        "id": "8616",
        "name": "Roselee Kuhlman"
    },
    {
        "id": "8617",
        "name": "Rosann Rempel"
    },
    {
        "id": "8618",
        "name": "Tyson Hane"
    },
    {
        "id": "8619",
        "name": "Rigoberto Brekke"
    },
    {
        "id": "8620",
        "name": "Sharlene Koelpin"
    },
    {
        "id": "8621",
        "name": "Emogene Ernser"
    },
    {
        "id": "8623",
        "name": "Guadalupe Emmerich"
    },
    {
        "id": "8624",
        "name": "Arnoldo Halvorson"
    },
    {
        "id": "8625",
        "name": "Marshall Bergnaum"
    },
    {
        "id": "8626",
        "name": "Maegan Hermann"
    },
    {
        "id": "8627",
        "name": "Haley Kessler"
    },
    {
        "id": "8628",
        "name": "Rosario Towne"
    },
    {
        "id": "8629",
        "name": "Ivelisse Pagac"
    },
    {
        "id": "8630",
        "name": "Sammie Abernathy"
    },
    {
        "id": "8631",
        "name": "Brianne Wilkinson Sr."
    },
    {
        "id": "8632",
        "name": "Sofia D'Amore"
    },
    {
        "id": "8633",
        "name": "Loni Langworth Sr."
    },
    {
        "id": "8635",
        "name": "Wilbur Tillman"
    },
    {
        "id": "8636",
        "name": "Jamal Armstrong"
    },
    {
        "id": "8637",
        "name": "Jerome Mohr"
    },
    {
        "id": "8638",
        "name": "Teddy Christiansen"
    },
    {
        "id": "8639",
        "name": "Siobhan Ward"
    },
    {
        "id": "8640",
        "name": "Dante Kohler"
    },
    {
        "id": "8641",
        "name": "Adalberto Crooks"
    },
    {
        "id": "8642",
        "name": "Curt Botsford"
    },
    {
        "id": "8644",
        "name": "Hortense Metz PhD"
    },
    {
        "id": "8645",
        "name": "Denny Leannon"
    },
    {
        "id": "8646",
        "name": "Nicolas Lakin"
    },
    {
        "id": "8647",
        "name": "Dino Armstrong"
    },
    {
        "id": "8648",
        "name": "Reggie Hodkiewicz"
    },
    {
        "id": "8650",
        "name": "Paul Hermiston"
    },
    {
        "id": "8651",
        "name": "Kermit Lemke"
    },
    {
        "id": "8653",
        "name": "My Schulist"
    },
    {
        "id": "8654",
        "name": "Lance Lang III"
    },
    {
        "id": "8655",
        "name": "Mike Bernier"
    },
    {
        "id": "8656",
        "name": "Trenton Beatty"
    },
    {
        "id": "8659",
        "name": "Drew Abernathy"
    },
    {
        "id": "8660",
        "name": "Charlesetta Ruecker"
    },
    {
        "id": "8661",
        "name": "Li Jenkins"
    },
    {
        "id": "8662",
        "name": "Conrad Tromp"
    },
    {
        "id": "8664",
        "name": "Jaye Bode"
    },
    {
        "id": "8665",
        "name": "Catalina Veum"
    },
    {
        "id": "8666",
        "name": "Mac Kessler"
    },
    {
        "id": "8667",
        "name": "Benito Bins"
    },
    {
        "id": "8668",
        "name": "Reiko Mayer V"
    },
    {
        "id": "8669",
        "name": "Samantha Bins"
    },
    {
        "id": "8672",
        "name": "Ezequiel Walsh MD"
    },
    {
        "id": "8673",
        "name": "Zenia Streich IV"
    },
    {
        "id": "8675",
        "name": "Desiree Cummerata"
    },
    {
        "id": "8677",
        "name": "Voncile Erdman"
    },
    {
        "id": "8678",
        "name": "Eve Trantow DVM"
    },
    {
        "id": "8679",
        "name": "Jeremy Tremblay IV"
    },
    {
        "id": "8680",
        "name": "Amos Cole"
    },
    {
        "id": "8681",
        "name": "Kati Langworth"
    },
    {
        "id": "8682",
        "name": "Al Labadie"
    },
    {
        "id": "8688",
        "name": "Taunya Cruickshank Sr."
    },
    {
        "id": "8689",
        "name": "Jason Effertz"
    },
    {
        "id": "8690",
        "name": "Horacio Feil"
    },
    {
        "id": "8691",
        "name": "Nereida Brekke"
    },
    {
        "id": "8693",
        "name": "Martina Muller DVM"
    },
    {
        "id": "8694",
        "name": "Towanda Gorczany"
    },
    {
        "id": "8695",
        "name": "Pansy Feil DVM"
    },
    {
        "id": "8696",
        "name": "Vince King II"
    },
    {
        "id": "8697",
        "name": "Traci Berge"
    },
    {
        "id": "8698",
        "name": "Julian Williamson"
    },
    {
        "id": "8699",
        "name": "Hubert Stoltenberg II"
    },
    {
        "id": "8700",
        "name": "Lanell Parisian"
    },
    {
        "id": "8704",
        "name": "Maryjo Bradtke"
    },
    {
        "id": "8706",
        "name": "Rudolph Schinner"
    },
    {
        "id": "8707",
        "name": "Erasmo Fadel DVM"
    },
    {
        "id": "8708",
        "name": "Eda Zboncak"
    },
    {
        "id": "8709",
        "name": "Wilmer Osinski"
    },
    {
        "id": "8710",
        "name": "Pierre Wunsch"
    },
    {
        "id": "8714",
        "name": "Carolynn Hayes"
    },
    {
        "id": "8716",
        "name": "Izola Senger"
    },
    {
        "id": "8718",
        "name": "Yadira Oberbrunner"
    },
    {
        "id": "8719",
        "name": "Lashay Osinski MD"
    },
    {
        "id": "8722",
        "name": "Levan"
    },
    {
        "id": "8723",
        "name": "Rupert Bergnaum"
    },
    {
        "id": "8724",
        "name": "Randa Trantow"
    },
    {
        "id": "8728",
        "name": "Jennine Dietrich"
    },
    {
        "id": "8731",
        "name": "Sergio Kautzer"
    },
    {
        "id": "8733",
        "name": "Ronnie Metz"
    },
    {
        "id": "8734",
        "name": "Ethan Schowalter"
    },
    {
        "id": "8735",
        "name": "Emanuel Keeling"
    },
    {
        "id": "8736",
        "name": "Judy Brekke"
    },
    {
        "id": "8738",
        "name": "Scott Marvin"
    },
    {
        "id": "8739",
        "name": "Johnnie Renner"
    },
    {
        "id": "8740",
        "name": "Brooks Willms"
    },
    {
        "id": "8741",
        "name": "Omar Funk"
    },
    {
        "id": "8742",
        "name": "Dianna Kiehn DDS"
    },
    {
        "id": "8743",
        "name": "Mitch Treutel"
    },
    {
        "id": "8744",
        "name": "Davida Schneider"
    },
    {
        "id": "8749",
        "name": "Season Lakin III"
    },
    {
        "id": "8750",
        "name": "Ava Dooley"
    },
    {
        "id": "8751",
        "name": "Candice Champlin"
    },
    {
        "id": "8753",
        "name": "Reinaldo Upton DDS"
    },
    {
        "id": "8754",
        "name": "Murray Kemmer PhD"
    },
    {
        "id": "8755",
        "name": "Lachelle Schumm"
    },
    {
        "id": "8756",
        "name": "Simon Funk"
    },
    {
        "id": "8757",
        "name": "Lawerence Price"
    },
    {
        "id": "8761",
        "name": "Antonio Braun DDS"
    },
    {
        "id": "8762",
        "name": "Bruno Schaden"
    },
    {
        "id": "8763",
        "name": "Dong Wilkinson"
    },
    {
        "id": "8765",
        "name": "Tyron Deckow III"
    },
    {
        "id": "8766",
        "name": "Dwayne Wiza"
    },
    {
        "id": "8767",
        "name": "Earle Rosenbaum"
    },
    {
        "id": "8768",
        "name": "Benjamin Paucek"
    },
    {
        "id": "8770",
        "name": "Zonia Streich III"
    },
    {
        "id": "8772",
        "name": "Arnulfo Willms I"
    },
    {
        "id": "8774",
        "name": "Reita Block"
    },
    {
        "id": "8776",
        "name": "Larisa Toy"
    },
    {
        "id": "8777",
        "name": "Lorenzo Strosin I"
    },
    {
        "id": "8779",
        "name": "Sidney Ziemann"
    },
    {
        "id": "8780",
        "name": "Clemente Bartell"
    },
    {
        "id": "8781",
        "name": "Dede Parker"
    },
    {
        "id": "8782",
        "name": "Tiffani Conroy"
    },
    {
        "id": "8786",
        "name": "Qiana Bahringer"
    },
    {
        "id": "8787",
        "name": "Nanci Hoeger PhD"
    },
    {
        "id": "8788",
        "name": "Lupita Goldner MD"
    },
    {
        "id": "8789",
        "name": "Boyce Littel"
    },
    {
        "id": "8790",
        "name": "Beata Erdman"
    },
    {
        "id": "8792",
        "name": "Cinda Boyer"
    },
    {
        "id": "8793",
        "name": "Manuel Beatty"
    },
    {
        "id": "8794",
        "name": "Rheba Gleason IV"
    },
    {
        "id": "8798",
        "name": "Carmon Prosacco IV"
    },
    {
        "id": "8800",
        "name": "Laurene Lakin I"
    },
    {
        "id": "8801",
        "name": "Jung Walter"
    },
    {
        "id": "8802",
        "name": "Carmelo Hansen"
    },
    {
        "id": "8804",
        "name": "Mr. Nery Kuhn"
    },
    {
        "id": "8805",
        "name": "Clotilde Macejkovic"
    },
    {
        "id": "8806",
        "name": "Leandro Kuhlman"
    },
    {
        "id": "8807",
        "name": "Willia Rolfson"
    },
    {
        "id": "8809",
        "name": "Jackie Gutkowski"
    },
    {
        "id": "8810",
        "name": "Marilou Kuphal"
    },
    {
        "id": "8811",
        "name": "Linwood Daniel"
    },
    {
        "id": "8812",
        "name": "Don Schumm"
    },
    {
        "id": "8813",
        "name": "Nohemi Murray"
    },
    {
        "id": "8814",
        "name": "Jody Haag"
    },
    {
        "id": "8815",
        "name": "Elin Beatty"
    },
    {
        "id": "8816",
        "name": "Miss Aron Vandervort"
    },
    {
        "id": "8817",
        "name": "Adah Gutkowski"
    },
    {
        "id": "8819",
        "name": "Brandy Kozey"
    },
    {
        "id": "8820",
        "name": "Dennis Rodman"
    },
    {
        "id": "8821",
        "name": "Evalyn Goyette"
    },
    {
        "id": "8823",
        "name": "Harold Herman"
    },
    {
        "id": "8825",
        "name": "Marylouise Grady"
    },
    {
        "id": "8826",
        "name": "Jae Hirthe IV"
    },
    {
        "id": "8827",
        "name": "Lanie Klocko"
    },
    {
        "id": "8828",
        "name": "Dennis Rodman"
    },
    {
        "id": "8829",
        "name": "Catheryn Schroeder"
    },
    {
        "id": "8831",
        "name": "Aaron Volkman"
    },
    {
        "id": "8832",
        "name": "Carylon Cummerata"
    },
    {
        "id": "8833",
        "name": "Reynaldo Murphy MD"
    },
    {
        "id": "8835",
        "name": "Lynne Franecki IV"
    },
    {
        "id": "8836",
        "name": "Shaniqua Lehner IV"
    },
    {
        "id": "8844",
        "name": "Sally Erdman"
    },
    {
        "id": "8845",
        "name": "Mrs. Michele Krajcik"
    },
    {
        "id": "8847",
        "name": "Shawnta Heller Sr."
    },
    {
        "id": "8848",
        "name": "jaki"
    },
    {
        "id": "8849",
        "name": "Soledad McClure"
    },
    {
        "id": "8851",
        "name": "Leslie Hettinger"
    },
    {
        "id": "8852",
        "name": "Judie Kozey"
    },
    {
        "id": "8853",
        "name": "Weston Kshlerin Jr."
    },
    {
        "id": "8854",
        "name": "Rashad Hermann"
    },
    {
        "id": "8855",
        "name": "Russell Jacobs"
    },
    {
        "id": "8856",
        "name": "Test User"
    },
    {
        "id": "8857",
        "name": "Ashlea Morissette"
    },
    {
        "id": "8858",
        "name": "Lillia McClure"
    },
    {
        "id": "8859",
        "name": "Dean Parisian"
    },
    {
        "id": "8860",
        "name": "Etta Kuhn"
    },
    {
        "id": "8861",
        "name": "Tammara Hamill"
    },
    {
        "id": "8862",
        "name": "Marco Hackett"
    },
    {
        "id": "8863",
        "name": "Shay Heidenreich"
    },
    {
        "id": "8864",
        "name": "Ja Feeney"
    },
    {
        "id": "8865",
        "name": "Gavin Farrell"
    },
    {
        "id": "8866",
        "name": "Keenan Hickle"
    },
    {
        "id": "8867",
        "name": "Lawrence Conn"
    },
    {
        "id": "8868",
        "name": "Ileen Gusikowski     "
    },
    {
        "id": "8869",
        "name": "Claude DuBuque [EDITED]     "
    },
    {
        "id": "8870",
        "name": "Galen Walsh     Natashia Brakus [EDITED]     "
    },
    {
        "id": "8871",
        "name": "Daisy Rempel"
    },
    {
        "id": "8872",
        "name": "Miss Marvin Bergstrom"
    },
    {
        "id": "8873",
        "name": "Mr. Allen Schmeler"
    },
    {
        "id": "8874",
        "name": "Marion Kutch"
    },
    {
        "id": "8875",
        "name": "Marion Lebsack"
    },
    {
        "id": "8876",
        "name": "Jaime Kunze PhD"
    },
    {
        "id": "8877",
        "name": "Sheila Ullrich Jr."
    },
    {
        "id": "8878",
        "name": "Cheryl Williamson"
    },
    {
        "id": "8879",
        "name": "Phillip Schmitt"
    },
    {
        "id": "8880",
        "name": "Desiree Torp"
    },
    {
        "id": "8881",
        "name": "Verna Baumbach"
    },
    {
        "id": "8882",
        "name": "Jared Grimes"
    },
    {
        "id": "8883",
        "name": "Marcia Doyle"
    },
    {
        "id": "8884",
        "name": "Gennie Schmeler"
    },
    {
        "id": "8885",
        "name": "Israel Marks Jr."
    },
    {
        "id": "8887",
        "name": "Matilde Marks"
    },
    {
        "id": "8888",
        "name": "Tanika Ryan"
    },
    {
        "id": "8889",
        "name": "Rima Grimes III"
    },
    {
        "id": "8890",
        "name": "Edwardo Hills IV"
    },
    {
        "id": "8891",
        "name": "Miguel Anderson"
    },
    {
        "id": "8892",
        "name": "Tisha Cartwright II"
    },
    {
        "id": "8893",
        "name": "Phuong Boyer"
    },
    {
        "id": "8894",
        "name": "Clara Jakubowski"
    },
    {
        "id": "8896",
        "name": "Miyoko Stokes"
    },
    {
        "id": "8897",
        "name": "Wyatt Fisher I"
    },
    {
        "id": "8898",
        "name": "Kesha Ratke"
    },
    {
        "id": "8900",
        "name": "Pamelia Donnelly II"
    },
    {
        "id": "8901",
        "name": "Emanuel Herman"
    },
    {
        "id": "8902",
        "name": "Kasey Buckridge"
    },
    {
        "id": "8904",
        "name": "Cedrick Koelpin"
    },
    {
        "id": "8905",
        "name": "Gerardo Shields Jr."
    },
    {
        "id": "8908",
        "name": "Jackeline Kihn"
    },
    {
        "id": "8909",
        "name": "Ceola Friesen"
    },
    {
        "id": "8911",
        "name": "Nilsa Kuvalis"
    },
    {
        "id": "8913",
        "name": "Shari Koss"
    },
    {
        "id": "8914",
        "name": "Ozzie Tromp III"
    },
    {
        "id": "8916",
        "name": "Della Gutkowski III"
    },
    {
        "id": "8917",
        "name": "Cassondra Towne"
    },
    {
        "id": "8918",
        "name": "Maryann Schamberger"
    },
    {
        "id": "8919",
        "name": "Francisco Koelpin"
    },
    {
        "id": "8920",
        "name": "Brain Grant II"
    },
    {
        "id": "8921",
        "name": "Virgilio Lind"
    },
    {
        "id": "8926",
        "name": "Jonny"
    },
    {
        "id": "8928",
        "name": "Huey Veum"
    },
    {
        "id": "8929",
        "name": "Ahmad Bilal kakar"
    },
    {
        "id": "8930",
        "name": "Kaci Skiles [EDITED]     "
    },
    {
        "id": "8932",
        "name": "Alita Senger IV"
    },
    {
        "id": "8934",
        "name": "Zack Schmidt Jr."
    },
    {
        "id": "8935",
        "name": "Angeles Toy"
    },
    {
        "id": "8936",
        "name": "Clarence DuBuque [EDITED]     "
    },
    {
        "id": "8937",
        "name": "Berry Effertz [EDITED]     "
    },
    {
        "id": "8938",
        "name": "Buster Hills     "
    },
    {
        "id": "8939",
        "name": "Sena Osinski"
    },
    {
        "id": "8940",
        "name": "Juliana Fahey"
    },
    {
        "id": "8941",
        "name": "Liza Beier"
    },
    {
        "id": "8943",
        "name": "Brant Lesch"
    },
    {
        "id": "8944",
        "name": "Evelina Kemmer"
    },
    {
        "id": "8946",
        "name": "Ernesto Weber"
    },
    {
        "id": "8947",
        "name": "Janis Mraz"
    },
    {
        "id": "8948",
        "name": "Maricruz Hermann"
    },
    {
        "id": "8949",
        "name": "Matilda Bradtke"
    },
    {
        "id": "8950",
        "name": "Roland Schuster"
    },
    {
        "id": "8953",
        "name": "Issac D'Amore V"
    },
    {
        "id": "8954",
        "name": "Rufus Price"
    },
    {
        "id": "8955",
        "name": "Dillon Mraz"
    },
    {
        "id": "8957",
        "name": "Beverley Koelpin"
    },
    {
        "id": "8958",
        "name": "Fabiola Dietrich"
    },
    {
        "id": "8960",
        "name": "Brenda Stracke"
    },
    {
        "id": "8961",
        "name": "Maryanna Yundt"
    },
    {
        "id": "8964",
        "name": "Christie Ward"
    },
    {
        "id": "8965",
        "name": "Caleb Gleason"
    },
    {
        "id": "8966",
        "name": "Ashleigh Kub"
    },
    {
        "id": "8968",
        "name": "Reta Gleason"
    },
    {
        "id": "8969",
        "name": "Clinton Treutel"
    },
    {
        "id": "8971",
        "name": "Palmer Windler"
    },
    {
        "id": "8972",
        "name": "Nicholle Skiles"
    },
    {
        "id": "8973",
        "name": "Clark Moore     "
    },
    {
        "id": "8974",
        "name": "Jacquelin Lind"
    },
    {
        "id": "8976",
        "name": "Barabara Lang"
    },
    {
        "id": "8978",
        "name": "Dorcas Jerde"
    },
    {
        "id": "8979",
        "name": "Tonie Hauck"
    },
    {
        "id": "8983",
        "name": "Annabel Schumm"
    },
    {
        "id": "8984",
        "name": "Mr. Alita Nicolas"
    },
    {
        "id": "8985",
        "name": "Ms. Yessenia Gerlach"
    },
    {
        "id": "8986",
        "name": "Mr. Kanisha Graham"
    },
    {
        "id": "8987",
        "name": "Katy Trantow"
    },
    {
        "id": "8988",
        "name": "Mrs. Scotty Borer"
    },
    {
        "id": "8989",
        "name": "Cherilyn Kunde"
    },
    {
        "id": "8990",
        "name": "Irwin Shanahan"
    },
    {
        "id": "8991",
        "name": "Elvia Cormier"
    },
    {
        "id": "8992",
        "name": "Fredricka Considine"
    },
    {
        "id": "8993",
        "name": "Gail Koch"
    },
    {
        "id": "8994",
        "name": "Gregory Jacobson"
    },
    {
        "id": "8995",
        "name": "Dr. Frederic Jast"
    },
    {
        "id": "8996",
        "name": "Billy Mann"
    },
    {
        "id": "8997",
        "name": "Bernardina Harris PhD"
    },
    {
        "id": "8998",
        "name": "Mike Roads"
    },
    {
        "id": "8999",
        "name": "Mike Moads"
    }
]
]]></system-out>
    <system-err><![CDATA[Starting ChromeDriver 114.0.5735.90 (386bc09e8f4f2e025eddae123f36f6263096ae49-refs/branch-heads/5735@{#1052}) on port 37936
Only local connections are allowed.
Please see https://chromedriver.chromium.org/security-considerations for suggestions on keeping ChromeDriver safe.
ChromeDriver was started successfully.
[1690731134.546][WARNING]: This version of ChromeDriver has not been tested with Chrome version 115.
Jul 30, 2023 11:32:16 AM org.openqa.selenium.remote.ProtocolHandshake createSession
INFO: Detected dialect: W3C
]]></system-err>
  </testcase>
</testsuite>