<?xml version="1.0" encoding="UTF-8"?>
<testsuite xmlns:xsi="http://www.w3.org/2001/XMLSchema-instance" xsi:noNamespaceSchemaLocation="https://maven.apache.org/surefire/maven-surefire-plugin/xsd/surefire-test-report-3.0.xsd" version="3.0" name=": As a user, I want to view my own user information using the API" time="57.623" tests="4" errors="0" skipped="0" failures="4">
  <properties>
    <property name="BrowserName" value="safari"/>
    <property name="sun.desktop" value="windows"/>
    <property name="awt.toolkit" value="sun.awt.windows.WToolkit"/>
    <property name="java.specification.version" value="11"/>
    <property name="webdriver.chrome.driver" value="C:\Users\amirh\.cache\selenium\chromedriver\win32\114.0.5735.90\chromedriver.exe"/>
    <property name="sun.cpu.isalist" value="amd64"/>
    <property name="sun.jnu.encoding" value="Cp1252"/>
    <property name="java.class.path" value="C:\Users\amirh\IdeaProjects\LibraryAllInOne\target\test-classes;C:\Users\amirh\IdeaProjects\LibraryAllInOne\target\classes;C:\Users\amirh\.m2\repository\io\rest-assured\rest-assured\5.2.1\rest-assured-5.2.1.jar;C:\Users\amirh\.m2\repository\org\apache\groovy\groovy\4.0.1\groovy-4.0.1.jar;C:\Users\amirh\.m2\repository\org\apache\groovy\groovy-xml\4.0.1\groovy-xml-4.0.1.jar;C:\Users\amirh\.m2\repository\org\apache\httpcomponents\httpclient\4.5.13\httpclient-4.5.13.jar;C:\Users\amirh\.m2\repository\org\apache\httpcomponents\httpcore\4.4.13\httpcore-4.4.13.jar;C:\Users\amirh\.m2\repository\commons-logging\commons-logging\1.2\commons-logging-1.2.jar;C:\Users\amirh\.m2\repository\commons-codec\commons-codec\1.11\commons-codec-1.11.jar;C:\Users\amirh\.m2\repository\org\apache\httpcomponents\httpmime\4.5.13\httpmime-4.5.13.jar;C:\Users\amirh\.m2\repository\org\hamcrest\hamcrest\2.1\hamcrest-2.1.jar;C:\Users\amirh\.m2\repository\org\ccil\cowan\tagsoup\tagsoup\1.2.1\tagsoup-1.2.1.jar;C:\Users\amirh\.m2\repository\io\rest-assured\json-path\5.2.1\json-path-5.2.1.jar;C:\Users\amirh\.m2\repository\org\apache\groovy\groovy-json\4.0.1\groovy-json-4.0.1.jar;C:\Users\amirh\.m2\repository\io\rest-assured\rest-assured-common\5.2.1\rest-assured-common-5.2.1.jar;C:\Users\amirh\.m2\repository\io\rest-assured\xml-path\5.2.1\xml-path-5.2.1.jar;C:\Users\amirh\.m2\repository\org\seleniumhq\selenium\selenium-java\3.141.59\selenium-java-3.141.59.jar;C:\Users\amirh\.m2\repository\org\seleniumhq\selenium\selenium-api\3.141.59\selenium-api-3.141.59.jar;C:\Users\amirh\.m2\repository\org\seleniumhq\selenium\selenium-chrome-driver\3.141.59\selenium-chrome-driver-3.141.59.jar;C:\Users\amirh\.m2\repository\org\seleniumhq\selenium\selenium-edge-driver\3.141.59\selenium-edge-driver-3.141.59.jar;C:\Users\amirh\.m2\repository\org\seleniumhq\selenium\selenium-firefox-driver\3.141.59\selenium-firefox-driver-3.141.59.jar;C:\Users\amirh\.m2\repository\org\seleniumhq\selenium\selenium-ie-driver\3.141.59\selenium-ie-driver-3.141.59.jar;C:\Users\amirh\.m2\repository\org\seleniumhq\selenium\selenium-opera-driver\3.141.59\selenium-opera-driver-3.141.59.jar;C:\Users\amirh\.m2\repository\org\seleniumhq\selenium\selenium-remote-driver\3.141.59\selenium-remote-driver-3.141.59.jar;C:\Users\amirh\.m2\repository\org\seleniumhq\selenium\selenium-safari-driver\3.141.59\selenium-safari-driver-3.141.59.jar;C:\Users\amirh\.m2\repository\org\seleniumhq\selenium\selenium-support\3.141.59\selenium-support-3.141.59.jar;C:\Users\amirh\.m2\repository\net\bytebuddy\byte-buddy\1.8.15\byte-buddy-1.8.15.jar;C:\Users\amirh\.m2\repository\org\apache\commons\commons-exec\1.3\commons-exec-1.3.jar;C:\Users\amirh\.m2\repository\com\google\guava\guava\25.0-jre\guava-25.0-jre.jar;C:\Users\amirh\.m2\repository\com\google\code\findbugs\jsr305\1.3.9\jsr305-1.3.9.jar;C:\Users\amirh\.m2\repository\org\checkerframework\checker-compat-qual\2.0.0\checker-compat-qual-2.0.0.jar;C:\Users\amirh\.m2\repository\com\google\errorprone\error_prone_annotations\2.1.3\error_prone_annotations-2.1.3.jar;C:\Users\amirh\.m2\repository\com\google\j2objc\j2objc-annotations\1.1\j2objc-annotations-1.1.jar;C:\Users\amirh\.m2\repository\org\codehaus\mojo\animal-sniffer-annotations\1.14\animal-sniffer-annotations-1.14.jar;C:\Users\amirh\.m2\repository\com\squareup\okhttp3\okhttp\3.11.0\okhttp-3.11.0.jar;C:\Users\amirh\.m2\repository\com\squareup\okio\okio\1.14.0\okio-1.14.0.jar;C:\Users\amirh\.m2\repository\io\github\bonigarcia\webdrivermanager\5.1.0\webdrivermanager-5.1.0.jar;C:\Users\amirh\.m2\repository\org\slf4j\slf4j-api\1.7.36\slf4j-api-1.7.36.jar;C:\Users\amirh\.m2\repository\com\google\code\gson\gson\2.9.0\gson-2.9.0.jar;C:\Users\amirh\.m2\repository\com\github\docker-java\docker-java\3.2.13\docker-java-3.2.13.jar;C:\Users\amirh\.m2\repository\com\github\docker-java\docker-java-core\3.2.13\docker-java-core-3.2.13.jar;C:\Users\amirh\.m2\repository\com\github\docker-java\docker-java-api\3.2.13\docker-java-api-3.2.13.jar;C:\Users\amirh\.m2\repository\org\apache\commons\commons-compress\1.21\commons-compress-1.21.jar;C:\Users\amirh\.m2\repository\org\bouncycastle\bcpkix-jdk15on\1.64\bcpkix-jdk15on-1.64.jar;C:\Users\amirh\.m2\repository\org\bouncycastle\bcprov-jdk15on\1.64\bcprov-jdk15on-1.64.jar;C:\Users\amirh\.m2\repository\org\slf4j\jcl-over-slf4j\1.7.30\jcl-over-slf4j-1.7.30.jar;C:\Users\amirh\.m2\repository\com\github\docker-java\docker-java-transport-httpclient5\3.2.13\docker-java-transport-httpclient5-3.2.13.jar;C:\Users\amirh\.m2\repository\com\github\docker-java\docker-java-transport\3.2.13\docker-java-transport-3.2.13.jar;C:\Users\amirh\.m2\repository\org\apache\httpcomponents\client5\httpclient5\5.0.3\httpclient5-5.0.3.jar;C:\Users\amirh\.m2\repository\org\apache\httpcomponents\core5\httpcore5\5.0.2\httpcore5-5.0.2.jar;C:\Users\amirh\.m2\repository\net\java\dev\jna\jna\5.8.0\jna-5.8.0.jar;C:\Users\amirh\.m2\repository\org\brotli\dec\0.1.2\dec-0.1.2.jar;C:\Users\amirh\.m2\repository\org\apache\commons\commons-lang3\3.12.0\commons-lang3-3.12.0.jar;C:\Users\amirh\.m2\repository\com\github\javafaker\javafaker\1.0.2\javafaker-1.0.2.jar;C:\Users\amirh\.m2\repository\org\yaml\snakeyaml\1.23\snakeyaml-1.23-android.jar;C:\Users\amirh\.m2\repository\com\github\mifmif\generex\1.0.2\generex-1.0.2.jar;C:\Users\amirh\.m2\repository\dk\brics\automaton\automaton\1.11-8\automaton-1.11-8.jar;C:\Users\amirh\.m2\repository\io\cucumber\cucumber-java\7.2.3\cucumber-java-7.2.3.jar;C:\Users\amirh\.m2\repository\io\cucumber\cucumber-core\7.2.3\cucumber-core-7.2.3.jar;C:\Users\amirh\.m2\repository\io\cucumber\cucumber-gherkin\7.2.3\cucumber-gherkin-7.2.3.jar;C:\Users\amirh\.m2\repository\io\cucumber\cucumber-gherkin-messages\7.2.3\cucumber-gherkin-messages-7.2.3.jar;C:\Users\amirh\.m2\repository\io\cucumber\messages\17.1.1\messages-17.1.1.jar;C:\Users\amirh\.m2\repository\io\cucumber\tag-expressions\4.1.0\tag-expressions-4.1.0.jar;C:\Users\amirh\.m2\repository\io\cucumber\cucumber-expressions\15.0.1\cucumber-expressions-15.0.1.jar;C:\Users\amirh\.m2\repository\io\cucumber\datatable\7.2.3\datatable-7.2.3.jar;C:\Users\amirh\.m2\repository\io\cucumber\cucumber-plugin\7.2.3\cucumber-plugin-7.2.3.jar;C:\Users\amirh\.m2\repository\io\cucumber\docstring\7.2.3\docstring-7.2.3.jar;C:\Users\amirh\.m2\repository\io\cucumber\html-formatter\17.0.0\html-formatter-17.0.0.jar;C:\Users\amirh\.m2\repository\io\cucumber\ci-environment\8.1.0\ci-environment-8.1.0.jar;C:\Users\amirh\.m2\repository\org\apiguardian\apiguardian-api\1.1.2\apiguardian-api-1.1.2.jar;C:\Users\amirh\.m2\repository\io\cucumber\cucumber-junit\7.2.3\cucumber-junit-7.2.3.jar;C:\Users\amirh\.m2\repository\junit\junit\4.13.2\junit-4.13.2.jar;C:\Users\amirh\.m2\repository\org\hamcrest\hamcrest-core\1.3\hamcrest-core-1.3.jar;C:\Users\amirh\.m2\repository\me\jvt\cucumber\reporting-plugin\7.2.0\reporting-plugin-7.2.0.jar;C:\Users\amirh\.m2\repository\io\cucumber\gherkin\22.0.0\gherkin-22.0.0.jar;C:\Users\amirh\.m2\repository\net\masterthought\cucumber-reporting\5.6.1\cucumber-reporting-5.6.1.jar;C:\Users\amirh\.m2\repository\com\fasterxml\jackson\datatype\jackson-datatype-jsr310\2.12.1\jackson-datatype-jsr310-2.12.1.jar;C:\Users\amirh\.m2\repository\org\apache\velocity\velocity-engine-core\2.3\velocity-engine-core-2.3.jar;C:\Users\amirh\.m2\repository\commons-collections\commons-collections\3.2.2\commons-collections-3.2.2.jar;C:\Users\amirh\.m2\repository\joda-time\joda-time\2.10.10\joda-time-2.10.10.jar;C:\Users\amirh\.m2\repository\commons-io\commons-io\2.7\commons-io-2.7.jar;C:\Users\amirh\.m2\repository\org\codehaus\plexus\plexus-utils\3.3.0\plexus-utils-3.3.0.jar;C:\Users\amirh\.m2\repository\org\jsoup\jsoup\1.14.2\jsoup-1.14.2.jar;C:\Users\amirh\.m2\repository\com\googlecode\owasp-java-html-sanitizer\owasp-java-html-sanitizer\20211018.2\owasp-java-html-sanitizer-20211018.2.jar;C:\Users\amirh\.m2\repository\commons-configuration\commons-configuration\1.10\commons-configuration-1.10.jar;C:\Users\amirh\.m2\repository\commons-lang\commons-lang\2.6\commons-lang-2.6.jar;C:\Users\amirh\.m2\repository\mysql\mysql-connector-java\8.0.25\mysql-connector-java-8.0.25.jar;C:\Users\amirh\.m2\repository\com\google\protobuf\protobuf-java\3.11.4\protobuf-java-3.11.4.jar;C:\Users\amirh\.m2\repository\com\fasterxml\jackson\core\jackson-databind\2.13.0\jackson-databind-2.13.0.jar;C:\Users\amirh\.m2\repository\com\fasterxml\jackson\core\jackson-annotations\2.13.0\jackson-annotations-2.13.0.jar;C:\Users\amirh\.m2\repository\com\fasterxml\jackson\core\jackson-core\2.13.0\jackson-core-2.13.0.jar;"/>
    <property name="java.vm.vendor" value="Oracle Corporation"/>
    <property name="sun.arch.data.model" value="64"/>
    <property name="user.variant" value=""/>
    <property name="java.vendor.url" value="https://openjdk.java.net/"/>
    <property name="user.timezone" value="America/New_York"/>
    <property name="user.country.format" value="AS"/>
    <property name="java.vm.specification.version" value="11"/>
    <property name="os.name" value="Windows 10"/>
    <property name="sun.java.launcher" value="SUN_STANDARD"/>
    <property name="user.country" value="US"/>
    <property name="sun.boot.library.path" value="C:\Program Files\Java\jdk-11.0.12\bin"/>
    <property name="sun.java.command" value="C:\Users\amirh\AppData\Local\Temp\surefire16130618095316056189\surefirebooter13186147080477134730.jar C:\Users\amirh\AppData\Local\Temp\surefire16130618095316056189 2023-07-30T21-21-17_942-jvmRun1 surefire13203594549334480266tmp surefire_018427937536829973699tmp"/>
    <property name="jdk.debug" value="release"/>
    <property name="surefire.test.class.path" value="C:\Users\amirh\IdeaProjects\LibraryAllInOne\target\test-classes;C:\Users\amirh\IdeaProjects\LibraryAllInOne\target\classes;C:\Users\amirh\.m2\repository\io\rest-assured\rest-assured\5.2.1\rest-assured-5.2.1.jar;C:\Users\amirh\.m2\repository\org\apache\groovy\groovy\4.0.1\groovy-4.0.1.jar;C:\Users\amirh\.m2\repository\org\apache\groovy\groovy-xml\4.0.1\groovy-xml-4.0.1.jar;C:\Users\amirh\.m2\repository\org\apache\httpcomponents\httpclient\4.5.13\httpclient-4.5.13.jar;C:\Users\amirh\.m2\repository\org\apache\httpcomponents\httpcore\4.4.13\httpcore-4.4.13.jar;C:\Users\amirh\.m2\repository\commons-logging\commons-logging\1.2\commons-logging-1.2.jar;C:\Users\amirh\.m2\repository\commons-codec\commons-codec\1.11\commons-codec-1.11.jar;C:\Users\amirh\.m2\repository\org\apache\httpcomponents\httpmime\4.5.13\httpmime-4.5.13.jar;C:\Users\amirh\.m2\repository\org\hamcrest\hamcrest\2.1\hamcrest-2.1.jar;C:\Users\amirh\.m2\repository\org\ccil\cowan\tagsoup\tagsoup\1.2.1\tagsoup-1.2.1.jar;C:\Users\amirh\.m2\repository\io\rest-assured\json-path\5.2.1\json-path-5.2.1.jar;C:\Users\amirh\.m2\repository\org\apache\groovy\groovy-json\4.0.1\groovy-json-4.0.1.jar;C:\Users\amirh\.m2\repository\io\rest-assured\rest-assured-common\5.2.1\rest-assured-common-5.2.1.jar;C:\Users\amirh\.m2\repository\io\rest-assured\xml-path\5.2.1\xml-path-5.2.1.jar;C:\Users\amirh\.m2\repository\org\seleniumhq\selenium\selenium-java\3.141.59\selenium-java-3.141.59.jar;C:\Users\amirh\.m2\repository\org\seleniumhq\selenium\selenium-api\3.141.59\selenium-api-3.141.59.jar;C:\Users\amirh\.m2\repository\org\seleniumhq\selenium\selenium-chrome-driver\3.141.59\selenium-chrome-driver-3.141.59.jar;C:\Users\amirh\.m2\repository\org\seleniumhq\selenium\selenium-edge-driver\3.141.59\selenium-edge-driver-3.141.59.jar;C:\Users\amirh\.m2\repository\org\seleniumhq\selenium\selenium-firefox-driver\3.141.59\selenium-firefox-driver-3.141.59.jar;C:\Users\amirh\.m2\repository\org\seleniumhq\selenium\selenium-ie-driver\3.141.59\selenium-ie-driver-3.141.59.jar;C:\Users\amirh\.m2\repository\org\seleniumhq\selenium\selenium-opera-driver\3.141.59\selenium-opera-driver-3.141.59.jar;C:\Users\amirh\.m2\repository\org\seleniumhq\selenium\selenium-remote-driver\3.141.59\selenium-remote-driver-3.141.59.jar;C:\Users\amirh\.m2\repository\org\seleniumhq\selenium\selenium-safari-driver\3.141.59\selenium-safari-driver-3.141.59.jar;C:\Users\amirh\.m2\repository\org\seleniumhq\selenium\selenium-support\3.141.59\selenium-support-3.141.59.jar;C:\Users\amirh\.m2\repository\net\bytebuddy\byte-buddy\1.8.15\byte-buddy-1.8.15.jar;C:\Users\amirh\.m2\repository\org\apache\commons\commons-exec\1.3\commons-exec-1.3.jar;C:\Users\amirh\.m2\repository\com\google\guava\guava\25.0-jre\guava-25.0-jre.jar;C:\Users\amirh\.m2\repository\com\google\code\findbugs\jsr305\1.3.9\jsr305-1.3.9.jar;C:\Users\amirh\.m2\repository\org\checkerframework\checker-compat-qual\2.0.0\checker-compat-qual-2.0.0.jar;C:\Users\amirh\.m2\repository\com\google\errorprone\error_prone_annotations\2.1.3\error_prone_annotations-2.1.3.jar;C:\Users\amirh\.m2\repository\com\google\j2objc\j2objc-annotations\1.1\j2objc-annotations-1.1.jar;C:\Users\amirh\.m2\repository\org\codehaus\mojo\animal-sniffer-annotations\1.14\animal-sniffer-annotations-1.14.jar;C:\Users\amirh\.m2\repository\com\squareup\okhttp3\okhttp\3.11.0\okhttp-3.11.0.jar;C:\Users\amirh\.m2\repository\com\squareup\okio\okio\1.14.0\okio-1.14.0.jar;C:\Users\amirh\.m2\repository\io\github\bonigarcia\webdrivermanager\5.1.0\webdrivermanager-5.1.0.jar;C:\Users\amirh\.m2\repository\org\slf4j\slf4j-api\1.7.36\slf4j-api-1.7.36.jar;C:\Users\amirh\.m2\repository\com\google\code\gson\gson\2.9.0\gson-2.9.0.jar;C:\Users\amirh\.m2\repository\com\github\docker-java\docker-java\3.2.13\docker-java-3.2.13.jar;C:\Users\amirh\.m2\repository\com\github\docker-java\docker-java-core\3.2.13\docker-java-core-3.2.13.jar;C:\Users\amirh\.m2\repository\com\github\docker-java\docker-java-api\3.2.13\docker-java-api-3.2.13.jar;C:\Users\amirh\.m2\repository\org\apache\commons\commons-compress\1.21\commons-compress-1.21.jar;C:\Users\amirh\.m2\repository\org\bouncycastle\bcpkix-jdk15on\1.64\bcpkix-jdk15on-1.64.jar;C:\Users\amirh\.m2\repository\org\bouncycastle\bcprov-jdk15on\1.64\bcprov-jdk15on-1.64.jar;C:\Users\amirh\.m2\repository\org\slf4j\jcl-over-slf4j\1.7.30\jcl-over-slf4j-1.7.30.jar;C:\Users\amirh\.m2\repository\com\github\docker-java\docker-java-transport-httpclient5\3.2.13\docker-java-transport-httpclient5-3.2.13.jar;C:\Users\amirh\.m2\repository\com\github\docker-java\docker-java-transport\3.2.13\docker-java-transport-3.2.13.jar;C:\Users\amirh\.m2\repository\org\apache\httpcomponents\client5\httpclient5\5.0.3\httpclient5-5.0.3.jar;C:\Users\amirh\.m2\repository\org\apache\httpcomponents\core5\httpcore5\5.0.2\httpcore5-5.0.2.jar;C:\Users\amirh\.m2\repository\net\java\dev\jna\jna\5.8.0\jna-5.8.0.jar;C:\Users\amirh\.m2\repository\org\brotli\dec\0.1.2\dec-0.1.2.jar;C:\Users\amirh\.m2\repository\org\apache\commons\commons-lang3\3.12.0\commons-lang3-3.12.0.jar;C:\Users\amirh\.m2\repository\com\github\javafaker\javafaker\1.0.2\javafaker-1.0.2.jar;C:\Users\amirh\.m2\repository\org\yaml\snakeyaml\1.23\snakeyaml-1.23-android.jar;C:\Users\amirh\.m2\repository\com\github\mifmif\generex\1.0.2\generex-1.0.2.jar;C:\Users\amirh\.m2\repository\dk\brics\automaton\automaton\1.11-8\automaton-1.11-8.jar;C:\Users\amirh\.m2\repository\io\cucumber\cucumber-java\7.2.3\cucumber-java-7.2.3.jar;C:\Users\amirh\.m2\repository\io\cucumber\cucumber-core\7.2.3\cucumber-core-7.2.3.jar;C:\Users\amirh\.m2\repository\io\cucumber\cucumber-gherkin\7.2.3\cucumber-gherkin-7.2.3.jar;C:\Users\amirh\.m2\repository\io\cucumber\cucumber-gherkin-messages\7.2.3\cucumber-gherkin-messages-7.2.3.jar;C:\Users\amirh\.m2\repository\io\cucumber\messages\17.1.1\messages-17.1.1.jar;C:\Users\amirh\.m2\repository\io\cucumber\tag-expressions\4.1.0\tag-expressions-4.1.0.jar;C:\Users\amirh\.m2\repository\io\cucumber\cucumber-expressions\15.0.1\cucumber-expressions-15.0.1.jar;C:\Users\amirh\.m2\repository\io\cucumber\datatable\7.2.3\datatable-7.2.3.jar;C:\Users\amirh\.m2\repository\io\cucumber\cucumber-plugin\7.2.3\cucumber-plugin-7.2.3.jar;C:\Users\amirh\.m2\repository\io\cucumber\docstring\7.2.3\docstring-7.2.3.jar;C:\Users\amirh\.m2\repository\io\cucumber\html-formatter\17.0.0\html-formatter-17.0.0.jar;C:\Users\amirh\.m2\repository\io\cucumber\ci-environment\8.1.0\ci-environment-8.1.0.jar;C:\Users\amirh\.m2\repository\org\apiguardian\apiguardian-api\1.1.2\apiguardian-api-1.1.2.jar;C:\Users\amirh\.m2\repository\io\cucumber\cucumber-junit\7.2.3\cucumber-junit-7.2.3.jar;C:\Users\amirh\.m2\repository\junit\junit\4.13.2\junit-4.13.2.jar;C:\Users\amirh\.m2\repository\org\hamcrest\hamcrest-core\1.3\hamcrest-core-1.3.jar;C:\Users\amirh\.m2\repository\me\jvt\cucumber\reporting-plugin\7.2.0\reporting-plugin-7.2.0.jar;C:\Users\amirh\.m2\repository\io\cucumber\gherkin\22.0.0\gherkin-22.0.0.jar;C:\Users\amirh\.m2\repository\net\masterthought\cucumber-reporting\5.6.1\cucumber-reporting-5.6.1.jar;C:\Users\amirh\.m2\repository\com\fasterxml\jackson\datatype\jackson-datatype-jsr310\2.12.1\jackson-datatype-jsr310-2.12.1.jar;C:\Users\amirh\.m2\repository\org\apache\velocity\velocity-engine-core\2.3\velocity-engine-core-2.3.jar;C:\Users\amirh\.m2\repository\commons-collections\commons-collections\3.2.2\commons-collections-3.2.2.jar;C:\Users\amirh\.m2\repository\joda-time\joda-time\2.10.10\joda-time-2.10.10.jar;C:\Users\amirh\.m2\repository\commons-io\commons-io\2.7\commons-io-2.7.jar;C:\Users\amirh\.m2\repository\org\codehaus\plexus\plexus-utils\3.3.0\plexus-utils-3.3.0.jar;C:\Users\amirh\.m2\repository\org\jsoup\jsoup\1.14.2\jsoup-1.14.2.jar;C:\Users\amirh\.m2\repository\com\googlecode\owasp-java-html-sanitizer\owasp-java-html-sanitizer\20211018.2\owasp-java-html-sanitizer-20211018.2.jar;C:\Users\amirh\.m2\repository\commons-configuration\commons-configuration\1.10\commons-configuration-1.10.jar;C:\Users\amirh\.m2\repository\commons-lang\commons-lang\2.6\commons-lang-2.6.jar;C:\Users\amirh\.m2\repository\mysql\mysql-connector-java\8.0.25\mysql-connector-java-8.0.25.jar;C:\Users\amirh\.m2\repository\com\google\protobuf\protobuf-java\3.11.4\protobuf-java-3.11.4.jar;C:\Users\amirh\.m2\repository\com\fasterxml\jackson\core\jackson-databind\2.13.0\jackson-databind-2.13.0.jar;C:\Users\amirh\.m2\repository\com\fasterxml\jackson\core\jackson-annotations\2.13.0\jackson-annotations-2.13.0.jar;C:\Users\amirh\.m2\repository\com\fasterxml\jackson\core\jackson-core\2.13.0\jackson-core-2.13.0.jar;"/>
    <property name="sun.cpu.endian" value="little"/>
    <property name="user.home" value="C:\Users\amirh"/>
    <property name="user.language" value="en"/>
    <property name="java.specification.vendor" value="Oracle Corporation"/>
    <property name="java.version.date" value="2021-07-20"/>
    <property name="java.home" value="C:\Program Files\Java\jdk-11.0.12"/>
    <property name="file.separator" value="\"/>
    <property name="basedir" value="C:\Users\amirh\IdeaProjects\LibraryAllInOne"/>
    <property name="java.vm.compressedOopsMode" value="Zero based"/>
    <property name="line.separator" value="&#10;"/>
    <property name="java.specification.name" value="Java Platform API Specification"/>
    <property name="java.vm.specification.vendor" value="Oracle Corporation"/>
    <property name="java.awt.graphicsenv" value="sun.awt.Win32GraphicsEnvironment"/>
    <property name="surefire.real.class.path" value="C:\Users\amirh\AppData\Local\Temp\surefire16130618095316056189\surefirebooter13186147080477134730.jar"/>
    <property name="user.script" value=""/>
    <property name="sun.management.compiler" value="HotSpot 64-Bit Tiered Compilers"/>
    <property name="java.runtime.version" value="11.0.12+8-LTS-237"/>
    <property name="user.name" value="amirh"/>
    <property name="path.separator" value=";"/>
    <property name="os.version" value="10.0"/>
    <property name="java.runtime.name" value="Java(TM) SE Runtime Environment"/>
    <property name="file.encoding" value="Cp1252"/>
    <property name="java.vm.name" value="Java HotSpot(TM) 64-Bit Server VM"/>
    <property name="java.vendor.version" value="18.9"/>
    <property name="localRepository" value="C:\Users\amirh\.m2\repository"/>
    <property name="java.vendor.url.bug" value="https://bugreport.java.com/bugreport/"/>
    <property name="java.io.tmpdir" value="C:\Users\amirh\AppData\Local\Temp\"/>
    <property name="idea.version" value="2022.3"/>
    <property name="java.version" value="11.0.12"/>
    <property name="cucumber.filter.tags" value="@ui"/>
    <property name="user.dir" value="C:\Users\amirh\IdeaProjects\LibraryAllInOne"/>
    <property name="os.arch" value="amd64"/>
    <property name="java.vm.specification.name" value="Java Virtual Machine Specification"/>
    <property name="java.awt.printerjob" value="sun.awt.windows.WPrinterJob"/>
    <property name="sun.os.patch.level" value=""/>
    <property name="java.library.path" value="C:\Program Files\Java\jdk-11.0.12\bin;C:\WINDOWS\Sun\Java\bin;C:\WINDOWS\system32;C:\WINDOWS;C:\Program Files (x86)\Razer Chroma SDK\bin;C:\Program Files\Razer Chroma SDK\bin;C:\Program Files (x86)\Razer\ChromaBroadcast\bin;C:\Program Files\Razer\ChromaBroadcast\bin;C:\Python311\Scripts\;C:\Python311\;C:\Program Files\Common Files\Oracle\Java\javapath;C:\Program Files (x86)\Intel\iCLS Client\;C:\Program Files\Intel\iCLS Client\;C:\windows\system32;C:\windows;C:\windows\System32\Wbem;C:\windows\System32\WindowsPowerShell\v1.0\;C:\Program Files (x86)\Intel\Intel(R) Management Engine Components\DAL;C:\Program Files\Intel\Intel(R) Management Engine Components\DAL;C:\Program Files (x86)\Intel\Intel(R) Management Engine Components\IPT;C:\Program Files\Intel\Intel(R) Management Engine Components\IPT;C:\Program Files (x86)\NVIDIA Corporation\PhysX\Common;C:\Program Files\Intel\WiFi\bin\;C:\Program Files\Common Files\Intel\WirelessCommon\;C:\WINDOWS\system32;C:\WINDOWS;C:\WINDOWS\System32\Wbem;C:\WINDOWS\System32\WindowsPowerShell\v1.0\;C:\WINDOWS\System32\OpenSSH\;C:\Program Files\Git\cmd;C:\Program Files\NVIDIA Corporation\NVIDIA NvDLISR;C:\Program Files\Docker\Docker\resources\bin;C:\Program Files\nodejs\;C:\ProgramData\chocolatey\bin;C:\Users\amirh\AppData\Local\Android\Sdk\tools;C:\Users\amirh\AppData\Local\Android\Sdk\platform-tools;C:\Program Files (x86)\Groovy\bin;C:\WINDOWS\system32\config\systemprofile\AppData\Local\Microsoft\WindowsApps;C:\Program Files\PuTTY\;C:\Program Files\Amazon\AWSCLIV2\;C:\Program Files\MySQL\MySQL Utilities 1.6\;C:\Program Files\MySQL\MySQL Shell 8.0\bin\;C:\Users\amirh\AppData\Local\Microsoft\WindowsApps;C:\Users\amirh\AppData\Local\Programs\Microsoft VS Code\bin;C:\Users\amirh\AppData\Roaming\npm;C:\Program Files\MySQL\MySQL Shell 8.0\bin\;C:\Users\amirh\AppData\Local\Microsoft\WindowsApps;;C:\Users\amirh\AppData\Local\Programs\Microsoft VS Code\bin;C:\Users\amirh\AppData\Roaming\npm;."/>
    <property name="java.vendor" value="Oracle Corporation"/>
    <property name="java.vm.info" value="mixed mode"/>
    <property name="java.vm.version" value="11.0.12+8-LTS-237"/>
    <property name="sun.io.unicode.encoding" value="UnicodeLittle"/>
    <property name="java.class.version" value="55.0"/>
  </properties>
  <testcase name="Decode User #1" classname=": As a user, I want to view my own user information using the API" time="30.675">
    <failure message="1 expectation failed.&#10;Expected status code &lt;200&gt; but was &lt;400&gt;.&#10;" type="java.lang.AssertionError"><![CDATA[java.lang.AssertionError: 
1 expectation failed.
Expected status code <200> but was <400>.

]]></failure>
    <system-out><![CDATA[Connecting to database...
CONNECTION SUCCESSFUL
HTTP/1.1 200 OK
Date: Mon, 31 Jul 2023 01:21:55 GMT
Server: Apache/2.4.18 (Ubuntu)
Access-Control-Allow-Origin: *
Access-Control-Expose-Headers: Content-Length, X-JSON
Access-Control-Allow-Methods: GET, POST, PATCH, PUT, DELETE, OPTIONS
Access-Control-Allow-Headers: *
Content-Length: 584
Keep-Alive: timeout=5, max=100
Connection: Keep-Alive
Content-Type: application/json; charset=utf-8

{
    "token": "eyJ0eXAiOiJKV1QiLCJhbGciOiJIUzI1NiJ9.eyJ1c2VyIjp7ImlkIjoiNTc1NyIsImZ1bGxfbmFtZSI6IlRlc3QgU3R1ZGVudCA1IiwiZW1haWwiOiJzdHVkZW50NUBsaWJyYXJ5IiwidXNlcl9ncm91cF9pZCI6IjMifSwiaWF0IjoxNjkwNzY2NTE1LCJleHAiOjE2OTMzNTg1MTV9.jQ8iDRsqopo7kkqrXUYloakVtqiUq-pQhBZr2FxJEsw",
    "redirect_uri": "//library2.cydeo.com/redirect.html?t=eyJ0eXAiOiJKV1QiLCJhbGciOiJIUzI1NiJ9.eyJ1c2VyIjp7ImlkIjoiNTc1NyIsImZ1bGxfbmFtZSI6IlRlc3QgU3R1ZGVudCA1IiwiZW1haWwiOiJzdHVkZW50NUBsaWJyYXJ5IiwidXNlcl9ncm91cF9pZCI6IjMifSwiaWF0IjoxNjkwNzY2NTE1LCJleHAiOjE2OTMzNTg1MTV9.jQ8iDRsqopo7kkqrXUYloakVtqiUq-pQhBZr2FxJEsw"
}
HTTP/1.1 400 Bad Request
Date: Mon, 31 Jul 2023 01:21:58 GMT
Server: Apache/2.4.18 (Ubuntu)
Content-Length: 319
Connection: close
Content-Type: text/html; charset=iso-8859-1

<html>
  <head>
    <title>400 Bad Request</title>
  </head>
  <body>
    <h1>Bad Request</h1>
    <p>
Your browser sent a request that this server could not understand.      <br clear="none"/>
    </p>
    <hr/>
    <address>Apache/2.4.18 (Ubuntu) Server at library.cybertekschool.com Port 443</address>
  </body>
</html>
close database connection...
]]></system-out>
    <system-err><![CDATA[Starting ChromeDriver 114.0.5735.90 (386bc09e8f4f2e025eddae123f36f6263096ae49-refs/branch-heads/5735@{#1052}) on port 35897
Only local connections are allowed.
Please see https://chromedriver.chromium.org/security-considerations for suggestions on keeping ChromeDriver safe.
ChromeDriver was started successfully.
[1690766487.469][WARNING]: This version of ChromeDriver has not been tested with Chrome version 115.
Jul 30, 2023 9:21:29 PM org.openqa.selenium.remote.ProtocolHandshake createSession
INFO: Detected dialect: W3C
]]></system-err>
  </testcase>
  <testcase name="Decode User #2" classname=": As a user, I want to view my own user information using the API" time="12.083">
    <failure message="1 expectation failed.&#10;Expected status code &lt;200&gt; but was &lt;400&gt;.&#10;" type="java.lang.AssertionError"><![CDATA[java.lang.AssertionError: 
1 expectation failed.
Expected status code <200> but was <400>.

]]></failure>
    <system-out><![CDATA[Connecting to database...
CONNECTION SUCCESSFUL
HTTP/1.1 200 OK
Date: Mon, 31 Jul 2023 01:22:14 GMT
Server: Apache/2.4.18 (Ubuntu)
Access-Control-Allow-Origin: *
Access-Control-Expose-Headers: Content-Length, X-JSON
Access-Control-Allow-Methods: GET, POST, PATCH, PUT, DELETE, OPTIONS
Access-Control-Allow-Headers: *
Content-Length: 600
Keep-Alive: timeout=5, max=100
Connection: Keep-Alive
Content-Type: application/json; charset=utf-8

{
    "token": "eyJ0eXAiOiJKV1QiLCJhbGciOiJIUzI1NiJ9.eyJ1c2VyIjp7ImlkIjoiNTgyMiIsImZ1bGxfbmFtZSI6IlRlc3QgTGlicmFyaWFuIDEwIiwiZW1haWwiOiJsaWJyYXJpYW4xMEBsaWJyYXJ5IiwidXNlcl9ncm91cF9pZCI6IjIifSwiaWF0IjoxNjkwNzY2NTM0LCJleHAiOjE2OTMzNTg1MzR9.YerXiSffzx5QzMQM_KhiUysMUdoeNstqlDnPSeAYWrU",
    "redirect_uri": "//library2.cydeo.com/redirect.html?t=eyJ0eXAiOiJKV1QiLCJhbGciOiJIUzI1NiJ9.eyJ1c2VyIjp7ImlkIjoiNTgyMiIsImZ1bGxfbmFtZSI6IlRlc3QgTGlicmFyaWFuIDEwIiwiZW1haWwiOiJsaWJyYXJpYW4xMEBsaWJyYXJ5IiwidXNlcl9ncm91cF9pZCI6IjIifSwiaWF0IjoxNjkwNzY2NTM0LCJleHAiOjE2OTMzNTg1MzR9.YerXiSffzx5QzMQM_KhiUysMUdoeNstqlDnPSeAYWrU"
}
HTTP/1.1 400 Bad Request
Date: Mon, 31 Jul 2023 01:22:14 GMT
Server: Apache/2.4.18 (Ubuntu)
Content-Length: 319
Connection: close
Content-Type: text/html; charset=iso-8859-1

<html>
  <head>
    <title>400 Bad Request</title>
  </head>
  <body>
    <h1>Bad Request</h1>
    <p>
Your browser sent a request that this server could not understand.      <br clear="none"/>
    </p>
    <hr/>
    <address>Apache/2.4.18 (Ubuntu) Server at library.cybertekschool.com Port 443</address>
  </body>
</html>
close database connection...
]]></system-out>
    <system-err><![CDATA[Starting ChromeDriver 114.0.5735.90 (386bc09e8f4f2e025eddae123f36f6263096ae49-refs/branch-heads/5735@{#1052}) on port 3732
Only local connections are allowed.
Please see https://chromedriver.chromium.org/security-considerations for suggestions on keeping ChromeDriver safe.
ChromeDriver was started successfully.
[1690766516.737][WARNING]: This version of ChromeDriver has not been tested with Chrome version 115.
Jul 30, 2023 9:21:57 PM org.openqa.selenium.remote.ProtocolHandshake createSession
INFO: Detected dialect: W3C
]]></system-err>
  </testcase>
  <testcase name="Decode User #3" classname=": As a user, I want to view my own user information using the API" time="7.579">
    <failure message="1 expectation failed.&#10;Expected status code &lt;200&gt; but was &lt;400&gt;.&#10;" type="java.lang.AssertionError"><![CDATA[java.lang.AssertionError: 
1 expectation failed.
Expected status code <200> but was <400>.

]]></failure>
    <system-out><![CDATA[Connecting to database...
CONNECTION SUCCESSFUL
HTTP/1.1 200 OK
Date: Mon, 31 Jul 2023 01:22:23 GMT
Server: Apache/2.4.18 (Ubuntu)
Access-Control-Allow-Origin: *
Access-Control-Expose-Headers: Content-Length, X-JSON
Access-Control-Allow-Methods: GET, POST, PATCH, PUT, DELETE, OPTIONS
Access-Control-Allow-Headers: *
Content-Length: 590
Keep-Alive: timeout=5, max=100
Connection: Keep-Alive
Content-Type: application/json; charset=utf-8

{
    "token": "eyJ0eXAiOiJKV1QiLCJhbGciOiJIUzI1NiJ9.eyJ1c2VyIjp7ImlkIjoiNTc2MiIsImZ1bGxfbmFtZSI6IlRlc3QgU3R1ZGVudCAxMCIsImVtYWlsIjoic3R1ZGVudDEwQGxpYnJhcnkiLCJ1c2VyX2dyb3VwX2lkIjoiMyJ9LCJpYXQiOjE2OTA3NjY1NDMsImV4cCI6MTY5MzM1ODU0M30.21ENXk8PVzM5Tfidd0Mc079IoAieQtsiAkaBLDPUzFU",
    "redirect_uri": "//library2.cydeo.com/redirect.html?t=eyJ0eXAiOiJKV1QiLCJhbGciOiJIUzI1NiJ9.eyJ1c2VyIjp7ImlkIjoiNTc2MiIsImZ1bGxfbmFtZSI6IlRlc3QgU3R1ZGVudCAxMCIsImVtYWlsIjoic3R1ZGVudDEwQGxpYnJhcnkiLCJ1c2VyX2dyb3VwX2lkIjoiMyJ9LCJpYXQiOjE2OTA3NjY1NDMsImV4cCI6MTY5MzM1ODU0M30.21ENXk8PVzM5Tfidd0Mc079IoAieQtsiAkaBLDPUzFU"
}
HTTP/1.1 400 Bad Request
Date: Mon, 31 Jul 2023 01:22:23 GMT
Server: Apache/2.4.18 (Ubuntu)
Content-Length: 319
Connection: close
Content-Type: text/html; charset=iso-8859-1

<html>
  <head>
    <title>400 Bad Request</title>
  </head>
  <body>
    <h1>Bad Request</h1>
    <p>
Your browser sent a request that this server could not understand.      <br clear="none"/>
    </p>
    <hr/>
    <address>Apache/2.4.18 (Ubuntu) Server at library.cybertekschool.com Port 443</address>
  </body>
</html>
close database connection...
]]></system-out>
    <system-err><![CDATA[Starting ChromeDriver 114.0.5735.90 (386bc09e8f4f2e025eddae123f36f6263096ae49-refs/branch-heads/5735@{#1052}) on port 33643
Only local connections are allowed.
Please see https://chromedriver.chromium.org/security-considerations for suggestions on keeping ChromeDriver safe.
ChromeDriver was started successfully.
[1690766527.218][WARNING]: This version of ChromeDriver has not been tested with Chrome version 115.
Jul 30, 2023 9:22:07 PM org.openqa.selenium.remote.ProtocolHandshake createSession
INFO: Detected dialect: W3C
]]></system-err>
  </testcase>
  <testcase name="Decode User #4" classname=": As a user, I want to view my own user information using the API" time="7.283">
    <failure message="1 expectation failed.&#10;Expected status code &lt;200&gt; but was &lt;400&gt;.&#10;" type="java.lang.AssertionError"><![CDATA[java.lang.AssertionError: 
1 expectation failed.
Expected status code <200> but was <400>.

]]></failure>
    <system-out><![CDATA[Connecting to database...
CONNECTION SUCCESSFUL
HTTP/1.1 200 OK
Date: Mon, 31 Jul 2023 01:22:30 GMT
Server: Apache/2.4.18 (Ubuntu)
Access-Control-Allow-Origin: *
Access-Control-Expose-Headers: Content-Length, X-JSON
Access-Control-Allow-Methods: GET, POST, PATCH, PUT, DELETE, OPTIONS
Access-Control-Allow-Headers: *
Content-Length: 600
Keep-Alive: timeout=5, max=100
Connection: Keep-Alive
Content-Type: application/json; charset=utf-8

{
    "token": "eyJ0eXAiOiJKV1QiLCJhbGciOiJIUzI1NiJ9.eyJ1c2VyIjp7ImlkIjoiNTgyNSIsImZ1bGxfbmFtZSI6IlRlc3QgTGlicmFyaWFuIDEzIiwiZW1haWwiOiJsaWJyYXJpYW4xM0BsaWJyYXJ5IiwidXNlcl9ncm91cF9pZCI6IjIifSwiaWF0IjoxNjkwNzY2NTUwLCJleHAiOjE2OTMzNTg1NTB9.P3SCQURtViuCb4hiLnn7ZwrxOof8oxpQ1t1UIzIhrxU",
    "redirect_uri": "//library2.cydeo.com/redirect.html?t=eyJ0eXAiOiJKV1QiLCJhbGciOiJIUzI1NiJ9.eyJ1c2VyIjp7ImlkIjoiNTgyNSIsImZ1bGxfbmFtZSI6IlRlc3QgTGlicmFyaWFuIDEzIiwiZW1haWwiOiJsaWJyYXJpYW4xM0BsaWJyYXJ5IiwidXNlcl9ncm91cF9pZCI6IjIifSwiaWF0IjoxNjkwNzY2NTUwLCJleHAiOjE2OTMzNTg1NTB9.P3SCQURtViuCb4hiLnn7ZwrxOof8oxpQ1t1UIzIhrxU"
}
HTTP/1.1 400 Bad Request
Date: Mon, 31 Jul 2023 01:22:31 GMT
Server: Apache/2.4.18 (Ubuntu)
Content-Length: 319
Connection: close
Content-Type: text/html; charset=iso-8859-1

<html>
  <head>
    <title>400 Bad Request</title>
  </head>
  <body>
    <h1>Bad Request</h1>
    <p>
Your browser sent a request that this server could not understand.      <br clear="none"/>
    </p>
    <hr/>
    <address>Apache/2.4.18 (Ubuntu) Server at library.cybertekschool.com Port 443</address>
  </body>
</html>
close database connection...
]]></system-out>
    <system-err><![CDATA[Starting ChromeDriver 114.0.5735.90 (386bc09e8f4f2e025eddae123f36f6263096ae49-refs/branch-heads/5735@{#1052}) on port 15584
Only local connections are allowed.
Please see https://chromedriver.chromium.org/security-considerations for suggestions on keeping ChromeDriver safe.
ChromeDriver was started successfully.
[1690766534.146][WARNING]: This version of ChromeDriver has not been tested with Chrome version 115.
Jul 30, 2023 9:22:14 PM org.openqa.selenium.remote.ProtocolHandshake createSession
INFO: Detected dialect: W3C
]]></system-err>
  </testcase>
</testsuite>